{"/home/hobson007breno/Documentos/projetos/SGL/backend/src/app.controller.ts": {"path":"/home/hobson007breno/Documentos/projetos/SGL/backend/src/app.controller.ts","statementMap":{"0":{"start":{"line":1,"column":0},"end":{"line":1,"column":49}},"1":{"start":{"line":2,"column":0},"end":{"line":2,"column":43}},"2":{"start":{"line":5,"column":7},"end":{"line":12,"column":null}},"3":{"start":{"line":6,"column":31},"end":{"line":6,"column":43}},"4":{"start":{"line":10,"column":4},"end":{"line":10,"column":38}},"5":{"start":{"line":5,"column":13},"end":{"line":5,"column":26}},"6":{"start":{"line":9,"column":2},"end":{"line":11,"column":null}},"7":{"start":{"line":5,"column":13},"end":{"line":12,"column":null}}},"fnMap":{"0":{"name":"(anonymous_2)","decl":{"start":{"line":6,"column":2},"end":{"line":6,"column":31}},"loc":{"start":{"line":6,"column":53},"end":{"line":6,"column":57}}},"1":{"name":"(anonymous_3)","decl":{"start":{"line":9,"column":2},"end":{"line":9,"column":10}},"loc":{"start":{"line":9,"column":10},"end":{"line":11,"column":3}}}},"branchMap":{"0":{"loc":{"start":{"line":6,"column":43},"end":{"line":6,"column":56}},"type":"cond-expr","locations":[{"start":{"line":6,"column":53},"end":{"line":6,"column":56}},{"start":{"line":6,"column":53},"end":{"line":6,"column":56}}]},"1":{"loc":{"start":{"line":6,"column":43},"end":{"line":6,"column":53}},"type":"binary-expr","locations":[{"start":{"line":6,"column":43},"end":{"line":6,"column":56}},{"start":{"line":6,"column":43},"end":{"line":6,"column":53}}]}},"s":{"0":0,"1":0,"2":0,"3":0,"4":0,"5":0,"6":0,"7":0},"f":{"0":0,"1":0},"b":{"0":[0,0],"1":[0,0]}}
,"/home/hobson007breno/Documentos/projetos/SGL/backend/src/app.module.ts": {"path":"/home/hobson007breno/Documentos/projetos/SGL/backend/src/app.module.ts","statementMap":{"0":{"start":{"line":1,"column":0},"end":{"line":1,"column":40}},"1":{"start":{"line":2,"column":0},"end":{"line":2,"column":50}},"2":{"start":{"line":3,"column":0},"end":{"line":3,"column":43}},"3":{"start":{"line":4,"column":0},"end":{"line":4,"column":50}},"4":{"start":{"line":5,"column":0},"end":{"line":5,"column":49}},"5":{"start":{"line":6,"column":0},"end":{"line":6,"column":43}},"6":{"start":{"line":7,"column":0},"end":{"line":7,"column":48}},"7":{"start":{"line":8,"column":0},"end":{"line":8,"column":71}},"8":{"start":{"line":9,"column":0},"end":{"line":9,"column":66}},"9":{"start":{"line":10,"column":0},"end":{"line":10,"column":72}},"10":{"start":{"line":11,"column":0},"end":{"line":11,"column":45}},"11":{"start":{"line":12,"column":0},"end":{"line":12,"column":63}},"12":{"start":{"line":13,"column":0},"end":{"line":13,"column":57}},"13":{"start":{"line":14,"column":0},"end":{"line":14,"column":51}},"14":{"start":{"line":15,"column":0},"end":{"line":15,"column":57}},"15":{"start":{"line":16,"column":0},"end":{"line":16,"column":60}},"16":{"start":{"line":17,"column":0},"end":{"line":17,"column":72}},"17":{"start":{"line":18,"column":0},"end":{"line":18,"column":54}},"18":{"start":{"line":19,"column":0},"end":{"line":19,"column":66}},"19":{"start":{"line":20,"column":0},"end":{"line":20,"column":80}},"20":{"start":{"line":21,"column":0},"end":{"line":21,"column":75}},"21":{"start":{"line":22,"column":0},"end":{"line":22,"column":59}},"22":{"start":{"line":23,"column":0},"end":{"line":23,"column":91}},"23":{"start":{"line":24,"column":0},"end":{"line":24,"column":63}},"24":{"start":{"line":71,"column":7},"end":{"line":71,"column":null}},"25":{"start":{"line":71,"column":13},"end":{"line":71,"column":22}},"26":{"start":{"line":71,"column":13},"end":{"line":71,"column":null}},"27":{"start":{"line":35,"column":28},"end":{"line":37,"column":10}},"28":{"start":{"line":39,"column":25},"end":{"line":39,"column":61}},"29":{"start":{"line":40,"column":25},"end":{"line":40,"column":55}}},"fnMap":{"0":{"name":"(anonymous_1)","decl":{"start":{"line":35,"column":21},"end":{"line":35,"column":24}},"loc":{"start":{"line":35,"column":28},"end":{"line":37,"column":10}}},"1":{"name":"(anonymous_2)","decl":{"start":{"line":39,"column":15},"end":{"line":39,"column":16}},"loc":{"start":{"line":39,"column":25},"end":{"line":39,"column":61}}},"2":{"name":"(anonymous_3)","decl":{"start":{"line":40,"column":15},"end":{"line":40,"column":16}},"loc":{"start":{"line":40,"column":25},"end":{"line":40,"column":55}}}},"branchMap":{"0":{"loc":{"start":{"line":31,"column":10},"end":{"line":33,"column":23}},"type":"cond-expr","locations":[{"start":{"line":32,"column":14},"end":{"line":32,"column":68}},{"start":{"line":33,"column":14},"end":{"line":33,"column":23}}]},"1":{"loc":{"start":{"line":34,"column":15},"end":{"line":34,"column":71}},"type":"cond-expr","locations":[{"start":{"line":34,"column":55},"end":{"line":34,"column":61}},{"start":{"line":34,"column":64},"end":{"line":34,"column":71}}]},"2":{"loc":{"start":{"line":45,"column":6},"end":{"line":45,"column":65}},"type":"binary-expr","locations":[{"start":{"line":45,"column":6},"end":{"line":45,"column":27}},{"start":{"line":45,"column":31},"end":{"line":45,"column":65}}]}},"s":{"0":0,"1":0,"2":0,"3":0,"4":0,"5":0,"6":0,"7":0,"8":0,"9":0,"10":0,"11":0,"12":0,"13":0,"14":0,"15":0,"16":0,"17":0,"18":0,"19":0,"20":0,"21":0,"22":0,"23":0,"24":0,"25":0,"26":0,"27":0,"28":0,"29":0},"f":{"0":0,"1":0,"2":0},"b":{"0":[0,0],"1":[0,0],"2":[0,0]}}
,"/home/hobson007breno/Documentos/projetos/SGL/backend/src/app.service.ts": {"path":"/home/hobson007breno/Documentos/projetos/SGL/backend/src/app.service.ts","statementMap":{"0":{"start":{"line":1,"column":0},"end":{"line":1,"column":44}},"1":{"start":{"line":4,"column":7},"end":{"line":8,"column":null}},"2":{"start":{"line":6,"column":4},"end":{"line":6,"column":26}},"3":{"start":{"line":4,"column":13},"end":{"line":4,"column":23}},"4":{"start":{"line":4,"column":13},"end":{"line":8,"column":null}}},"fnMap":{"0":{"name":"(anonymous_1)","decl":{"start":{"line":5,"column":2},"end":{"line":5,"column":10}},"loc":{"start":{"line":5,"column":10},"end":{"line":7,"column":3}}}},"branchMap":{},"s":{"0":0,"1":0,"2":0,"3":0,"4":0},"f":{"0":0},"b":{}}
,"/home/hobson007breno/Documentos/projetos/SGL/backend/src/main.ts": {"path":"/home/hobson007breno/Documentos/projetos/SGL/backend/src/main.ts","statementMap":{"0":{"start":{"line":1,"column":0},"end":{"line":1,"column":43}},"1":{"start":{"line":2,"column":0},"end":{"line":2,"column":41}},"2":{"start":{"line":3,"column":0},"end":{"line":3,"column":65}},"3":{"start":{"line":5,"column":0},"end":{"line":5,"column":43}},"4":{"start":{"line":7,"column":0},"end":{"line":7,"column":80}},"5":{"start":{"line":10,"column":14},"end":{"line":10,"column":71}},"6":{"start":{"line":11,"column":2},"end":{"line":11,"column":48}},"7":{"start":{"line":12,"column":2},"end":{"line":12,"column":19}},"8":{"start":{"line":14,"column":2},"end":{"line":14,"column":35}},"9":{"start":{"line":15,"column":2},"end":{"line":15,"column":57}},"10":{"start":{"line":17,"column":17},"end":{"line":21,"column":12}},"11":{"start":{"line":22,"column":19},"end":{"line":22,"column":60}},"12":{"start":{"line":23,"column":2},"end":{"line":23,"column":49}},"13":{"start":{"line":25,"column":2},"end":{"line":25,"column":56}},"14":{"start":{"line":27,"column":0},"end":{"line":27,"column":33}}},"fnMap":{"0":{"name":"bootstrap","decl":{"start":{"line":9,"column":15},"end":{"line":9,"column":24}},"loc":{"start":{"line":9,"column":24},"end":{"line":26,"column":1}}}},"branchMap":{"0":{"loc":{"start":{"line":25,"column":19},"end":{"line":25,"column":43}},"type":"binary-expr","locations":[{"start":{"line":25,"column":19},"end":{"line":25,"column":35}},{"start":{"line":25,"column":39},"end":{"line":25,"column":43}}]}},"s":{"0":0,"1":0,"2":0,"3":0,"4":0,"5":0,"6":0,"7":0,"8":0,"9":0,"10":0,"11":0,"12":0,"13":0,"14":0},"f":{"0":0},"b":{"0":[0,0]}}
,"/home/hobson007breno/Documentos/projetos/SGL/backend/src/bot/bot-execucao.schema.ts": {"path":"/home/hobson007breno/Documentos/projetos/SGL/backend/src/bot/bot-execucao.schema.ts","statementMap":{"0":{"start":{"line":1,"column":0},"end":{"line":1,"column":63}},"1":{"start":{"line":2,"column":0},"end":{"line":2,"column":54}},"2":{"start":{"line":7,"column":7},"end":{"line":22,"column":null}},"3":{"start":{"line":7,"column":13},"end":{"line":7,"column":24}},"4":{"start":{"line":9,"column":2},"end":{"line":9,"column":null}},"5":{"start":{"line":12,"column":2},"end":{"line":12,"column":null}},"6":{"start":{"line":15,"column":2},"end":{"line":15,"column":null}},"7":{"start":{"line":18,"column":2},"end":{"line":18,"column":null}},"8":{"start":{"line":21,"column":2},"end":{"line":21,"column":null}},"9":{"start":{"line":7,"column":13},"end":{"line":22,"column":null}},"10":{"start":{"line":24,"column":13},"end":{"line":24,"column":75}}},"fnMap":{},"branchMap":{"0":{"loc":{"start":{"line":9,"column":16},"end":{"line":9,"column":21}},"type":"cond-expr","locations":[{"start":{"line":9,"column":20},"end":{"line":9,"column":21}},{"start":{"line":9,"column":20},"end":{"line":9,"column":21}}]},"1":{"loc":{"start":{"line":9,"column":16},"end":{"line":9,"column":20}},"type":"binary-expr","locations":[{"start":{"line":9,"column":16},"end":{"line":9,"column":21}},{"start":{"line":9,"column":16},"end":{"line":9,"column":20}}]},"2":{"loc":{"start":{"line":12,"column":17},"end":{"line":12,"column":41}},"type":"cond-expr","locations":[{"start":{"line":12,"column":40},"end":{"line":12,"column":41}},{"start":{"line":12,"column":40},"end":{"line":12,"column":41}}]},"3":{"loc":{"start":{"line":12,"column":17},"end":{"line":12,"column":40}},"type":"binary-expr","locations":[{"start":{"line":12,"column":17},"end":{"line":12,"column":26}},{"start":{"line":12,"column":25},"end":{"line":12,"column":32}},{"start":{"line":12,"column":31},"end":{"line":12,"column":40}}]}},"s":{"0":0,"1":0,"2":0,"3":0,"4":0,"5":0,"6":0,"7":0,"8":0,"9":0,"10":0},"f":{},"b":{"0":[0,0],"1":[0,0],"2":[0,0],"3":[0,0,0]}}
,"/home/hobson007breno/Documentos/projetos/SGL/backend/src/bot/bot.controller.ts": {"path":"/home/hobson007breno/Documentos/projetos/SGL/backend/src/bot/bot.controller.ts","statementMap":{"0":{"start":{"line":1,"column":0},"end":{"line":1,"column":62}},"1":{"start":{"line":2,"column":0},"end":{"line":2,"column":69}},"2":{"start":{"line":3,"column":0},"end":{"line":3,"column":43}},"3":{"start":{"line":4,"column":0},"end":{"line":4,"column":47}},"4":{"start":{"line":5,"column":0},"end":{"line":5,"column":33}},"5":{"start":{"line":6,"column":0},"end":{"line":6,"column":73}},"6":{"start":{"line":10,"column":7},"end":{"line":35,"column":null}},"7":{"start":{"line":12,"column":21},"end":{"line":12,"column":33}},"8":{"start":{"line":14,"column":12},"end":{"line":14,"column":30}},"9":{"start":{"line":21,"column":4},"end":{"line":21,"column":49}},"10":{"start":{"line":28,"column":4},"end":{"line":33,"column":14}},"11":{"start":{"line":10,"column":13},"end":{"line":10,"column":26}},"12":{"start":{"line":20,"column":8},"end":{"line":22,"column":null}},"13":{"start":{"line":27,"column":8},"end":{"line":34,"column":null}},"14":{"start":{"line":10,"column":13},"end":{"line":35,"column":null}}},"fnMap":{"0":{"name":"(anonymous_4)","decl":{"start":{"line":11,"column":2},"end":{"line":11,"column":null}},"loc":{"start":{"line":14,"column":56},"end":{"line":15,"column":6}}},"1":{"name":"(anonymous_5)","decl":{"start":{"line":20,"column":8},"end":{"line":20,"column":14}},"loc":{"start":{"line":20,"column":14},"end":{"line":22,"column":3}}},"2":{"name":"(anonymous_6)","decl":{"start":{"line":27,"column":8},"end":{"line":27,"column":20}},"loc":{"start":{"line":27,"column":72},"end":{"line":34,"column":3}}}},"branchMap":{"0":{"loc":{"start":{"line":27,"column":37},"end":{"line":27,"column":47}},"type":"default-arg","locations":[{"start":{"line":27,"column":45},"end":{"line":27,"column":47}}]},"1":{"loc":{"start":{"line":27,"column":64},"end":{"line":27,"column":72}},"type":"default-arg","locations":[{"start":{"line":27,"column":71},"end":{"line":27,"column":72}}]},"2":{"loc":{"start":{"line":12,"column":33},"end":{"line":12,"column":null}},"type":"cond-expr","locations":[{"start":{"line":12,"column":43},"end":{"line":12,"column":null}},{"start":{"line":12,"column":43},"end":{"line":12,"column":null}}]},"3":{"loc":{"start":{"line":12,"column":33},"end":{"line":12,"column":43}},"type":"binary-expr","locations":[{"start":{"line":12,"column":33},"end":{"line":12,"column":null}},{"start":{"line":12,"column":33},"end":{"line":12,"column":43}}]},"4":{"loc":{"start":{"line":12,"column":43},"end":{"line":14,"column":56}},"type":"cond-expr","locations":[{"start":{"line":14,"column":35},"end":{"line":14,"column":56}},{"start":{"line":14,"column":35},"end":{"line":14,"column":56}}]},"5":{"loc":{"start":{"line":12,"column":43},"end":{"line":14,"column":35}},"type":"binary-expr","locations":[{"start":{"line":12,"column":43},"end":{"line":14,"column":56}},{"start":{"line":14,"column":30},"end":{"line":14,"column":35}}]}},"s":{"0":0,"1":0,"2":0,"3":0,"4":0,"5":0,"6":0,"7":0,"8":0,"9":0,"10":0,"11":0,"12":0,"13":0,"14":0},"f":{"0":0,"1":0,"2":0},"b":{"0":[0],"1":[0],"2":[0,0],"3":[0,0],"4":[0,0],"5":[0,0]}}
,"/home/hobson007breno/Documentos/projetos/SGL/backend/src/bot/bot.module.ts": {"path":"/home/hobson007breno/Documentos/projetos/SGL/backend/src/bot/bot.module.ts","statementMap":{"0":{"start":{"line":1,"column":0},"end":{"line":1,"column":52}},"1":{"start":{"line":2,"column":0},"end":{"line":2,"column":50}},"2":{"start":{"line":3,"column":0},"end":{"line":3,"column":43}},"3":{"start":{"line":4,"column":0},"end":{"line":4,"column":49}},"4":{"start":{"line":5,"column":0},"end":{"line":5,"column":71}},"5":{"start":{"line":6,"column":0},"end":{"line":6,"column":49}},"6":{"start":{"line":7,"column":0},"end":{"line":7,"column":72}},"7":{"start":{"line":8,"column":0},"end":{"line":8,"column":67}},"8":{"start":{"line":9,"column":0},"end":{"line":9,"column":73}},"9":{"start":{"line":10,"column":0},"end":{"line":10,"column":52}},"10":{"start":{"line":11,"column":0},"end":{"line":11,"column":58}},"11":{"start":{"line":12,"column":0},"end":{"line":12,"column":73}},"12":{"start":{"line":13,"column":0},"end":{"line":13,"column":76}},"13":{"start":{"line":33,"column":7},"end":{"line":33,"column":null}},"14":{"start":{"line":33,"column":13},"end":{"line":33,"column":22}},"15":{"start":{"line":33,"column":13},"end":{"line":33,"column":null}},"16":{"start":{"line":26,"column":21},"end":{"line":26,"column":39}}},"fnMap":{"0":{"name":"(anonymous_1)","decl":{"start":{"line":26,"column":15},"end":{"line":26,"column":18}},"loc":{"start":{"line":26,"column":21},"end":{"line":26,"column":39}}}},"branchMap":{},"s":{"0":0,"1":0,"2":0,"3":0,"4":0,"5":0,"6":0,"7":0,"8":0,"9":0,"10":0,"11":0,"12":0,"13":0,"14":0,"15":0,"16":0},"f":{"0":0},"b":{}}
,"/home/hobson007breno/Documentos/projetos/SGL/backend/src/bot/bot.service.ts": {"path":"/home/hobson007breno/Documentos/projetos/SGL/backend/src/bot/bot.service.ts","statementMap":{"0":{"start":{"line":1,"column":0},"end":{"line":1,"column":null}},"1":{"start":{"line":8,"column":0},"end":{"line":8,"column":53}},"2":{"start":{"line":9,"column":0},"end":{"line":9,"column":31}},"3":{"start":{"line":10,"column":0},"end":{"line":10,"column":47}},"4":{"start":{"line":11,"column":0},"end":{"line":11,"column":33}},"5":{"start":{"line":12,"column":0},"end":{"line":12,"column":73}},"6":{"start":{"line":13,"column":0},"end":{"line":13,"column":null}},"7":{"start":{"line":17,"column":0},"end":{"line":17,"column":null}},"8":{"start":{"line":21,"column":0},"end":{"line":21,"column":61}},"9":{"start":{"line":22,"column":0},"end":{"line":22,"column":69}},"10":{"start":{"line":23,"column":0},"end":{"line":23,"column":85}},"11":{"start":{"line":24,"column":0},"end":{"line":24,"column":64}},"12":{"start":{"line":25,"column":0},"end":{"line":25,"column":75}},"13":{"start":{"line":26,"column":0},"end":{"line":26,"column":57}},"14":{"start":{"line":27,"column":0},"end":{"line":27,"column":88}},"15":{"start":{"line":28,"column":0},"end":{"line":28,"column":82}},"16":{"start":{"line":29,"column":0},"end":{"line":29,"column":75}},"17":{"start":{"line":32,"column":23},"end":{"line":372,"column":null}},"18":{"start":{"line":33,"column":28},"end":{"line":33,"column":55}},"19":{"start":{"line":34,"column":23},"end":{"line":34,"column":28}},"20":{"start":{"line":38,"column":12},"end":{"line":38,"column":30}},"21":{"start":{"line":40,"column":12},"end":{"line":40,"column":30}},"22":{"start":{"line":42,"column":12},"end":{"line":42,"column":31}},"23":{"start":{"line":43,"column":37},"end":{"line":43,"column":49}},"24":{"start":{"line":44,"column":39},"end":{"line":44,"column":53}},"25":{"start":{"line":45,"column":21},"end":{"line":45,"column":40}},"26":{"start":{"line":46,"column":12},"end":{"line":46,"column":31}},"27":{"start":{"line":48,"column":12},"end":{"line":48,"column":27}},"28":{"start":{"line":49,"column":12},"end":{"line":49,"column":27}},"29":{"start":{"line":50,"column":21},"end":{"line":50,"column":40}},"30":{"start":{"line":51,"column":21},"end":{"line":51,"column":39}},"31":{"start":{"line":52,"column":21},"end":{"line":52,"column":42}},"32":{"start":{"line":56,"column":19},"end":{"line":56,"column":61}},"33":{"start":{"line":58,"column":6},"end":{"line":60,"column":37}},"34":{"start":{"line":63,"column":4},"end":{"line":63,"column":50}},"35":{"start":{"line":66,"column":4},"end":{"line":96,"column":14}},"36":{"start":{"line":67,"column":6},"end":{"line":95,"column":11}},"37":{"start":{"line":68,"column":8},"end":{"line":94,"column":9}},"38":{"start":{"line":69,"column":27},"end":{"line":69,"column":37}},"39":{"start":{"line":70,"column":27},"end":{"line":70,"column":153}},"40":{"start":{"line":72,"column":32},"end":{"line":72,"column":74}},"41":{"start":{"line":73,"column":10},"end":{"line":85,"column":11}},"42":{"start":{"line":77,"column":12},"end":{"line":79,"column":14}},"43":{"start":{"line":80,"column":12},"end":{"line":80,"column":49}},"44":{"start":{"line":82,"column":12},"end":{"line":84,"column":14}},"45":{"start":{"line":87,"column":25},"end":{"line":87,"column":73}},"46":{"start":{"line":88,"column":10},"end":{"line":88,"column":70}},"47":{"start":{"line":89,"column":10},"end":{"line":93,"column":12}},"48":{"start":{"line":101,"column":4},"end":{"line":103,"column":5}},"49":{"start":{"line":102,"column":6},"end":{"line":102,"column":61}},"50":{"start":{"line":106,"column":17},"end":{"line":106,"column":53}},"51":{"start":{"line":107,"column":4},"end":{"line":111,"column":7}},"52":{"start":{"line":108,"column":6},"end":{"line":110,"column":7}},"53":{"start":{"line":109,"column":8},"end":{"line":109,"column":50}},"54":{"start":{"line":113,"column":4},"end":{"line":128,"column":7}},"55":{"start":{"line":114,"column":22},"end":{"line":114,"column":47}},"56":{"start":{"line":115,"column":29},"end":{"line":115,"column":47}},"57":{"start":{"line":116,"column":29},"end":{"line":116,"column":54}},"58":{"start":{"line":118,"column":18},"end":{"line":121,"column":8}},"59":{"start":{"line":119,"column":8},"end":{"line":119,"column":59}},"60":{"start":{"line":120,"column":8},"end":{"line":120,"column":45}},"61":{"start":{"line":123,"column":6},"end":{"line":123,"column":54}},"62":{"start":{"line":124,"column":6},"end":{"line":124,"column":18}},"63":{"start":{"line":125,"column":6},"end":{"line":127,"column":8}},"64":{"start":{"line":132,"column":4},"end":{"line":135,"column":5}},"65":{"start":{"line":133,"column":6},"end":{"line":133,"column":78}},"66":{"start":{"line":134,"column":6},"end":{"line":134,"column":53}},"67":{"start":{"line":137,"column":4},"end":{"line":137,"column":27}},"68":{"start":{"line":138,"column":4},"end":{"line":138,"column":45}},"69":{"start":{"line":139,"column":4},"end":{"line":366,"column":5}},"70":{"start":{"line":140,"column":21},"end":{"line":140,"column":70}},"71":{"start":{"line":142,"column":25},"end":{"line":142,"column":27}},"72":{"start":{"line":144,"column":6},"end":{"line":351,"column":7}},"73":{"start":{"line":145,"column":8},"end":{"line":145,"column":61}},"74":{"start":{"line":146,"column":31},"end":{"line":146,"column":32}},"75":{"start":{"line":147,"column":25},"end":{"line":147,"column":26}},"76":{"start":{"line":148,"column":22},"end":{"line":148,"column":24}},"77":{"start":{"line":150,"column":30},"end":{"line":150,"column":40}},"78":{"start":{"line":152,"column":22},"end":{"line":152,"column":49}},"79":{"start":{"line":153,"column":20},"end":{"line":153,"column":73}},"80":{"start":{"line":154,"column":20},"end":{"line":154,"column":68}},"81":{"start":{"line":155,"column":26},"end":{"line":155,"column":48}},"82":{"start":{"line":158,"column":32},"end":{"line":158,"column":42}},"83":{"start":{"line":159,"column":8},"end":{"line":159,"column":64}},"84":{"start":{"line":160,"column":22},"end":{"line":160,"column":51}},"85":{"start":{"line":161,"column":20},"end":{"line":161,"column":75}},"86":{"start":{"line":162,"column":20},"end":{"line":162,"column":70}},"87":{"start":{"line":163,"column":28},"end":{"line":163,"column":50}},"88":{"start":{"line":165,"column":8},"end":{"line":342,"column":9}},"89":{"start":{"line":166,"column":10},"end":{"line":341,"column":11}},"90":{"start":{"line":168,"column":14},"end":{"line":176,"column":16}},"91":{"start":{"line":178,"column":12},"end":{"line":325,"column":13}},"92":{"start":{"line":179,"column":14},"end":{"line":324,"column":15}},"93":{"start":{"line":181,"column":16},"end":{"line":186,"column":17}},"94":{"start":{"line":182,"column":31},"end":{"line":182,"column":59}},"95":{"start":{"line":183,"column":18},"end":{"line":185,"column":19}},"96":{"start":{"line":184,"column":20},"end":{"line":184,"column":29}},"97":{"start":{"line":188,"column":16},"end":{"line":193,"column":17}},"98":{"start":{"line":189,"column":31},"end":{"line":189,"column":54}},"99":{"start":{"line":190,"column":18},"end":{"line":192,"column":19}},"100":{"start":{"line":191,"column":20},"end":{"line":191,"column":29}},"101":{"start":{"line":195,"column":16},"end":{"line":200,"column":17}},"102":{"start":{"line":196,"column":31},"end":{"line":196,"column":62}},"103":{"start":{"line":197,"column":18},"end":{"line":199,"column":19}},"104":{"start":{"line":198,"column":20},"end":{"line":198,"column":29}},"105":{"start":{"line":201,"column":30},"end":{"line":201,"column":58}},"106":{"start":{"line":204,"column":41},"end":{"line":208,"column":18}},"107":{"start":{"line":210,"column":36},"end":{"line":210,"column":51}},"108":{"start":{"line":211,"column":16},"end":{"line":219,"column":17}},"109":{"start":{"line":212,"column":38},"end":{"line":213,"column":null}},"110":{"start":{"line":213,"column":20},"end":{"line":213,"column":71}},"111":{"start":{"line":215,"column":18},"end":{"line":218,"column":19}},"112":{"start":{"line":217,"column":20},"end":{"line":217,"column":29}},"113":{"start":{"line":222,"column":16},"end":{"line":271,"column":17}},"114":{"start":{"line":223,"column":37},"end":{"line":228,"column":29}},"115":{"start":{"line":224,"column":20},"end":{"line":228,"column":29}},"116":{"start":{"line":229,"column":39},"end":{"line":229,"column":69}},"117":{"start":{"line":231,"column":30},"end":{"line":234,"column":20}},"118":{"start":{"line":232,"column":36},"end":{"line":232,"column":49}},"119":{"start":{"line":233,"column":20},"end":{"line":233,"column":80}},"120":{"start":{"line":237,"column":18},"end":{"line":268,"column":19}},"121":{"start":{"line":238,"column":20},"end":{"line":267,"column":21}},"122":{"start":{"line":240,"column":24},"end":{"line":241,"column":null}},"123":{"start":{"line":243,"column":22},"end":{"line":253,"column":25}},"124":{"start":{"line":244,"column":41},"end":{"line":245,"column":null}},"125":{"start":{"line":247,"column":24},"end":{"line":252,"column":27}},"126":{"start":{"line":248,"column":42},"end":{"line":248,"column":55}},"127":{"start":{"line":249,"column":26},"end":{"line":251,"column":28}},"128":{"start":{"line":258,"column":24},"end":{"line":258,"column":72}},"129":{"start":{"line":259,"column":22},"end":{"line":261,"column":24}},"130":{"start":{"line":262,"column":22},"end":{"line":265,"column":24}},"131":{"start":{"line":270,"column":18},"end":{"line":270,"column":39}},"132":{"start":{"line":270,"column":30},"end":{"line":270,"column":39}},"133":{"start":{"line":273,"column":16},"end":{"line":273,"column":35}},"134":{"start":{"line":276,"column":31},"end":{"line":278,"column":18}},"135":{"start":{"line":280,"column":16},"end":{"line":296,"column":17}},"136":{"start":{"line":281,"column":34},"end":{"line":281,"column":76}},"137":{"start":{"line":282,"column":18},"end":{"line":282,"column":75}},"138":{"start":{"line":283,"column":18},"end":{"line":283,"column":31}},"139":{"start":{"line":285,"column":18},"end":{"line":295,"column":20}},"140":{"start":{"line":299,"column":16},"end":{"line":310,"column":17}},"141":{"start":{"line":300,"column":38},"end":{"line":302,"column":20}},"142":{"start":{"line":303,"column":18},"end":{"line":309,"column":19}},"143":{"start":{"line":304,"column":20},"end":{"line":308,"column":23}},"144":{"start":{"line":312,"column":36},"end":{"line":312,"column":77}},"145":{"start":{"line":313,"column":16},"end":{"line":322,"column":19}},"146":{"start":{"line":323,"column":16},"end":{"line":323,"column":25}},"147":{"start":{"line":327,"column":27},"end":{"line":327,"column":75}},"148":{"start":{"line":328,"column":12},"end":{"line":330,"column":14}},"149":{"start":{"line":331,"column":12},"end":{"line":335,"column":14}},"150":{"start":{"line":336,"column":12},"end":{"line":340,"column":15}},"151":{"start":{"line":344,"column":25},"end":{"line":349,"column":10}},"152":{"start":{"line":350,"column":8},"end":{"line":350,"column":34}},"153":{"start":{"line":353,"column":6},"end":{"line":360,"column":7}},"154":{"start":{"line":354,"column":25},"end":{"line":354,"column":35}},"155":{"start":{"line":355,"column":25},"end":{"line":355,"column":151}},"156":{"start":{"line":356,"column":8},"end":{"line":356,"column":61}},"157":{"start":{"line":357,"column":8},"end":{"line":359,"column":10}},"158":{"start":{"line":361,"column":6},"end":{"line":361,"column":24}},"159":{"start":{"line":363,"column":6},"end":{"line":363,"column":30}},"160":{"start":{"line":364,"column":6},"end":{"line":364,"column":47}},"161":{"start":{"line":365,"column":6},"end":{"line":365,"column":57}},"162":{"start":{"line":370,"column":4},"end":{"line":370,"column":27}},"163":{"start":{"line":32,"column":13},"end":{"line":32,"column":23}},"164":{"start":{"line":32,"column":13},"end":{"line":372,"column":null}},"165":{"start":{"line":47,"column":29},"end":{"line":47,"column":48}}},"fnMap":{"0":{"name":"(anonymous_4)","decl":{"start":{"line":36,"column":2},"end":{"line":36,"column":null}},"loc":{"start":{"line":52,"column":61},"end":{"line":53,"column":6}}},"1":{"name":"(anonymous_5)","decl":{"start":{"line":55,"column":2},"end":{"line":55,"column":7}},"loc":{"start":{"line":55,"column":30},"end":{"line":97,"column":3}}},"2":{"name":"(anonymous_6)","decl":{"start":{"line":66,"column":15},"end":{"line":66,"column":18}},"loc":{"start":{"line":66,"column":20},"end":{"line":96,"column":5}}},"3":{"name":"(anonymous_7)","decl":{"start":{"line":67,"column":12},"end":{"line":67,"column":17}},"loc":{"start":{"line":67,"column":23},"end":{"line":95,"column":7}}},"4":{"name":"(anonymous_8)","decl":{"start":{"line":99,"column":2},"end":{"line":99,"column":32}},"loc":{"start":{"line":99,"column":51},"end":{"line":129,"column":3}}},"5":{"name":"(anonymous_9)","decl":{"start":{"line":107,"column":17},"end":{"line":107,"column":18}},"loc":{"start":{"line":107,"column":32},"end":{"line":111,"column":5}}},"6":{"name":"(anonymous_10)","decl":{"start":{"line":113,"column":21},"end":{"line":113,"column":22}},"loc":{"start":{"line":113,"column":40},"end":{"line":128,"column":5}}},"7":{"name":"(anonymous_11)","decl":{"start":{"line":118,"column":46},"end":{"line":118,"column":51}},"loc":{"start":{"line":118,"column":57},"end":{"line":121,"column":7}}},"8":{"name":"(anonymous_12)","decl":{"start":{"line":131,"column":2},"end":{"line":131,"column":7}},"loc":{"start":{"line":131,"column":47},"end":{"line":367,"column":3}}},"9":{"name":"(anonymous_13)","decl":{"start":{"line":212,"column":60},"end":{"line":212,"column":61}},"loc":{"start":{"line":213,"column":20},"end":{"line":213,"column":71}}},"10":{"name":"(anonymous_14)","decl":{"start":{"line":223,"column":37},"end":{"line":223,"column":38}},"loc":{"start":{"line":224,"column":20},"end":{"line":228,"column":29}}},"11":{"name":"(anonymous_15)","decl":{"start":{"line":231,"column":56},"end":{"line":231,"column":57}},"loc":{"start":{"line":231,"column":62},"end":{"line":234,"column":19}}},"12":{"name":"(anonymous_16)","decl":{"start":{"line":243,"column":49},"end":{"line":243,"column":50}},"loc":{"start":{"line":243,"column":58},"end":{"line":253,"column":23}}},"13":{"name":"(anonymous_17)","decl":{"start":{"line":247,"column":57},"end":{"line":247,"column":58}},"loc":{"start":{"line":247,"column":63},"end":{"line":252,"column":25}}},"14":{"name":"(anonymous_18)","decl":{"start":{"line":369,"column":2},"end":{"line":369,"column":12}},"loc":{"start":{"line":369,"column":12},"end":{"line":371,"column":3}}},"15":{"name":"(anonymous_19)","decl":{"start":{"line":47,"column":23},"end":{"line":47,"column":26}},"loc":{"start":{"line":47,"column":29},"end":{"line":47,"column":48}}}},"branchMap":{"0":{"loc":{"start":{"line":58,"column":6},"end":{"line":60,"column":37}},"type":"cond-expr","locations":[{"start":{"line":59,"column":10},"end":{"line":59,"column":33}},{"start":{"line":60,"column":10},"end":{"line":60,"column":37}}]},"1":{"loc":{"start":{"line":58,"column":6},"end":{"line":58,"column":68}},"type":"binary-expr","locations":[{"start":{"line":58,"column":6},"end":{"line":58,"column":30}},{"start":{"line":58,"column":34},"end":{"line":58,"column":68}}]},"2":{"loc":{"start":{"line":73,"column":10},"end":{"line":85,"column":11}},"type":"if","locations":[{"start":{"line":73,"column":10},"end":{"line":85,"column":11}},{"start":{"line":81,"column":17},"end":{"line":85,"column":11}}]},"3":{"loc":{"start":{"line":74,"column":12},"end":{"line":75,"column":67}},"type":"binary-expr","locations":[{"start":{"line":74,"column":12},"end":{"line":74,"column":25}},{"start":{"line":75,"column":12},"end":{"line":75,"column":67}}]},"4":{"loc":{"start":{"line":87,"column":25},"end":{"line":87,"column":73}},"type":"cond-expr","locations":[{"start":{"line":87,"column":48},"end":{"line":87,"column":59}},{"start":{"line":87,"column":62},"end":{"line":87,"column":73}}]},"5":{"loc":{"start":{"line":92,"column":12},"end":{"line":92,"column":56}},"type":"cond-expr","locations":[{"start":{"line":92,"column":35},"end":{"line":92,"column":44}},{"start":{"line":92,"column":47},"end":{"line":92,"column":56}}]},"6":{"loc":{"start":{"line":101,"column":4},"end":{"line":103,"column":5}},"type":"if","locations":[{"start":{"line":101,"column":4},"end":{"line":103,"column":5}},{"start":{},"end":{}}]},"7":{"loc":{"start":{"line":108,"column":6},"end":{"line":110,"column":7}},"type":"if","locations":[{"start":{"line":108,"column":6},"end":{"line":110,"column":7}},{"start":{},"end":{}}]},"8":{"loc":{"start":{"line":131,"column":28},"end":{"line":131,"column":47}},"type":"default-arg","locations":[{"start":{"line":131,"column":42},"end":{"line":131,"column":47}}]},"9":{"loc":{"start":{"line":132,"column":4},"end":{"line":135,"column":5}},"type":"if","locations":[{"start":{"line":132,"column":4},"end":{"line":135,"column":5}},{"start":{},"end":{}}]},"10":{"loc":{"start":{"line":173,"column":18},"end":{"line":175,"column":31}},"type":"cond-expr","locations":[{"start":{"line":174,"column":22},"end":{"line":174,"column":35}},{"start":{"line":175,"column":22},"end":{"line":175,"column":31}}]},"11":{"loc":{"start":{"line":173,"column":18},"end":{"line":173,"column":53}},"type":"binary-expr","locations":[{"start":{"line":173,"column":18},"end":{"line":173,"column":28}},{"start":{"line":173,"column":32},"end":{"line":173,"column":53}}]},"12":{"loc":{"start":{"line":181,"column":16},"end":{"line":186,"column":17}},"type":"if","locations":[{"start":{"line":181,"column":16},"end":{"line":186,"column":17}},{"start":{},"end":{}}]},"13":{"loc":{"start":{"line":181,"column":20},"end":{"line":181,"column":77}},"type":"binary-expr","locations":[{"start":{"line":181,"column":20},"end":{"line":181,"column":41}},{"start":{"line":181,"column":45},"end":{"line":181,"column":77}}]},"14":{"loc":{"start":{"line":183,"column":18},"end":{"line":185,"column":19}},"type":"if","locations":[{"start":{"line":183,"column":18},"end":{"line":185,"column":19}},{"start":{},"end":{}}]},"15":{"loc":{"start":{"line":183,"column":22},"end":{"line":183,"column":67}},"type":"binary-expr","locations":[{"start":{"line":183,"column":22},"end":{"line":183,"column":26}},{"start":{"line":183,"column":30},"end":{"line":183,"column":67}}]},"16":{"loc":{"start":{"line":188,"column":16},"end":{"line":193,"column":17}},"type":"if","locations":[{"start":{"line":188,"column":16},"end":{"line":193,"column":17}},{"start":{},"end":{}}]},"17":{"loc":{"start":{"line":188,"column":20},"end":{"line":188,"column":69}},"type":"binary-expr","locations":[{"start":{"line":188,"column":20},"end":{"line":188,"column":37}},{"start":{"line":188,"column":41},"end":{"line":188,"column":69}}]},"18":{"loc":{"start":{"line":190,"column":18},"end":{"line":192,"column":19}},"type":"if","locations":[{"start":{"line":190,"column":18},"end":{"line":192,"column":19}},{"start":{},"end":{}}]},"19":{"loc":{"start":{"line":190,"column":22},"end":{"line":190,"column":63}},"type":"binary-expr","locations":[{"start":{"line":190,"column":22},"end":{"line":190,"column":26}},{"start":{"line":190,"column":30},"end":{"line":190,"column":63}}]},"20":{"loc":{"start":{"line":195,"column":16},"end":{"line":200,"column":17}},"type":"if","locations":[{"start":{"line":195,"column":16},"end":{"line":200,"column":17}},{"start":{},"end":{}}]},"21":{"loc":{"start":{"line":195,"column":20},"end":{"line":195,"column":73}},"type":"binary-expr","locations":[{"start":{"line":195,"column":20},"end":{"line":195,"column":39}},{"start":{"line":195,"column":43},"end":{"line":195,"column":73}}]},"22":{"loc":{"start":{"line":197,"column":18},"end":{"line":199,"column":19}},"type":"if","locations":[{"start":{"line":197,"column":18},"end":{"line":199,"column":19}},{"start":{},"end":{}}]},"23":{"loc":{"start":{"line":197,"column":22},"end":{"line":197,"column":65}},"type":"binary-expr","locations":[{"start":{"line":197,"column":22},"end":{"line":197,"column":26}},{"start":{"line":197,"column":30},"end":{"line":197,"column":65}}]},"24":{"loc":{"start":{"line":211,"column":16},"end":{"line":219,"column":17}},"type":"if","locations":[{"start":{"line":211,"column":16},"end":{"line":219,"column":17}},{"start":{},"end":{}}]},"25":{"loc":{"start":{"line":215,"column":18},"end":{"line":218,"column":19}},"type":"if","locations":[{"start":{"line":215,"column":18},"end":{"line":218,"column":19}},{"start":{},"end":{}}]},"26":{"loc":{"start":{"line":222,"column":16},"end":{"line":271,"column":17}},"type":"if","locations":[{"start":{"line":222,"column":16},"end":{"line":271,"column":17}},{"start":{},"end":{}}]},"27":{"loc":{"start":{"line":222,"column":20},"end":{"line":222,"column":75}},"type":"binary-expr","locations":[{"start":{"line":222,"column":20},"end":{"line":222,"column":40}},{"start":{"line":222,"column":44},"end":{"line":222,"column":75}}]},"28":{"loc":{"start":{"line":224,"column":21},"end":{"line":224,"column":28}},"type":"binary-expr","locations":[{"start":{"line":224,"column":21},"end":{"line":224,"column":22}},{"start":{"line":224,"column":26},"end":{"line":224,"column":28}}]},"29":{"loc":{"start":{"line":233,"column":27},"end":{"line":233,"column":79}},"type":"binary-expr","locations":[{"start":{"line":233,"column":27},"end":{"line":233,"column":45}},{"start":{"line":233,"column":49},"end":{"line":233,"column":79}}]},"30":{"loc":{"start":{"line":237,"column":18},"end":{"line":268,"column":19}},"type":"if","locations":[{"start":{"line":237,"column":18},"end":{"line":268,"column":19}},{"start":{},"end":{}}]},"31":{"loc":{"start":{"line":245,"column":33},"end":{"line":245,"column":53}},"type":"binary-expr","locations":[{"start":{"line":245,"column":33},"end":{"line":245,"column":47}},{"start":{"line":245,"column":51},"end":{"line":245,"column":53}}]},"32":{"loc":{"start":{"line":250,"column":28},"end":{"line":250,"column":76}},"type":"binary-expr","locations":[{"start":{"line":250,"column":28},"end":{"line":250,"column":46}},{"start":{"line":250,"column":50},"end":{"line":250,"column":76}}]},"33":{"loc":{"start":{"line":258,"column":24},"end":{"line":258,"column":72}},"type":"cond-expr","locations":[{"start":{"line":258,"column":47},"end":{"line":258,"column":58}},{"start":{"line":258,"column":61},"end":{"line":258,"column":72}}]},"34":{"loc":{"start":{"line":270,"column":18},"end":{"line":270,"column":39}},"type":"if","locations":[{"start":{"line":270,"column":18},"end":{"line":270,"column":39}},{"start":{},"end":{}}]},"35":{"loc":{"start":{"line":280,"column":16},"end":{"line":296,"column":17}},"type":"if","locations":[{"start":{"line":280,"column":16},"end":{"line":296,"column":17}},{"start":{"line":284,"column":23},"end":{"line":296,"column":17}}]},"36":{"loc":{"start":{"line":299,"column":16},"end":{"line":310,"column":17}},"type":"if","locations":[{"start":{"line":299,"column":16},"end":{"line":310,"column":17}},{"start":{},"end":{}}]},"37":{"loc":{"start":{"line":303,"column":18},"end":{"line":309,"column":19}},"type":"if","locations":[{"start":{"line":303,"column":18},"end":{"line":309,"column":19}},{"start":{},"end":{}}]},"38":{"loc":{"start":{"line":312,"column":36},"end":{"line":312,"column":77}},"type":"binary-expr","locations":[{"start":{"line":312,"column":36},"end":{"line":312,"column":59}},{"start":{"line":312,"column":63},"end":{"line":312,"column":77}}]},"39":{"loc":{"start":{"line":318,"column":20},"end":{"line":320,"column":50}},"type":"cond-expr","locations":[{"start":{"line":319,"column":24},"end":{"line":319,"column":31}},{"start":{"line":320,"column":24},"end":{"line":320,"column":50}}]},"40":{"loc":{"start":{"line":327,"column":27},"end":{"line":327,"column":75}},"type":"cond-expr","locations":[{"start":{"line":327,"column":50},"end":{"line":327,"column":61}},{"start":{"line":327,"column":64},"end":{"line":327,"column":75}}]},"41":{"loc":{"start":{"line":334,"column":14},"end":{"line":334,"column":58}},"type":"cond-expr","locations":[{"start":{"line":334,"column":37},"end":{"line":334,"column":46}},{"start":{"line":334,"column":49},"end":{"line":334,"column":58}}]},"42":{"loc":{"start":{"line":353,"column":6},"end":{"line":360,"column":7}},"type":"if","locations":[{"start":{"line":353,"column":6},"end":{"line":360,"column":7}},{"start":{},"end":{}}]},"43":{"loc":{"start":{"line":38,"column":30},"end":{"line":38,"column":56}},"type":"cond-expr","locations":[{"start":{"line":38,"column":35},"end":{"line":38,"column":56}},{"start":{"line":38,"column":35},"end":{"line":38,"column":56}}]},"44":{"loc":{"start":{"line":38,"column":30},"end":{"line":38,"column":35}},"type":"binary-expr","locations":[{"start":{"line":38,"column":30},"end":{"line":38,"column":56}},{"start":{"line":38,"column":30},"end":{"line":38,"column":35}}]},"45":{"loc":{"start":{"line":38,"column":35},"end":{"line":40,"column":56}},"type":"cond-expr","locations":[{"start":{"line":40,"column":35},"end":{"line":40,"column":56}},{"start":{"line":40,"column":35},"end":{"line":40,"column":56}}]},"46":{"loc":{"start":{"line":38,"column":35},"end":{"line":40,"column":35}},"type":"binary-expr","locations":[{"start":{"line":38,"column":35},"end":{"line":40,"column":56}},{"start":{"line":40,"column":30},"end":{"line":40,"column":35}}]},"47":{"loc":{"start":{"line":40,"column":35},"end":{"line":42,"column":58}},"type":"cond-expr","locations":[{"start":{"line":42,"column":36},"end":{"line":42,"column":58}},{"start":{"line":42,"column":36},"end":{"line":42,"column":58}}]},"48":{"loc":{"start":{"line":40,"column":35},"end":{"line":42,"column":36}},"type":"binary-expr","locations":[{"start":{"line":40,"column":35},"end":{"line":42,"column":58}},{"start":{"line":42,"column":31},"end":{"line":42,"column":36}}]},"49":{"loc":{"start":{"line":42,"column":36},"end":{"line":43,"column":69}},"type":"cond-expr","locations":[{"start":{"line":43,"column":54},"end":{"line":43,"column":69}},{"start":{"line":43,"column":54},"end":{"line":43,"column":69}}]},"50":{"loc":{"start":{"line":42,"column":36},"end":{"line":43,"column":54}},"type":"binary-expr","locations":[{"start":{"line":42,"column":36},"end":{"line":43,"column":69}},{"start":{"line":43,"column":49},"end":{"line":43,"column":54}}]},"51":{"loc":{"start":{"line":43,"column":54},"end":{"line":44,"column":75}},"type":"cond-expr","locations":[{"start":{"line":44,"column":58},"end":{"line":44,"column":75}},{"start":{"line":44,"column":58},"end":{"line":44,"column":75}}]},"52":{"loc":{"start":{"line":43,"column":54},"end":{"line":44,"column":58}},"type":"binary-expr","locations":[{"start":{"line":43,"column":54},"end":{"line":44,"column":75}},{"start":{"line":44,"column":53},"end":{"line":44,"column":58}}]},"53":{"loc":{"start":{"line":44,"column":58},"end":{"line":45,"column":null}},"type":"cond-expr","locations":[{"start":{"line":45,"column":57},"end":{"line":45,"column":null}},{"start":{"line":45,"column":57},"end":{"line":45,"column":null}}]},"54":{"loc":{"start":{"line":44,"column":58},"end":{"line":45,"column":57}},"type":"binary-expr","locations":[{"start":{"line":44,"column":58},"end":{"line":45,"column":null}},{"start":{"line":45,"column":40},"end":{"line":45,"column":57}}]},"55":{"loc":{"start":{"line":45,"column":57},"end":{"line":46,"column":null}},"type":"cond-expr","locations":[{"start":{"line":46,"column":48},"end":{"line":46,"column":null}},{"start":{"line":46,"column":48},"end":{"line":46,"column":null}}]},"56":{"loc":{"start":{"line":45,"column":57},"end":{"line":46,"column":48}},"type":"binary-expr","locations":[{"start":{"line":45,"column":57},"end":{"line":46,"column":null}},{"start":{"line":46,"column":31},"end":{"line":46,"column":48}}]},"57":{"loc":{"start":{"line":46,"column":48},"end":{"line":48,"column":null}},"type":"cond-expr","locations":[{"start":{"line":48,"column":46},"end":{"line":48,"column":null}},{"start":{"line":48,"column":46},"end":{"line":48,"column":null}}]},"58":{"loc":{"start":{"line":46,"column":48},"end":{"line":48,"column":46}},"type":"binary-expr","locations":[{"start":{"line":46,"column":48},"end":{"line":48,"column":null}},{"start":{"line":48,"column":27},"end":{"line":48,"column":46}}]},"59":{"loc":{"start":{"line":48,"column":46},"end":{"line":49,"column":null}},"type":"cond-expr","locations":[{"start":{"line":49,"column":40},"end":{"line":49,"column":null}},{"start":{"line":49,"column":40},"end":{"line":49,"column":null}}]},"60":{"loc":{"start":{"line":48,"column":46},"end":{"line":49,"column":40}},"type":"binary-expr","locations":[{"start":{"line":48,"column":46},"end":{"line":49,"column":null}},{"start":{"line":49,"column":27},"end":{"line":49,"column":40}}]},"61":{"loc":{"start":{"line":49,"column":40},"end":{"line":50,"column":null}},"type":"cond-expr","locations":[{"start":{"line":50,"column":64},"end":{"line":50,"column":null}},{"start":{"line":50,"column":64},"end":{"line":50,"column":null}}]},"62":{"loc":{"start":{"line":49,"column":40},"end":{"line":50,"column":64}},"type":"binary-expr","locations":[{"start":{"line":49,"column":40},"end":{"line":50,"column":null}},{"start":{"line":50,"column":40},"end":{"line":50,"column":64}}]},"63":{"loc":{"start":{"line":50,"column":64},"end":{"line":51,"column":null}},"type":"cond-expr","locations":[{"start":{"line":51,"column":55},"end":{"line":51,"column":null}},{"start":{"line":51,"column":55},"end":{"line":51,"column":null}}]},"64":{"loc":{"start":{"line":50,"column":64},"end":{"line":51,"column":55}},"type":"binary-expr","locations":[{"start":{"line":50,"column":64},"end":{"line":51,"column":null}},{"start":{"line":51,"column":39},"end":{"line":51,"column":55}}]},"65":{"loc":{"start":{"line":51,"column":55},"end":{"line":52,"column":null}},"type":"cond-expr","locations":[{"start":{"line":52,"column":61},"end":{"line":52,"column":null}},{"start":{"line":52,"column":61},"end":{"line":52,"column":null}}]},"66":{"loc":{"start":{"line":51,"column":55},"end":{"line":52,"column":61}},"type":"binary-expr","locations":[{"start":{"line":51,"column":55},"end":{"line":52,"column":null}},{"start":{"line":52,"column":42},"end":{"line":52,"column":61}}]}},"s":{"0":0,"1":0,"2":0,"3":0,"4":0,"5":0,"6":0,"7":0,"8":0,"9":0,"10":0,"11":0,"12":0,"13":0,"14":0,"15":0,"16":0,"17":0,"18":0,"19":0,"20":0,"21":0,"22":0,"23":0,"24":0,"25":0,"26":0,"27":0,"28":0,"29":0,"30":0,"31":0,"32":0,"33":0,"34":0,"35":0,"36":0,"37":0,"38":0,"39":0,"40":0,"41":0,"42":0,"43":0,"44":0,"45":0,"46":0,"47":0,"48":0,"49":0,"50":0,"51":0,"52":0,"53":0,"54":0,"55":0,"56":0,"57":0,"58":0,"59":0,"60":0,"61":0,"62":0,"63":0,"64":0,"65":0,"66":0,"67":0,"68":0,"69":0,"70":0,"71":0,"72":0,"73":0,"74":0,"75":0,"76":0,"77":0,"78":0,"79":0,"80":0,"81":0,"82":0,"83":0,"84":0,"85":0,"86":0,"87":0,"88":0,"89":0,"90":0,"91":0,"92":0,"93":0,"94":0,"95":0,"96":0,"97":0,"98":0,"99":0,"100":0,"101":0,"102":0,"103":0,"104":0,"105":0,"106":0,"107":0,"108":0,"109":0,"110":0,"111":0,"112":0,"113":0,"114":0,"115":0,"116":0,"117":0,"118":0,"119":0,"120":0,"121":0,"122":0,"123":0,"124":0,"125":0,"126":0,"127":0,"128":0,"129":0,"130":0,"131":0,"132":0,"133":0,"134":0,"135":0,"136":0,"137":0,"138":0,"139":0,"140":0,"141":0,"142":0,"143":0,"144":0,"145":0,"146":0,"147":0,"148":0,"149":0,"150":0,"151":0,"152":0,"153":0,"154":0,"155":0,"156":0,"157":0,"158":0,"159":0,"160":0,"161":0,"162":0,"163":0,"164":0,"165":0},"f":{"0":0,"1":0,"2":0,"3":0,"4":0,"5":0,"6":0,"7":0,"8":0,"9":0,"10":0,"11":0,"12":0,"13":0,"14":0,"15":0},"b":{"0":[0,0],"1":[0,0],"2":[0,0],"3":[0,0],"4":[0,0],"5":[0,0],"6":[0,0],"7":[0,0],"8":[0],"9":[0,0],"10":[0,0],"11":[0,0],"12":[0,0],"13":[0,0],"14":[0,0],"15":[0,0],"16":[0,0],"17":[0,0],"18":[0,0],"19":[0,0],"20":[0,0],"21":[0,0],"22":[0,0],"23":[0,0],"24":[0,0],"25":[0,0],"26":[0,0],"27":[0,0],"28":[0,0],"29":[0,0],"30":[0,0],"31":[0,0],"32":[0,0],"33":[0,0],"34":[0,0],"35":[0,0],"36":[0,0],"37":[0,0],"38":[0,0],"39":[0,0],"40":[0,0],"41":[0,0],"42":[0,0],"43":[0,0],"44":[0,0],"45":[0,0],"46":[0,0],"47":[0,0],"48":[0,0],"49":[0,0],"50":[0,0],"51":[0,0],"52":[0,0],"53":[0,0],"54":[0,0],"55":[0,0],"56":[0,0],"57":[0,0],"58":[0,0],"59":[0,0],"60":[0,0],"61":[0,0],"62":[0,0],"63":[0,0],"64":[0,0],"65":[0,0],"66":[0,0]}}
,"/home/hobson007breno/Documentos/projetos/SGL/backend/src/categoria/categoria.controller.ts": {"path":"/home/hobson007breno/Documentos/projetos/SGL/backend/src/categoria/categoria.controller.ts","statementMap":{"0":{"start":{"line":1,"column":0},"end":{"line":1,"column":49}},"1":{"start":{"line":2,"column":0},"end":{"line":2,"column":55}},"2":{"start":{"line":5,"column":7},"end":{"line":12,"column":null}},"3":{"start":{"line":6,"column":31},"end":{"line":6,"column":49}},"4":{"start":{"line":10,"column":4},"end":{"line":10,"column":49}},"5":{"start":{"line":5,"column":13},"end":{"line":5,"column":32}},"6":{"start":{"line":9,"column":8},"end":{"line":11,"column":null}},"7":{"start":{"line":5,"column":13},"end":{"line":12,"column":null}}},"fnMap":{"0":{"name":"(anonymous_2)","decl":{"start":{"line":6,"column":2},"end":{"line":6,"column":31}},"loc":{"start":{"line":6,"column":65},"end":{"line":6,"column":69}}},"1":{"name":"(anonymous_3)","decl":{"start":{"line":9,"column":8},"end":{"line":9,"column":21}},"loc":{"start":{"line":9,"column":21},"end":{"line":11,"column":3}}}},"branchMap":{"0":{"loc":{"start":{"line":6,"column":49},"end":{"line":6,"column":68}},"type":"cond-expr","locations":[{"start":{"line":6,"column":65},"end":{"line":6,"column":68}},{"start":{"line":6,"column":65},"end":{"line":6,"column":68}}]},"1":{"loc":{"start":{"line":6,"column":49},"end":{"line":6,"column":65}},"type":"binary-expr","locations":[{"start":{"line":6,"column":49},"end":{"line":6,"column":68}},{"start":{"line":6,"column":49},"end":{"line":6,"column":65}}]}},"s":{"0":0,"1":0,"2":0,"3":0,"4":0,"5":0,"6":0,"7":0},"f":{"0":0,"1":0},"b":{"0":[0,0],"1":[0,0]}}
,"/home/hobson007breno/Documentos/projetos/SGL/backend/src/categoria/categoria.module.ts": {"path":"/home/hobson007breno/Documentos/projetos/SGL/backend/src/categoria/categoria.module.ts","statementMap":{"0":{"start":{"line":1,"column":0},"end":{"line":1,"column":40}},"1":{"start":{"line":2,"column":0},"end":{"line":2,"column":50}},"2":{"start":{"line":3,"column":0},"end":{"line":3,"column":64}},"3":{"start":{"line":4,"column":0},"end":{"line":4,"column":55}},"4":{"start":{"line":5,"column":0},"end":{"line":5,"column":61}},"5":{"start":{"line":17,"column":7},"end":{"line":17,"column":null}},"6":{"start":{"line":17,"column":13},"end":{"line":17,"column":28}},"7":{"start":{"line":17,"column":13},"end":{"line":17,"column":null}}},"fnMap":{},"branchMap":{},"s":{"0":0,"1":0,"2":0,"3":0,"4":0,"5":0,"6":0,"7":0},"f":{},"b":{}}
,"/home/hobson007breno/Documentos/projetos/SGL/backend/src/categoria/categoria.schema.ts": {"path":"/home/hobson007breno/Documentos/projetos/SGL/backend/src/categoria/categoria.schema.ts","statementMap":{"0":{"start":{"line":1,"column":0},"end":{"line":1,"column":63}},"1":{"start":{"line":7,"column":7},"end":{"line":13,"column":null}},"2":{"start":{"line":7,"column":13},"end":{"line":7,"column":25}},"3":{"start":{"line":9,"column":2},"end":{"line":9,"column":null}},"4":{"start":{"line":12,"column":2},"end":{"line":12,"column":null}},"5":{"start":{"line":7,"column":13},"end":{"line":13,"column":null}},"6":{"start":{"line":14,"column":27},"end":{"line":14,"column":69}},"7":{"start":{"line":17,"column":7},"end":{"line":23,"column":null}},"8":{"start":{"line":17,"column":13},"end":{"line":17,"column":22}},"9":{"start":{"line":19,"column":2},"end":{"line":19,"column":null}},"10":{"start":{"line":22,"column":2},"end":{"line":22,"column":null}},"11":{"start":{"line":17,"column":13},"end":{"line":23,"column":null}},"12":{"start":{"line":25,"column":13},"end":{"line":25,"column":71}}},"fnMap":{},"branchMap":{},"s":{"0":0,"1":0,"2":0,"3":0,"4":0,"5":0,"6":0,"7":0,"8":0,"9":0,"10":0,"11":0,"12":0},"f":{},"b":{}}
,"/home/hobson007breno/Documentos/projetos/SGL/backend/src/categoria/categoria.service.ts": {"path":"/home/hobson007breno/Documentos/projetos/SGL/backend/src/categoria/categoria.service.ts","statementMap":{"0":{"start":{"line":1,"column":0},"end":{"line":1,"column":66}},"1":{"start":{"line":2,"column":0},"end":{"line":2,"column":47}},"2":{"start":{"line":3,"column":0},"end":{"line":3,"column":33}},"3":{"start":{"line":4,"column":0},"end":{"line":4,"column":66}},"4":{"start":{"line":7,"column":29},"end":{"line":501,"column":null}},"5":{"start":{"line":8,"column":28},"end":{"line":8,"column":61}},"6":{"start":{"line":9,"column":41},"end":{"line":9,"column":43}},"7":{"start":{"line":13,"column":21},"end":{"line":13,"column":37}},"8":{"start":{"line":17,"column":4},"end":{"line":17,"column":30}},"9":{"start":{"line":18,"column":4},"end":{"line":18,"column":31}},"10":{"start":{"line":22,"column":4},"end":{"line":22,"column":67}},"11":{"start":{"line":23,"column":4},"end":{"line":25,"column":6}},"12":{"start":{"line":29,"column":18},"end":{"line":29,"column":60}},"13":{"start":{"line":30,"column":4},"end":{"line":32,"column":5}},"14":{"start":{"line":31,"column":6},"end":{"line":31,"column":13}},"15":{"start":{"line":34,"column":4},"end":{"line":34,"column":75}},"16":{"start":{"line":36,"column":21},"end":{"line":464,"column":6}},"17":{"start":{"line":466,"column":4},"end":{"line":466,"column":51}},"18":{"start":{"line":467,"column":4},"end":{"line":467,"column":66}},"19":{"start":{"line":471,"column":4},"end":{"line":471,"column":45}},"20":{"start":{"line":475,"column":4},"end":{"line":475,"column":38}},"21":{"start":{"line":475,"column":22},"end":{"line":475,"column":38}},"22":{"start":{"line":476,"column":22},"end":{"line":476,"column":54}},"23":{"start":{"line":479,"column":4},"end":{"line":497,"column":5}},"24":{"start":{"line":480,"column":6},"end":{"line":480,"column":39}},"25":{"start":{"line":480,"column":30},"end":{"line":480,"column":39}},"26":{"start":{"line":482,"column":6},"end":{"line":496,"column":7}},"27":{"start":{"line":483,"column":8},"end":{"line":483,"column":41}},"28":{"start":{"line":483,"column":32},"end":{"line":483,"column":41}},"29":{"start":{"line":485,"column":8},"end":{"line":495,"column":9}},"30":{"start":{"line":486,"column":26},"end":{"line":486,"column":48}},"31":{"start":{"line":488,"column":10},"end":{"line":488,"column":43}},"32":{"start":{"line":488,"column":34},"end":{"line":488,"column":43}},"33":{"start":{"line":492,"column":10},"end":{"line":494,"column":11}},"34":{"start":{"line":493,"column":12},"end":{"line":493,"column":28}},"35":{"start":{"line":499,"column":4},"end":{"line":499,"column":20}},"36":{"start":{"line":7,"column":13},"end":{"line":7,"column":29}},"37":{"start":{"line":7,"column":13},"end":{"line":501,"column":null}}},"fnMap":{"0":{"name":"(anonymous_4)","decl":{"start":{"line":11,"column":2},"end":{"line":11,"column":null}},"loc":{"start":{"line":13,"column":61},"end":{"line":14,"column":6}}},"1":{"name":"(anonymous_5)","decl":{"start":{"line":16,"column":2},"end":{"line":16,"column":7}},"loc":{"start":{"line":16,"column":20},"end":{"line":19,"column":3}}},"2":{"name":"(anonymous_6)","decl":{"start":{"line":21,"column":2},"end":{"line":21,"column":7}},"loc":{"start":{"line":21,"column":21},"end":{"line":26,"column":3}}},"3":{"name":"(anonymous_7)","decl":{"start":{"line":28,"column":2},"end":{"line":28,"column":7}},"loc":{"start":{"line":28,"column":20},"end":{"line":468,"column":3}}},"4":{"name":"(anonymous_8)","decl":{"start":{"line":470,"column":2},"end":{"line":470,"column":7}},"loc":{"start":{"line":470,"column":21},"end":{"line":472,"column":3}}},"5":{"name":"(anonymous_9)","decl":{"start":{"line":474,"column":2},"end":{"line":474,"column":19}},"loc":{"start":{"line":474,"column":39},"end":{"line":500,"column":3}}}},"branchMap":{"0":{"loc":{"start":{"line":30,"column":4},"end":{"line":32,"column":5}},"type":"if","locations":[{"start":{"line":30,"column":4},"end":{"line":32,"column":5}},{"start":{},"end":{}}]},"1":{"loc":{"start":{"line":475,"column":4},"end":{"line":475,"column":38}},"type":"if","locations":[{"start":{"line":475,"column":4},"end":{"line":475,"column":38}},{"start":{},"end":{}}]},"2":{"loc":{"start":{"line":480,"column":6},"end":{"line":480,"column":39}},"type":"if","locations":[{"start":{"line":480,"column":6},"end":{"line":480,"column":39}},{"start":{},"end":{}}]},"3":{"loc":{"start":{"line":483,"column":8},"end":{"line":483,"column":41}},"type":"if","locations":[{"start":{"line":483,"column":8},"end":{"line":483,"column":41}},{"start":{},"end":{}}]},"4":{"loc":{"start":{"line":488,"column":10},"end":{"line":488,"column":43}},"type":"if","locations":[{"start":{"line":488,"column":10},"end":{"line":488,"column":43}},{"start":{},"end":{}}]},"5":{"loc":{"start":{"line":492,"column":10},"end":{"line":494,"column":11}},"type":"if","locations":[{"start":{"line":492,"column":10},"end":{"line":494,"column":11}},{"start":{},"end":{}}]},"6":{"loc":{"start":{"line":492,"column":14},"end":{"line":492,"column":72}},"type":"binary-expr","locations":[{"start":{"line":492,"column":14},"end":{"line":492,"column":41}},{"start":{"line":492,"column":45},"end":{"line":492,"column":72}}]},"7":{"loc":{"start":{"line":13,"column":37},"end":{"line":13,"column":61}},"type":"cond-expr","locations":[{"start":{"line":13,"column":42},"end":{"line":13,"column":61}},{"start":{"line":13,"column":42},"end":{"line":13,"column":61}}]},"8":{"loc":{"start":{"line":13,"column":37},"end":{"line":13,"column":42}},"type":"binary-expr","locations":[{"start":{"line":13,"column":37},"end":{"line":13,"column":61}},{"start":{"line":13,"column":37},"end":{"line":13,"column":42}}]}},"s":{"0":0,"1":0,"2":0,"3":0,"4":0,"5":0,"6":0,"7":0,"8":0,"9":0,"10":0,"11":0,"12":0,"13":0,"14":0,"15":0,"16":0,"17":0,"18":0,"19":0,"20":0,"21":0,"22":0,"23":0,"24":0,"25":0,"26":0,"27":0,"28":0,"29":0,"30":0,"31":0,"32":0,"33":0,"34":0,"35":0,"36":0,"37":0},"f":{"0":0,"1":0,"2":0,"3":0,"4":0,"5":0},"b":{"0":[0,0],"1":[0,0],"2":[0,0],"3":[0,0],"4":[0,0],"5":[0,0],"6":[0,0],"7":[0,0],"8":[0,0]}}
,"/home/hobson007breno/Documentos/projetos/SGL/backend/src/compras-gov-monitor/compras-gov-monitor.controller.ts": {"path":"/home/hobson007breno/Documentos/projetos/SGL/backend/src/compras-gov-monitor/compras-gov-monitor.controller.ts","statementMap":{"0":{"start":{"line":1,"column":0},"end":{"line":1,"column":69}},"1":{"start":{"line":2,"column":0},"end":{"line":2,"column":69}},"2":{"start":{"line":3,"column":0},"end":{"line":3,"column":73}},"3":{"start":{"line":4,"column":0},"end":{"line":4,"column":47}},"4":{"start":{"line":8,"column":40},"end":{"line":70,"column":null}},"5":{"start":{"line":9,"column":28},"end":{"line":9,"column":72}},"6":{"start":{"line":24,"column":4},"end":{"line":24,"column":76}},"7":{"start":{"line":25,"column":4},"end":{"line":34,"column":5}},"8":{"start":{"line":26,"column":6},"end":{"line":28,"column":8}},"9":{"start":{"line":29,"column":6},"end":{"line":29,"column":37}},"10":{"start":{"line":30,"column":6},"end":{"line":30,"column":73}},"11":{"start":{"line":31,"column":6},"end":{"line":33,"column":8}},"12":{"start":{"line":35,"column":4},"end":{"line":35,"column":29}},"13":{"start":{"line":44,"column":4},"end":{"line":44,"column":56}},"14":{"start":{"line":45,"column":4},"end":{"line":47,"column":6}},"15":{"start":{"line":56,"column":4},"end":{"line":56,"column":53}},"16":{"start":{"line":68,"column":4},"end":{"line":68,"column":50}},"17":{"start":{"line":8,"column":13},"end":{"line":8,"column":40}},"18":{"start":{"line":23,"column":8},"end":{"line":36,"column":null}},"19":{"start":{"line":43,"column":2},"end":{"line":48,"column":null}},"20":{"start":{"line":55,"column":2},"end":{"line":57,"column":null}},"21":{"start":{"line":67,"column":2},"end":{"line":69,"column":null}},"22":{"start":{"line":8,"column":13},"end":{"line":70,"column":null}}},"fnMap":{"0":{"name":"(anonymous_4)","decl":{"start":{"line":23,"column":8},"end":{"line":23,"column":26}},"loc":{"start":{"line":23,"column":44},"end":{"line":36,"column":3}}},"1":{"name":"(anonymous_5)","decl":{"start":{"line":43,"column":2},"end":{"line":43,"column":8}},"loc":{"start":{"line":43,"column":8},"end":{"line":48,"column":3}}},"2":{"name":"(anonymous_6)","decl":{"start":{"line":55,"column":2},"end":{"line":55,"column":10}},"loc":{"start":{"line":55,"column":33},"end":{"line":57,"column":3}}},"3":{"name":"(anonymous_7)","decl":{"start":{"line":67,"column":2},"end":{"line":67,"column":11}},"loc":{"start":{"line":67,"column":11},"end":{"line":69,"column":3}}}},"branchMap":{"0":{"loc":{"start":{"line":25,"column":4},"end":{"line":34,"column":5}},"type":"if","locations":[{"start":{"line":25,"column":4},"end":{"line":34,"column":5}},{"start":{},"end":{}}]},"1":{"loc":{"start":{"line":14,"column":37},"end":{"line":14,"column":null}},"type":"cond-expr","locations":[{"start":{"line":14,"column":61},"end":{"line":14,"column":null}},{"start":{"line":14,"column":61},"end":{"line":14,"column":null}}]},"2":{"loc":{"start":{"line":14,"column":37},"end":{"line":14,"column":61}},"type":"binary-expr","locations":[{"start":{"line":14,"column":37},"end":{"line":14,"column":null}},{"start":{"line":14,"column":37},"end":{"line":14,"column":61}}]},"3":{"loc":{"start":{"line":14,"column":61},"end":{"line":15,"column":null}},"type":"cond-expr","locations":[{"start":{"line":15,"column":47},"end":{"line":15,"column":null}},{"start":{"line":15,"column":47},"end":{"line":15,"column":null}}]},"4":{"loc":{"start":{"line":14,"column":61},"end":{"line":15,"column":47}},"type":"binary-expr","locations":[{"start":{"line":14,"column":61},"end":{"line":15,"column":null}},{"start":{"line":15,"column":35},"end":{"line":15,"column":47}}]}},"s":{"0":0,"1":0,"2":0,"3":0,"4":0,"5":0,"6":0,"7":0,"8":0,"9":0,"10":0,"11":0,"12":0,"13":0,"14":0,"15":0,"16":0,"17":0,"18":0,"19":0,"20":0,"21":0,"22":0},"f":{"0":0,"1":0,"2":0,"3":0},"b":{"0":[0,0],"1":[0,0],"2":[0,0],"3":[0,0],"4":[0,0]}}
,"/home/hobson007breno/Documentos/projetos/SGL/backend/src/compras-gov-monitor/compras-gov-monitor.module.ts": {"path":"/home/hobson007breno/Documentos/projetos/SGL/backend/src/compras-gov-monitor/compras-gov-monitor.module.ts","statementMap":{"0":{"start":{"line":1,"column":0},"end":{"line":1,"column":40}},"1":{"start":{"line":2,"column":0},"end":{"line":2,"column":50}},"2":{"start":{"line":3,"column":0},"end":{"line":3,"column":73}},"3":{"start":{"line":4,"column":0},"end":{"line":4,"column":73}},"4":{"start":{"line":5,"column":0},"end":{"line":5,"column":71}},"5":{"start":{"line":6,"column":0},"end":{"line":6,"column":73}},"6":{"start":{"line":7,"column":0},"end":{"line":7,"column":79}},"7":{"start":{"line":8,"column":0},"end":{"line":8,"column":47}},"8":{"start":{"line":9,"column":0},"end":{"line":9,"column":70}},"9":{"start":{"line":10,"column":0},"end":{"line":10,"column":73}},"10":{"start":{"line":11,"column":0},"end":{"line":11,"column":76}},"11":{"start":{"line":30,"column":7},"end":{"line":30,"column":null}},"12":{"start":{"line":30,"column":13},"end":{"line":30,"column":36}},"13":{"start":{"line":30,"column":13},"end":{"line":30,"column":null}}},"fnMap":{},"branchMap":{},"s":{"0":0,"1":0,"2":0,"3":0,"4":0,"5":0,"6":0,"7":0,"8":0,"9":0,"10":0,"11":0,"12":0,"13":0},"f":{},"b":{}}
,"/home/hobson007breno/Documentos/projetos/SGL/backend/src/compras-gov-monitor/compras-gov-monitor.service.ts": {"path":"/home/hobson007breno/Documentos/projetos/SGL/backend/src/compras-gov-monitor/compras-gov-monitor.service.ts","statementMap":{"0":{"start":{"line":1,"column":0},"end":{"line":1,"column":52}},"1":{"start":{"line":2,"column":0},"end":{"line":2,"column":40}},"2":{"start":{"line":3,"column":0},"end":{"line":3,"column":47}},"3":{"start":{"line":4,"column":0},"end":{"line":4,"column":33}},"4":{"start":{"line":5,"column":0},"end":{"line":5,"column":73}},"5":{"start":{"line":6,"column":0},"end":{"line":6,"column":73}},"6":{"start":{"line":7,"column":0},"end":{"line":7,"column":57}},"7":{"start":{"line":8,"column":0},"end":{"line":8,"column":82}},"8":{"start":{"line":9,"column":0},"end":{"line":9,"column":25}},"9":{"start":{"line":10,"column":0},"end":{"line":10,"column":29}},"10":{"start":{"line":13,"column":37},"end":{"line":324,"column":null}},"11":{"start":{"line":14,"column":28},"end":{"line":14,"column":69}},"12":{"start":{"line":15,"column":23},"end":{"line":15,"column":28}},"13":{"start":{"line":18,"column":45},"end":{"line":18,"column":47}},"14":{"start":{"line":19,"column":45},"end":{"line":19,"column":49}},"15":{"start":{"line":21,"column":30},"end":{"line":21,"column":63}},"16":{"start":{"line":22,"column":31},"end":{"line":24,"column":null}},"17":{"start":{"line":39,"column":4},"end":{"line":58,"column":5}},"18":{"start":{"line":40,"column":6},"end":{"line":50,"column":7}},"19":{"start":{"line":41,"column":21},"end":{"line":41,"column":60}},"20":{"start":{"line":42,"column":23},"end":{"line":42,"column":39}},"21":{"start":{"line":43,"column":8},"end":{"line":43,"column":62}},"22":{"start":{"line":44,"column":8},"end":{"line":46,"column":17}},"23":{"start":{"line":47,"column":8},"end":{"line":49,"column":10}},"24":{"start":{"line":52,"column":6},"end":{"line":52,"column":70}},"25":{"start":{"line":53,"column":6},"end":{"line":57,"column":8}},"26":{"start":{"line":62,"column":4},"end":{"line":78,"column":5}},"27":{"start":{"line":63,"column":6},"end":{"line":65,"column":7}},"28":{"start":{"line":64,"column":8},"end":{"line":64,"column":57}},"29":{"start":{"line":66,"column":19},"end":{"line":69,"column":8}},"30":{"start":{"line":70,"column":6},"end":{"line":70,"column":78}},"31":{"start":{"line":72,"column":6},"end":{"line":72,"column":68}},"32":{"start":{"line":73,"column":6},"end":{"line":77,"column":8}},"33":{"start":{"line":82,"column":4},"end":{"line":85,"column":6}},"34":{"start":{"line":90,"column":4},"end":{"line":92,"column":6}},"35":{"start":{"line":94,"column":4},"end":{"line":99,"column":5}},"36":{"start":{"line":95,"column":6},"end":{"line":97,"column":8}},"37":{"start":{"line":98,"column":6},"end":{"line":98,"column":13}},"38":{"start":{"line":101,"column":4},"end":{"line":101,"column":27}},"39":{"start":{"line":102,"column":4},"end":{"line":171,"column":5}},"40":{"start":{"line":103,"column":25},"end":{"line":103,"column":78}},"41":{"start":{"line":106,"column":25},"end":{"line":106,"column":47}},"42":{"start":{"line":108,"column":6},"end":{"line":128,"column":7}},"43":{"start":{"line":109,"column":20},"end":{"line":109,"column":51}},"44":{"start":{"line":111,"column":8},"end":{"line":118,"column":9}},"45":{"start":{"line":112,"column":10},"end":{"line":117,"column":13}},"46":{"start":{"line":120,"column":8},"end":{"line":127,"column":11}},"47":{"start":{"line":130,"column":6},"end":{"line":151,"column":7}},"48":{"start":{"line":131,"column":8},"end":{"line":144,"column":9}},"49":{"start":{"line":132,"column":24},"end":{"line":133,"column":null}},"50":{"start":{"line":133,"column":19},"end":{"line":133,"column":37}},"51":{"start":{"line":135,"column":10},"end":{"line":143,"column":11}},"52":{"start":{"line":136,"column":12},"end":{"line":138,"column":13}},"53":{"start":{"line":137,"column":14},"end":{"line":137,"column":61}},"54":{"start":{"line":140,"column":12},"end":{"line":142,"column":13}},"55":{"start":{"line":141,"column":14},"end":{"line":141,"column":58}},"56":{"start":{"line":145,"column":8},"end":{"line":145,"column":46}},"57":{"start":{"line":146,"column":8},"end":{"line":146,"column":27}},"58":{"start":{"line":148,"column":8},"end":{"line":150,"column":10}},"59":{"start":{"line":153,"column":6},"end":{"line":155,"column":8}},"60":{"start":{"line":158,"column":6},"end":{"line":158,"column":79}},"61":{"start":{"line":160,"column":6},"end":{"line":160,"column":74}},"62":{"start":{"line":161,"column":6},"end":{"line":165,"column":8}},"63":{"start":{"line":166,"column":6},"end":{"line":168,"column":8}},"64":{"start":{"line":170,"column":6},"end":{"line":170,"column":30}},"65":{"start":{"line":175,"column":4},"end":{"line":177,"column":5}},"66":{"start":{"line":176,"column":6},"end":{"line":176,"column":42}},"67":{"start":{"line":180,"column":22},"end":{"line":180,"column":42}},"68":{"start":{"line":181,"column":4},"end":{"line":313,"column":5}},"69":{"start":{"line":182,"column":6},"end":{"line":299,"column":7}},"70":{"start":{"line":183,"column":8},"end":{"line":298,"column":9}},"71":{"start":{"line":184,"column":10},"end":{"line":297,"column":11}},"72":{"start":{"line":185,"column":27},"end":{"line":186,"column":null}},"73":{"start":{"line":186,"column":26},"end":{"line":186,"column":77}},"74":{"start":{"line":188,"column":12},"end":{"line":188,"column":63}},"75":{"start":{"line":188,"column":44},"end":{"line":188,"column":61}},"76":{"start":{"line":190,"column":12},"end":{"line":198,"column":14}},"77":{"start":{"line":200,"column":38},"end":{"line":204,"column":null}},"78":{"start":{"line":202,"column":16},"end":{"line":204,"column":64}},"79":{"start":{"line":207,"column":12},"end":{"line":241,"column":13}},"80":{"start":{"line":208,"column":35},"end":{"line":208,"column":71}},"81":{"start":{"line":209,"column":14},"end":{"line":209,"column":64}},"82":{"start":{"line":210,"column":14},"end":{"line":210,"column":54}},"83":{"start":{"line":212,"column":14},"end":{"line":237,"column":15}},"84":{"start":{"line":213,"column":16},"end":{"line":213,"column":126}},"85":{"start":{"line":214,"column":21},"end":{"line":237,"column":15}},"86":{"start":{"line":215,"column":16},"end":{"line":224,"column":17}},"87":{"start":{"line":220,"column":18},"end":{"line":220,"column":117}},"88":{"start":{"line":222,"column":18},"end":{"line":223,"column":83}},"89":{"start":{"line":226,"column":36},"end":{"line":227,"column":null}},"90":{"start":{"line":227,"column":30},"end":{"line":227,"column":58}},"91":{"start":{"line":229,"column":16},"end":{"line":236,"column":17}},"92":{"start":{"line":230,"column":34},"end":{"line":230,"column":63}},"93":{"start":{"line":231,"column":18},"end":{"line":231,"column":58}},"94":{"start":{"line":232,"column":35},"end":{"line":232,"column":50}},"95":{"start":{"line":233,"column":18},"end":{"line":233,"column":186}},"96":{"start":{"line":235,"column":18},"end":{"line":235,"column":115}},"97":{"start":{"line":239,"column":14},"end":{"line":240,"column":76}},"98":{"start":{"line":244,"column":33},"end":{"line":245,"column":null}},"99":{"start":{"line":245,"column":21},"end":{"line":245,"column":39}},"100":{"start":{"line":247,"column":31},"end":{"line":248,"column":null}},"101":{"start":{"line":248,"column":26},"end":{"line":248,"column":50}},"102":{"start":{"line":252,"column":12},"end":{"line":272,"column":13}},"103":{"start":{"line":256,"column":14},"end":{"line":261,"column":17}},"104":{"start":{"line":262,"column":19},"end":{"line":272,"column":13}},"105":{"start":{"line":266,"column":14},"end":{"line":271,"column":17}},"106":{"start":{"line":275,"column":12},"end":{"line":295,"column":13}},"107":{"start":{"line":276,"column":31},"end":{"line":278,"column":27}},"108":{"start":{"line":280,"column":32},"end":{"line":280,"column":54}},"109":{"start":{"line":281,"column":14},"end":{"line":294,"column":15}},"110":{"start":{"line":288,"column":16},"end":{"line":293,"column":19}},"111":{"start":{"line":301,"column":20},"end":{"line":302,"column":null}},"112":{"start":{"line":302,"column":15},"end":{"line":302,"column":33}},"113":{"start":{"line":304,"column":6},"end":{"line":312,"column":7}},"114":{"start":{"line":305,"column":8},"end":{"line":307,"column":9}},"115":{"start":{"line":306,"column":10},"end":{"line":306,"column":57}},"116":{"start":{"line":309,"column":8},"end":{"line":311,"column":9}},"117":{"start":{"line":310,"column":10},"end":{"line":310,"column":54}},"118":{"start":{"line":315,"column":4},"end":{"line":315,"column":42}},"119":{"start":{"line":316,"column":4},"end":{"line":316,"column":23}},"120":{"start":{"line":318,"column":4},"end":{"line":320,"column":6}},"121":{"start":{"line":321,"column":4},"end":{"line":321,"column":77}},"122":{"start":{"line":322,"column":4},"end":{"line":322,"column":75}},"123":{"start":{"line":13,"column":13},"end":{"line":13,"column":37}},"124":{"start":{"line":89,"column":8},"end":{"line":172,"column":null}},"125":{"start":{"line":13,"column":13},"end":{"line":324,"column":null}}},"fnMap":{"0":{"name":"(anonymous_13)","decl":{"start":{"line":38,"column":10},"end":{"line":38,"column":23}},"loc":{"start":{"line":38,"column":23},"end":{"line":59,"column":3}}},"1":{"name":"(anonymous_14)","decl":{"start":{"line":61,"column":10},"end":{"line":61,"column":21}},"loc":{"start":{"line":61,"column":21},"end":{"line":79,"column":3}}},"2":{"name":"(anonymous_15)","decl":{"start":{"line":81,"column":9},"end":{"line":81,"column":25}},"loc":{"start":{"line":81,"column":25},"end":{"line":86,"column":3}}},"3":{"name":"(anonymous_16)","decl":{"start":{"line":89,"column":8},"end":{"line":89,"column":18}},"loc":{"start":{"line":89,"column":18},"end":{"line":172,"column":3}}},"4":{"name":"(anonymous_17)","decl":{"start":{"line":133,"column":12},"end":{"line":133,"column":13}},"loc":{"start":{"line":133,"column":19},"end":{"line":133,"column":37}}},"5":{"name":"(anonymous_18)","decl":{"start":{"line":174,"column":9},"end":{"line":174,"column":21}},"loc":{"start":{"line":174,"column":36},"end":{"line":323,"column":3}}},"6":{"name":"(anonymous_19)","decl":{"start":{"line":186,"column":14},"end":{"line":186,"column":15}},"loc":{"start":{"line":186,"column":26},"end":{"line":186,"column":77}}},"7":{"name":"(anonymous_20)","decl":{"start":{"line":188,"column":24},"end":{"line":188,"column":25}},"loc":{"start":{"line":188,"column":44},"end":{"line":188,"column":61}}},"8":{"name":"(anonymous_21)","decl":{"start":{"line":201,"column":14},"end":{"line":201,"column":15}},"loc":{"start":{"line":202,"column":16},"end":{"line":204,"column":64}}},"9":{"name":"(anonymous_22)","decl":{"start":{"line":227,"column":18},"end":{"line":227,"column":19}},"loc":{"start":{"line":227,"column":30},"end":{"line":227,"column":58}}},"10":{"name":"(anonymous_23)","decl":{"start":{"line":245,"column":14},"end":{"line":245,"column":15}},"loc":{"start":{"line":245,"column":21},"end":{"line":245,"column":39}}},"11":{"name":"(anonymous_24)","decl":{"start":{"line":248,"column":14},"end":{"line":248,"column":15}},"loc":{"start":{"line":248,"column":26},"end":{"line":248,"column":50}}},"12":{"name":"(anonymous_25)","decl":{"start":{"line":302,"column":8},"end":{"line":302,"column":9}},"loc":{"start":{"line":302,"column":15},"end":{"line":302,"column":33}}}},"branchMap":{"0":{"loc":{"start":{"line":40,"column":6},"end":{"line":50,"column":7}},"type":"if","locations":[{"start":{"line":40,"column":6},"end":{"line":50,"column":7}},{"start":{},"end":{}}]},"1":{"loc":{"start":{"line":43,"column":41},"end":{"line":43,"column":61}},"type":"binary-expr","locations":[{"start":{"line":43,"column":41},"end":{"line":43,"column":55}},{"start":{"line":43,"column":59},"end":{"line":43,"column":61}}]},"2":{"loc":{"start":{"line":44,"column":35},"end":{"line":46,"column":16}},"type":"cond-expr","locations":[{"start":{"line":45,"column":12},"end":{"line":45,"column":43}},{"start":{"line":46,"column":12},"end":{"line":46,"column":16}}]},"3":{"loc":{"start":{"line":56,"column":8},"end":{"line":56,"column":48}},"type":"cond-expr","locations":[{"start":{"line":56,"column":29},"end":{"line":56,"column":36}},{"start":{"line":56,"column":39},"end":{"line":56,"column":48}}]},"4":{"loc":{"start":{"line":63,"column":6},"end":{"line":65,"column":7}},"type":"if","locations":[{"start":{"line":63,"column":6},"end":{"line":65,"column":7}},{"start":{},"end":{}}]},"5":{"loc":{"start":{"line":76,"column":8},"end":{"line":76,"column":48}},"type":"cond-expr","locations":[{"start":{"line":76,"column":29},"end":{"line":76,"column":36}},{"start":{"line":76,"column":39},"end":{"line":76,"column":48}}]},"6":{"loc":{"start":{"line":94,"column":4},"end":{"line":99,"column":5}},"type":"if","locations":[{"start":{"line":94,"column":4},"end":{"line":99,"column":5}},{"start":{},"end":{}}]},"7":{"loc":{"start":{"line":111,"column":8},"end":{"line":118,"column":9}},"type":"if","locations":[{"start":{"line":111,"column":8},"end":{"line":118,"column":9}},{"start":{},"end":{}}]},"8":{"loc":{"start":{"line":130,"column":6},"end":{"line":151,"column":7}},"type":"if","locations":[{"start":{"line":130,"column":6},"end":{"line":151,"column":7}},{"start":{"line":147,"column":13},"end":{"line":151,"column":7}}]},"9":{"loc":{"start":{"line":135,"column":10},"end":{"line":143,"column":11}},"type":"if","locations":[{"start":{"line":135,"column":10},"end":{"line":143,"column":11}},{"start":{"line":139,"column":17},"end":{"line":143,"column":11}}]},"10":{"loc":{"start":{"line":136,"column":12},"end":{"line":138,"column":13}},"type":"if","locations":[{"start":{"line":136,"column":12},"end":{"line":138,"column":13}},{"start":{},"end":{}}]},"11":{"loc":{"start":{"line":136,"column":16},"end":{"line":136,"column":55}},"type":"binary-expr","locations":[{"start":{"line":136,"column":16},"end":{"line":136,"column":28}},{"start":{"line":136,"column":32},"end":{"line":136,"column":55}}]},"12":{"loc":{"start":{"line":140,"column":12},"end":{"line":142,"column":13}},"type":"if","locations":[{"start":{"line":140,"column":12},"end":{"line":142,"column":13}},{"start":{},"end":{}}]},"13":{"loc":{"start":{"line":140,"column":16},"end":{"line":140,"column":55}},"type":"binary-expr","locations":[{"start":{"line":140,"column":16},"end":{"line":140,"column":28}},{"start":{"line":140,"column":32},"end":{"line":140,"column":55}}]},"14":{"loc":{"start":{"line":164,"column":8},"end":{"line":164,"column":56}},"type":"cond-expr","locations":[{"start":{"line":164,"column":33},"end":{"line":164,"column":44}},{"start":{"line":164,"column":47},"end":{"line":164,"column":56}}]},"15":{"loc":{"start":{"line":175,"column":4},"end":{"line":177,"column":5}},"type":"if","locations":[{"start":{"line":175,"column":4},"end":{"line":177,"column":5}},{"start":{},"end":{}}]},"16":{"loc":{"start":{"line":182,"column":6},"end":{"line":299,"column":7}},"type":"if","locations":[{"start":{"line":182,"column":6},"end":{"line":299,"column":7}},{"start":{},"end":{}}]},"17":{"loc":{"start":{"line":184,"column":10},"end":{"line":297,"column":11}},"type":"if","locations":[{"start":{"line":184,"column":10},"end":{"line":297,"column":11}},{"start":{},"end":{}}]},"18":{"loc":{"start":{"line":184,"column":14},"end":{"line":184,"column":63}},"type":"binary-expr","locations":[{"start":{"line":184,"column":14},"end":{"line":184,"column":31}},{"start":{"line":184,"column":35},"end":{"line":184,"column":63}}]},"19":{"loc":{"start":{"line":186,"column":26},"end":{"line":186,"column":77}},"type":"binary-expr","locations":[{"start":{"line":186,"column":26},"end":{"line":186,"column":46}},{"start":{"line":186,"column":50},"end":{"line":186,"column":77}}]},"20":{"loc":{"start":{"line":192,"column":28},"end":{"line":192,"column":52}},"type":"binary-expr","locations":[{"start":{"line":192,"column":28},"end":{"line":192,"column":45}},{"start":{"line":192,"column":49},"end":{"line":192,"column":52}}]},"21":{"loc":{"start":{"line":193,"column":34},"end":{"line":193,"column":68}},"type":"binary-expr","locations":[{"start":{"line":193,"column":34},"end":{"line":193,"column":57}},{"start":{"line":193,"column":61},"end":{"line":193,"column":68}}]},"22":{"loc":{"start":{"line":195,"column":29},"end":{"line":195,"column":71}},"type":"cond-expr","locations":[{"start":{"line":195,"column":49},"end":{"line":195,"column":64}},{"start":{"line":195,"column":67},"end":{"line":195,"column":71}}]},"23":{"loc":{"start":{"line":202,"column":16},"end":{"line":204,"column":64}},"type":"binary-expr","locations":[{"start":{"line":202,"column":16},"end":{"line":202,"column":36}},{"start":{"line":203,"column":16},"end":{"line":203,"column":55}},{"start":{"line":204,"column":16},"end":{"line":204,"column":64}}]},"24":{"loc":{"start":{"line":207,"column":12},"end":{"line":241,"column":13}},"type":"if","locations":[{"start":{"line":207,"column":12},"end":{"line":241,"column":13}},{"start":{"line":238,"column":19},"end":{"line":241,"column":13}}]},"25":{"loc":{"start":{"line":212,"column":14},"end":{"line":237,"column":15}},"type":"if","locations":[{"start":{"line":212,"column":14},"end":{"line":237,"column":15}},{"start":{"line":214,"column":21},"end":{"line":237,"column":15}}]},"26":{"loc":{"start":{"line":214,"column":21},"end":{"line":237,"column":15}},"type":"if","locations":[{"start":{"line":214,"column":21},"end":{"line":237,"column":15}},{"start":{"line":225,"column":21},"end":{"line":237,"column":15}}]},"27":{"loc":{"start":{"line":215,"column":16},"end":{"line":224,"column":17}},"type":"if","locations":[{"start":{"line":215,"column":16},"end":{"line":224,"column":17}},{"start":{"line":221,"column":23},"end":{"line":224,"column":17}}]},"28":{"loc":{"start":{"line":216,"column":18},"end":{"line":218,"column":48}},"type":"binary-expr","locations":[{"start":{"line":216,"column":18},"end":{"line":216,"column":29}},{"start":{"line":217,"column":18},"end":{"line":217,"column":41}},{"start":{"line":218,"column":18},"end":{"line":218,"column":48}}]},"29":{"loc":{"start":{"line":229,"column":16},"end":{"line":236,"column":17}},"type":"if","locations":[{"start":{"line":229,"column":16},"end":{"line":236,"column":17}},{"s
[...]
":88,"column":37}},"type":"binary-expr","locations":[{"start":{"line":88,"column":8},"end":{"line":88,"column":20}},{"start":{"line":88,"column":24},"end":{"line":88,"column":37}}]},"7":{"loc":{"start":{"line":90,"column":6},"end":{"line":90,"column":76}},"type":"if","locations":[{"start":{"line":90,"column":6},"end":{"line":90,"column":76}},{"start":{},"end":{}}]},"8":{"loc":{"start":{"line":91,"column":6},"end":{"line":91,"column":78}},"type":"if","locations":[{"start":{"line":91,"column":6},"end":{"line":91,"column":78}},{"start":{},"end":{}}]},"9":{"loc":{"start":{"line":94,"column":17},"end":{"line":94,"column":40}},"type":"binary-expr","locations":[{"start":{"line":94,"column":17},"end":{"line":94,"column":35}},{"start":{"line":94,"column":39},"end":{"line":94,"column":40}}]},"10":{"loc":{"start":{"line":95,"column":18},"end":{"line":95,"column":43}},"type":"binary-expr","locations":[{"start":{"line":95,"column":18},"end":{"line":95,"column":37}},{"start":{"line":95,"column":41},"end":{"line":95,"column":43}}]},"11":{"loc":{"start":{"line":110,"column":23},"end":{"line":110,"column":52}},"type":"binary-expr","locations":[{"start":{"line":110,"column":23},"end":{"line":110,"column":47}},{"start":{"line":110,"column":51},"end":{"line":110,"column":52}}]},"12":{"loc":{"start":{"line":120,"column":4},"end":{"line":120,"column":74}},"type":"if","locations":[{"start":{"line":120,"column":4},"end":{"line":120,"column":74}},{"start":{},"end":{}}]},"13":{"loc":{"start":{"line":18,"column":55},"end":{"line":18,"column":78}},"type":"cond-expr","locations":[{"start":{"line":18,"column":60},"end":{"line":18,"column":78}},{"start":{"line":18,"column":60},"end":{"line":18,"column":78}}]},"14":{"loc":{"start":{"line":18,"column":55},"end":{"line":18,"column":60}},"type":"binary-expr","locations":[{"start":{"line":18,"column":55},"end":{"line":18,"column":78}},{"start":{"line":18,"column":55},"end":{"line":18,"column":60}}]},"15":{"loc":{"start":{"line":18,"column":60},"end":{"line":19,"column":75}},"type":"cond-expr","locations":[{"start":{"line":19,"column":58},"end":{"line":19,"column":75}},{"start":{"line":19,"column":58},"end":{"line":19,"column":75}}]},"16":{"loc":{"start":{"line":18,"column":60},"end":{"line":19,"column":58}},"type":"binary-expr","locations":[{"start":{"line":18,"column":60},"end":{"line":19,"column":75}},{"start":{"line":19,"column":53},"end":{"line":19,"column":58}}]},"17":{"loc":{"start":{"line":19,"column":58},"end":{"line":21,"column":58}},"type":"cond-expr","locations":[{"start":{"line":21,"column":36},"end":{"line":21,"column":58}},{"start":{"line":21,"column":36},"end":{"line":21,"column":58}}]},"18":{"loc":{"start":{"line":19,"column":58},"end":{"line":21,"column":36}},"type":"binary-expr","locations":[{"start":{"line":19,"column":58},"end":{"line":21,"column":58}},{"start":{"line":21,"column":31},"end":{"line":21,"column":36}}]}},"s":{"0":0,"1":0,"2":0,"3":0,"4":0,"5":0,"6":0,"7":0,"8":0,"9":0,"10":0,"11":0,"12":0,"13":0,"14":0,"15":0,"16":0,"17":0,"18":0,"19":0,"20":0,"21":0,"22":0,"23":0,"24":0,"25":0,"26":0,"27":0,"28":0,"29":0,"30":0,"31":0,"32":0,"33":0,"34":0,"35":0,"36":0,"37":0,"38":0,"39":0,"40":0,"41":0,"42":0,"43":0,"44":0,"45":0},"f":{"0":0,"1":0,"2":0,"3":0,"4":0},"b":{"0":[0,0],"1":[0,0,0],"2":[0,0],"3":[0,0],"4":[0,0],"5":[0,0],"6":[0,0],"7":[0,0],"8":[0,0],"9":[0,0],"10":[0,0],"11":[0,0],"12":[0,0],"13":[0,0],"14":[0,0],"15":[0,0],"16":[0,0],"17":[0,0],"18":[0,0]}}
,"/home/hobson007breno/Documentos/projetos/SGL/backend/src/receita-federal/receita-federal.module.ts": {"path":"/home/hobson007breno/Documentos/projetos/SGL/backend/src/receita-federal/receita-federal.module.ts","statementMap":{"0":{"start":{"line":1,"column":0},"end":{"line":1,"column":40}},"1":{"start":{"line":2,"column":0},"end":{"line":2,"column":50}},"2":{"start":{"line":3,"column":0},"end":{"line":3,"column":66}},"3":{"start":{"line":4,"column":0},"end":{"line":4,"column":null}},"4":{"start":{"line":18,"column":7},"end":{"line":18,"column":null}},"5":{"start":{"line":18,"column":13},"end":{"line":18,"column":33}},"6":{"start":{"line":18,"column":13},"end":{"line":18,"column":null}}},"fnMap":{},"branchMap":{},"s":{"0":1,"1":1,"2":1,"3":1,"4":1,"5":1,"6":1},"f":{},"b":{}}
,"/home/hobson007breno/Documentos/projetos/SGL/backend/src/receita-federal/receita-federal.schema.ts": {"path":"/home/hobson007breno/Documentos/projetos/SGL/backend/src/receita-federal/receita-federal.schema.ts","statementMap":{"0":{"start":{"line":1,"column":0},"end":{"line":1,"column":63}},"1":{"start":{"line":7,"column":7},"end":{"line":55,"column":null}},"2":{"start":{"line":7,"column":13},"end":{"line":7,"column":28}},"3":{"start":{"line":9,"column":2},"end":{"line":9,"column":null}},"4":{"start":{"line":12,"column":2},"end":{"line":12,"column":null}},"5":{"start":{"line":15,"column":2},"end":{"line":15,"column":25}},"6":{"start":{"line":18,"column":2},"end":{"line":18,"column":27}},"7":{"start":{"line":21,"column":2},"end":{"line":21,"column":26}},"8":{"start":{"line":24,"column":2},"end":{"line":24,"column":27}},"9":{"start":{"line":27,"column":2},"end":{"line":27,"column":30}},"10":{"start":{"line":30,"column":2},"end":{"line":30,"column":14}},"11":{"start":{"line":33,"column":2},"end":{"line":33,"column":21}},"12":{"start":{"line":36,"column":2},"end":{"line":36,"column":16}},"13":{"start":{"line":39,"column":2},"end":{"line":39,"column":21}},"14":{"start":{"line":42,"column":2},"end":{"line":42,"column":18}},"15":{"start":{"line":45,"column":2},"end":{"line":45,"column":23}},"16":{"start":{"line":48,"column":2},"end":{"line":48,"column":19}},"17":{"start":{"line":51,"column":2},"end":{"line":51,"column":24}},"18":{"start":{"line":54,"column":2},"end":{"line":54,"column":19}},"19":{"start":{"line":7,"column":13},"end":{"line":55,"column":null}},"20":{"start":{"line":57,"column":13},"end":{"line":58,"column":48}},"21":{"start":{"line":61,"column":0},"end":{"line":61,"column":58}},"22":{"start":{"line":62,"column":0},"end":{"line":62,"column":72}}},"fnMap":{},"branchMap":{},"s":{"0":2,"1":2,"2":2,"3":2,"4":2,"5":2,"6":2,"7":2,"8":2,"9":2,"10":2,"11":2,"12":2,"13":2,"14":2,"15":2,"16":2,"17":2,"18":2,"19":2,"20":2,"21":2,"22":2},"f":{},"b":{}}
,"/home/hobson007breno/Documentos/projetos/SGL/backend/src/receita-federal/receita-federal.service.ts": {"path":"/home/hobson007breno/Documentos/projetos/SGL/backend/src/receita-federal/receita-federal.service.ts","statementMap":{"0":{"start":{"line":1,"column":0},"end":{"line":1,"column":52}},"1":{"start":{"line":2,"column":0},"end":{"line":2,"column":47}},"2":{"start":{"line":3,"column":0},"end":{"line":3,"column":33}},"3":{"start":{"line":4,"column":0},"end":{"line":4,"column":null}},"4":{"start":{"line":8,"column":0},"end":{"line":8,"column":31}},"5":{"start":{"line":9,"column":0},"end":{"line":9,"column":37}},"6":{"start":{"line":10,"column":0},"end":{"line":10,"column":34}},"7":{"start":{"line":11,"column":0},"end":{"line":11,"column":36}},"8":{"start":{"line":12,"column":0},"end":{"line":12,"column":62}},"9":{"start":{"line":15,"column":34},"end":{"line":368,"column":null}},"10":{"start":{"line":16,"column":28},"end":{"line":16,"column":66}},"11":{"start":{"line":20,"column":21},"end":{"line":20,"column":43}},"12":{"start":{"line":24,"column":4},"end":{"line":24,"column":70}},"13":{"start":{"line":25,"column":19},"end":{"line":25,"column":23}},"14":{"start":{"line":26,"column":23},"end":{"line":26,"column":27}},"15":{"start":{"line":29,"column":26},"end":{"line":31,"column":null}},"16":{"start":{"line":33,"column":21},"end":{"line":35,"column":null}},"17":{"start":{"line":39,"column":4},"end":{"line":39,"column":66}},"18":{"start":{"line":41,"column":20},"end":{"line":41,"column":50}},"19":{"start":{"line":42,"column":4},"end":{"line":51,"column":5}},"20":{"start":{"line":44,"column":6},"end":{"line":50,"column":8}},"21":{"start":{"line":54,"column":4},"end":{"line":54,"column":67}},"22":{"start":{"line":55,"column":31},"end":{"line":57,"column":13}},"23":{"start":{"line":58,"column":27},"end":{"line":58,"column":54}},"24":{"start":{"line":59,"column":4},"end":{"line":61,"column":6}},"25":{"start":{"line":64,"column":4},"end":{"line":64,"column":73}},"26":{"start":{"line":65,"column":4},"end":{"line":71,"column":5}},"27":{"start":{"line":67,"column":6},"end":{"line":70,"column":8}},"28":{"start":{"line":73,"column":4},"end":{"line":73,"column":63}},"29":{"start":{"line":15,"column":13},"end":{"line":15,"column":34}},"30":{"start":{"line":15,"column":13},"end":{"line":368,"column":null}}},"fnMap":{"0":{"name":"(anonymous_13)","decl":{"start":{"line":18,"column":2},"end":{"line":18,"column":null}},"loc":{"start":{"line":20,"column":73},"end":{"line":21,"column":6}}},"1":{"name":"(anonymous_14)","decl":{"start":{"line":23,"column":2},"end":{"line":23,"column":7}},"loc":{"start":{"line":23,"column":22},"end":{"line":74,"column":3}}}},"branchMap":{"0":{"loc":{"start":{"line":20,"column":43},"end":{"line":20,"column":73}},"type":"cond-expr","locations":[{"start":{"line":20,"column":48},"end":{"line":20,"column":73}},{"start":{"line":20,"column":48},"end":{"line":20,"column":73}}]},"1":{"loc":{"start":{"line":20,"column":43},"end":{"line":20,"column":48}},"type":"binary-expr","locations":[{"start":{"line":20,"column":43},"end":{"line":20,"column":73}},{"start":{"line":20,"column":43},"end":{"line":20,"column":48}}]}},"s":{"0":2,"1":2,"2":2,"3":2,"4":2,"5":2,"6":2,"7":2,"8":2,"9":2,"10":3,"11":3,"12":1,"13":1,"14":1,"15":1,"16":1,"17":1,"18":1,"19":1,"20":10,"21":1,"22":1,"23":1,"24":1,"25":1,"26":1,"27":10,"28":1,"29":2,"30":2},"f":{"0":3,"1":1},"b":{"0":[2,0],"1":[2,2]}}
,"/home/hobson007breno/Documentos/projetos/SGL/backend/src/receita-federal/utils/retry-with-backoff.ts": {"path":"/home/hobson007breno/Documentos/projetos/SGL/backend/src/receita-federal/utils/retry-with-backoff.ts","statementMap":{"0":{"start":{"line":8,"column":0},"end":{"line":8,"column":7}},"1":{"start":{"line":17,"column":6},"end":{"line":17,"column":13}},"2":{"start":{"line":21,"column":2},"end":{"line":50,"column":3}},"3":{"start":{"line":21,"column":21},"end":{"line":21,"column":22}},"4":{"start":{"line":22,"column":4},"end":{"line":49,"column":5}},"5":{"start":{"line":23,"column":6},"end":{"line":23,"column":24}},"6":{"start":{"line":25,"column":6},"end":{"line":25,"column":31}},"7":{"start":{"line":27,"column":19},"end":{"line":27,"column":27}},"8":{"start":{"line":29,"column":8},"end":{"line":36,"column":45}},"9":{"start":{"line":38,"column":6},"end":{"line":40,"column":7}},"10":{"start":{"line":39,"column":8},"end":{"line":39,"column":24}},"11":{"start":{"line":42,"column":20},"end":{"line":44,"column":null}},"12":{"start":{"line":47,"column":6},"end":{"line":47,"column":40}},"13":{"start":{"line":48,"column":6},"end":{"line":48,"column":65}},"14":{"start":{"line":48,"column":37},"end":{"line":48,"column":63}}},"fnMap":{"0":{"name":"retryWithBackoff","decl":{"start":{"line":8,"column":22},"end":{"line":8,"column":38}},"loc":{"start":{"line":10,"column":28},"end":{"line":54,"column":1}}},"1":{"name":"(anonymous_1)","decl":{"start":{"line":48,"column":24},"end":{"line":48,"column":25}},"loc":{"start":{"line":48,"column":37},"end":{"line":48,"column":63}}}},"branchMap":{"0":{"loc":{"start":{"line":10,"column":2},"end":{"line":10,"column":28}},"type":"default-arg","locations":[{"start":{"line":10,"column":26},"end":{"line":10,"column":28}}]},"1":{"loc":{"start":{"line":13,"column":4},"end":{"line":13,"column":18}},"type":"default-arg","locations":[{"start":{"line":13,"column":17},"end":{"line":13,"column":18}}]},"2":{"loc":{"start":{"line":14,"column":4},"end":{"line":14,"column":22}},"type":"default-arg","locations":[{"start":{"line":14,"column":18},"end":{"line":14,"column":22}}]},"3":{"loc":{"start":{"line":15,"column":4},"end":{"line":15,"column":22}},"type":"default-arg","locations":[{"start":{"line":15,"column":17},"end":{"line":15,"column":22}}]},"4":{"loc":{"start":{"line":29,"column":8},"end":{"line":36,"column":45}},"type":"binary-expr","locations":[{"start":{"line":29,"column":8},"end":{"line":29,"column":43}},{"start":{"line":30,"column":9},"end":{"line":30,"column":29}},{"start":{"line":31,"column":10},"end":{"line":31,"column":31}},{"start":{"line":32,"column":10},"end":{"line":32,"column":33}},{"start":{"line":33,"column":10},"end":{"line":33,"column":30}},{"start":{"line":34,"column":10},"end":{"line":34,"column":55}},{"start":{"line":35,"column":10},"end":{"line":35,"column":42}},{"start":{"line":36,"column":10},"end":{"line":36,"column":44}}]},"5":{"loc":{"start":{"line":38,"column":6},"end":{"line":40,"column":7}},"type":"if","locations":[{"start":{"line":38,"column":6},"end":{"line":40,"column":7}},{"start":{},"end":{}}]},"6":{"loc":{"start":{"line":38,"column":10},"end":{"line":38,"column":48}},"type":"binary-expr","locations":[{"start":{"line":38,"column":10},"end":{"line":38,"column":22}},{"start":{"line":38,"column":26},"end":{"line":38,"column":48}}]}},"s":{"0":3,"1":5,"2":5,"3":5,"4":9,"5":9,"6":6,"7":6,"8":6,"9":6,"10":2,"11":4,"12":4,"13":4,"14":4},"f":{"0":5,"1":4},"b":{"0":[0],"1":[0],"2":[1],"3":[5],"4":[6,5,5,4,4,4,0,0],"5":[2,4],"6":[6,5]}}
,"/home/hobson007breno/Documentos/projetos/SGL/backend/src/sefaz-ce/sefaz-ce-scraper.service.ts": {"path":"/home/hobson007breno/Documentos/projetos/SGL/backend/src/sefaz-ce/sefaz-ce-scraper.service.ts","statementMap":{"0":{"start":{"line":1,"column":0},"end":{"line":1,"column":52}},"1":{"start":{"line":2,"column":0},"end":{"line":2,"column":39}},"2":{"start":{"line":5,"column":34},"end":{"line":135,"column":null}},"3":{"start":{"line":6,"column":28},"end":{"line":6,"column":66}},"4":{"start":{"line":13,"column":4},"end":{"line":13,"column":34}},"5":{"start":{"line":13,"column":22},"end":{"line":13,"column":34}},"6":{"start":{"line":14,"column":18},"end":{"line":14,"column":39}},"7":{"start":{"line":15,"column":18},"end":{"line":15,"column":42}},"8":{"start":{"line":16,"column":4},"end":{"line":20,"column":5}},"9":{"start":{"line":17,"column":27},"end":{"line":17,"column":35}},"10":{"start":{"line":18,"column":18},"end":{"line":18,"column":26}},"11":{"start":{"line":19,"column":6},"end":{"line":19,"column":38}},"12":{"start":{"line":22,"column":4},"end":{"line":25,"column":5}},"13":{"start":{"line":23,"column":27},"end":{"line":23,"column":48}},"14":{"start":{"line":24,"column":6},"end":{"line":24,"column":26}},"15":{"start":{"line":26,"column":4},"end":{"line":26,"column":16}},"16":{"start":{"line":34,"column":4},"end":{"line":36,"column":6}},"17":{"start":{"line":39,"column":6},"end":{"line":39,"column":74}},"18":{"start":{"line":41,"column":4},"end":{"line":133,"column":5}},"19":{"start":{"line":43,"column":6},"end":{"line":54,"column":9}},"20":{"start":{"line":56,"column":19},"end":{"line":56,"column":42}},"21":{"start":{"line":59,"column":6},"end":{"line":59,"column":46}},"22":{"start":{"line":60,"column":6},"end":{"line":66,"column":9}},"23":{"start":{"line":61,"column":8},"end":{"line":65,"column":9}},"24":{"start":{"line":62,"column":10},"end":{"line":62,"column":22}},"25":{"start":{"line":64,"column":10},"end":{"line":64,"column":25}},"26":{"start":{"line":69,"column":6},"end":{"line":72,"column":8}},"27":{"start":{"line":76,"column":8},"end":{"line":76,"column":70}},"28":{"start":{"line":77,"column":6},"end":{"line":77,"column":48}},"29":{"start":{"line":78,"column":6},"end":{"line":78,"column":49}},"30":{"start":{"line":81,"column":24},"end":{"line":81,"column":64}},"31":{"start":{"line":82,"column":6},"end":{"line":82,"column":34}},"32":{"start":{"line":86,"column":6},"end":{"line":88,"column":8}},"33":{"start":{"line":91,"column":30},"end":{"line":112,"column":null}},"34":{"start":{"line":115,"column":21},"end":{"line":115,"column":54}},"35":{"start":{"line":116,"column":6},"end":{"line":116,"column":73}},"36":{"start":{"line":117,"column":6},"end":{"line":117,"column":30}},"37":{"start":{"line":119,"column":6},"end":{"line":127,"column":7}},"38":{"start":{"line":120,"column":8},"end":{"line":122,"column":10}},"39":{"start":{"line":124,"column":8},"end":{"line":126,"column":10}},"40":{"start":{"line":128,"column":6},"end":{"line":128,"column":18}},"41":{"start":{"line":130,"column":6},"end":{"line":132,"column":7}},"42":{"start":{"line":131,"column":8},"end":{"line":131,"column":30}},"43":{"start":{"line":5,"column":13},"end":{"line":5,"column":34}},"44":{"start":{"line":5,"column":13},"end":{"line":135,"column":null}}},"fnMap":{"0":{"name":"(anonymous_2)","decl":{"start":{"line":12,"column":9},"end":{"line":12,"column":33}},"loc":{"start":{"line":12,"column":53},"end":{"line":27,"column":3}}},"1":{"name":"(anonymous_3)","decl":{"start":{"line":33,"column":2},"end":{"line":33,"column":7}},"loc":{"start":{"line":33,"column":51},"end":{"line":134,"column":3}}},"2":{"name":"(anonymous_4)","decl":{"start":{"line":60,"column":25},"end":{"line":60,"column":26}},"loc":{"start":{"line":60,"column":33},"end":{"line":66,"column":7}}}},"branchMap":{"0":{"loc":{"start":{"line":13,"column":4},"end":{"line":13,"column":34}},"type":"if","locations":[{"start":{"line":13,"column":4},"end":{"line":13,"column":34}},{"start":{},"end":{}}]},"1":{"loc":{"start":{"line":16,"column":4},"end":{"line":20,"column":5}},"type":"if","locations":[{"start":{"line":16,"column":4},"end":{"line":20,"column":5}},{"start":{},"end":{}}]},"2":{"loc":{"start":{"line":22,"column":4},"end":{"line":25,"column":5}},"type":"if","locations":[{"start":{"line":22,"column":4},"end":{"line":25,"column":5}},{"start":{},"end":{}}]},"3":{"loc":{"start":{"line":22,"column":8},"end":{"line":22,"column":61}},"type":"binary-expr","locations":[{"start":{"line":22,"column":8},"end":{"line":22,"column":31}},{"start":{"line":22,"column":35},"end":{"line":22,"column":61}}]},"4":{"loc":{"start":{"line":39,"column":6},"end":{"line":39,"column":74}},"type":"binary-expr","locations":[{"start":{"line":39,"column":6},"end":{"line":39,"column":43}},{"start":{"line":39,"column":47},"end":{"line":39,"column":74}}]},"5":{"loc":{"start":{"line":61,"column":8},"end":{"line":65,"column":9}},"type":"if","locations":[{"start":{"line":61,"column":8},"end":{"line":65,"column":9}},{"start":{"line":63,"column":15},"end":{"line":65,"column":9}}]},"6":{"loc":{"start":{"line":119,"column":6},"end":{"line":127,"column":7}},"type":"if","locations":[{"start":{"line":119,"column":6},"end":{"line":127,"column":7}},{"start":{"line":123,"column":13},"end":{"line":127,"column":7}}]},"7":{"loc":{"start":{"line":119,"column":10},"end":{"line":119,"column":68}},"type":"binary-expr","locations":[{"start":{"line":119,"column":10},"end":{"line":119,"column":23}},{"start":{"line":119,"column":27},"end":{"line":119,"column":68}}]},"8":{"loc":{"start":{"line":130,"column":6},"end":{"line":132,"column":7}},"type":"if","locations":[{"start":{"line":130,"column":6},"end":{"line":132,"column":7}},{"start":{},"end":{}}]}},"s":{"0":0,"1":0,"2":0,"3":0,"4":0,"5":0,"6":0,"7":0,"8":0,"9":0,"10":0,"11":0,"12":0,"13":0,"14":0,"15":0,"16":0,"17":0,"18":0,"19":0,"20":0,"21":0,"22":0,"23":0,"24":0,"25":0,"26":0,"27":0,"28":0,"29":0,"30":0,"31":0,"32":0,"33":0,"34":0,"35":0,"36":0,"37":0,"38":0,"39":0,"40":0,"41":0,"42":0,"43":0,"44":0},"f":{"0":0,"1":0,"2":0},"b":{"0":[0,0],"1":[0,0],"2":[0,0],"3":[0,0],"4":[0,0],"5":[0,0],"6":[0,0],"7":[0,0],"8":[0,0]}}
,"/home/hobson007breno/Documentos/projetos/SGL/backend/src/sefaz-ce/sefaz-ce.module.ts": {"path":"/home/hobson007breno/Documentos/projetos/SGL/backend/src/sefaz-ce/sefaz-ce.module.ts","statementMap":{"0":{"start":{"line":1,"column":0},"end":{"line":1,"column":40}},"1":{"start":{"line":2,"column":0},"end":{"line":2,"column":67}},"2":{"start":{"line":8,"column":7},"end":{"line":8,"column":null}},"3":{"start":{"line":8,"column":13},"end":{"line":8,"column":26}},"4":{"start":{"line":8,"column":13},"end":{"line":8,"column":null}}},"fnMap":{},"branchMap":{},"s":{"0":0,"1":0,"2":0,"3":0,"4":0},"f":{},"b":{}}
}
