TN:
SF:src/app.controller.ts
FN:6,(anonymous_2)
FN:9,(anonymous_3)
FNF:2
FNH:0
FNDA:0,(anonymous_2)
FNDA:0,(anonymous_3)
DA:1,0
DA:2,0
DA:5,0
DA:6,0
DA:9,0
DA:10,0
LF:6
LH:0
BRDA:6,0,0,0
BRDA:6,0,1,0
BRDA:6,1,0,0
BRDA:6,1,1,0
BRF:4
BRH:0
end_of_record
TN:
SF:src/app.module.ts
FN:35,(anonymous_1)
FN:39,(anonymous_2)
FN:40,(anonymous_3)
FNF:3
FNH:0
FNDA:0,(anonymous_1)
FNDA:0,(anonymous_2)
FNDA:0,(anonymous_3)
DA:1,0
DA:2,0
DA:3,0
DA:4,0
DA:5,0
DA:6,0
DA:7,0
DA:8,0
DA:9,0
DA:10,0
DA:11,0
DA:12,0
DA:13,0
DA:14,0
DA:15,0
DA:16,0
DA:17,0
DA:18,0
DA:19,0
DA:20,0
DA:21,0
DA:22,0
DA:23,0
DA:24,0
DA:35,0
DA:39,0
DA:40,0
DA:71,0
LF:28
LH:0
BRDA:31,0,0,0
BRDA:31,0,1,0
BRDA:34,1,0,0
BRDA:34,1,1,0
BRDA:45,2,0,0
BRDA:45,2,1,0
BRF:6
BRH:0
end_of_record
TN:
SF:src/app.service.ts
FN:5,(anonymous_1)
FNF:1
FNH:0
FNDA:0,(anonymous_1)
DA:1,0
DA:4,0
DA:6,0
LF:3
LH:0
BRF:0
BRH:0
end_of_record
TN:
SF:src/main.ts
FN:9,bootstrap
FNF:1
FNH:0
FNDA:0,bootstrap
DA:1,0
DA:2,0
DA:3,0
DA:5,0
DA:7,0
DA:10,0
DA:11,0
DA:12,0
DA:14,0
DA:15,0
DA:17,0
DA:22,0
DA:23,0
DA:25,0
DA:27,0
LF:15
LH:0
BRDA:25,0,0,0
BRDA:25,0,1,0
BRF:2
BRH:0
end_of_record
TN:
SF:src/bot/bot-execucao.schema.ts
FNF:0
FNH:0
DA:1,0
DA:2,0
DA:7,0
DA:9,0
DA:12,0
DA:15,0
DA:18,0
DA:21,0
DA:24,0
LF:9
LH:0
BRDA:9,0,0,0
BRDA:9,0,1,0
BRDA:9,1,0,0
BRDA:9,1,1,0
BRDA:12,2,0,0
BRDA:12,2,1,0
BRDA:12,3,0,0
BRDA:12,3,1,0
BRDA:12,3,2,0
BRF:9
BRH:0
end_of_record
TN:
SF:src/bot/bot.controller.ts
FN:11,(anonymous_4)
FN:20,(anonymous_5)
FN:27,(anonymous_6)
FNF:3
FNH:0
FNDA:0,(anonymous_4)
FNDA:0,(anonymous_5)
FNDA:0,(anonymous_6)
DA:1,0
DA:2,0
DA:3,0
DA:4,0
DA:5,0
DA:6,0
DA:10,0
DA:12,0
DA:14,0
DA:20,0
DA:21,0
DA:27,0
DA:28,0
LF:13
LH:0
BRDA:27,0,0,0
BRDA:27,1,0,0
BRDA:12,2,0,0
BRDA:12,2,1,0
BRDA:12,3,0,0
BRDA:12,3,1,0
BRDA:12,4,0,0
BRDA:12,4,1,0
BRDA:12,5,0,0
BRDA:12,5,1,0
BRF:10
BRH:0
end_of_record
TN:
SF:src/bot/bot.module.ts
FN:26,(anonymous_1)
FNF:1
FNH:0
FNDA:0,(anonymous_1)
DA:1,0
DA:2,0
DA:3,0
DA:4,0
DA:5,0
DA:6,0
DA:7,0
DA:8,0
DA:9,0
DA:10,0
DA:11,0
DA:12,0
DA:13,0
DA:26,0
DA:33,0
LF:15
LH:0
BRF:0
BRH:0
end_of_record
TN:
SF:src/bot/bot.service.ts
FN:36,(anonymous_4)
FN:55,(anonymous_5)
FN:66,(anonymous_6)
FN:67,(anonymous_7)
FN:99,(anonymous_8)
FN:107,(anonymous_9)
FN:113,(anonymous_10)
FN:118,(anonymous_11)
FN:131,(anonymous_12)
FN:212,(anonymous_13)
FN:223,(anonymous_14)
FN:231,(anonymous_15)
FN:243,(anonymous_16)
FN:247,(anonymous_17)
FN:369,(anonymous_18)
FN:47,(anonymous_19)
FNF:16
FNH:0
FNDA:0,(anonymous_4)
FNDA:0,(anonymous_5)
FNDA:0,(anonymous_6)
FNDA:0,(anonymous_7)
FNDA:0,(anonymous_8)
FNDA:0,(anonymous_9)
FNDA:0,(anonymous_10)
FNDA:0,(anonymous_11)
FNDA:0,(anonymous_12)
FNDA:0,(anonymous_13)
FNDA:0,(anonymous_14)
FNDA:0,(anonymous_15)
FNDA:0,(anonymous_16)
FNDA:0,(anonymous_17)
FNDA:0,(anonymous_18)
FNDA:0,(anonymous_19)
DA:1,0
DA:8,0
DA:9,0
DA:10,0
DA:11,0
DA:12,0
DA:13,0
DA:17,0
DA:21,0
DA:22,0
DA:23,0
DA:24,0
DA:25,0
DA:26,0
DA:27,0
DA:28,0
DA:29,0
DA:32,0
DA:33,0
DA:34,0
DA:38,0
DA:40,0
DA:42,0
DA:43,0
DA:44,0
DA:45,0
DA:46,0
DA:47,0
DA:48,0
DA:49,0
DA:50,0
DA:51,0
DA:52,0
DA:56,0
DA:58,0
DA:63,0
DA:66,0
DA:67,0
DA:68,0
DA:69,0
DA:70,0
DA:72,0
DA:73,0
DA:77,0
DA:80,0
DA:82,0
DA:87,0
DA:88,0
DA:89,0
DA:101,0
DA:102,0
DA:106,0
DA:107,0
DA:108,0
DA:109,0
DA:113,0
DA:114,0
DA:115,0
DA:116,0
DA:118,0
DA:119,0
DA:120,0
DA:123,0
DA:124,0
DA:125,0
DA:132,0
DA:133,0
DA:134,0
DA:137,0
DA:138,0
DA:139,0
DA:140,0
DA:142,0
DA:144,0
DA:145,0
DA:146,0
DA:147,0
DA:148,0
DA:150,0
DA:152,0
DA:153,0
DA:154,0
DA:155,0
DA:158,0
DA:159,0
DA:160,0
DA:161,0
DA:162,0
DA:163,0
DA:165,0
DA:166,0
DA:168,0
DA:178,0
DA:179,0
DA:181,0
DA:182,0
DA:183,0
DA:184,0
DA:188,0
DA:189,0
DA:190,0
DA:191,0
DA:195,0
DA:196,0
DA:197,0
DA:198,0
DA:201,0
DA:204,0
DA:210,0
DA:211,0
DA:212,0
DA:213,0
DA:215,0
DA:217,0
DA:222,0
DA:223,0
DA:224,0
DA:229,0
DA:231,0
DA:232,0
DA:233,0
DA:237,0
DA:238,0
DA:240,0
DA:243,0
DA:244,0
DA:247,0
DA:248,0
DA:249,0
DA:258,0
DA:259,0
DA:262,0
DA:270,0
DA:273,0
DA:276,0
DA:280,0
DA:281,0
DA:282,0
DA:283,0
DA:285,0
DA:299,0
DA:300,0
DA:303,0
DA:304,0
DA:312,0
DA:313,0
DA:323,0
DA:327,0
DA:328,0
DA:331,0
DA:336,0
DA:344,0
DA:350,0
DA:353,0
DA:354,0
DA:355,0
DA:356,0
DA:357,0
DA:361,0
DA:363,0
DA:364,0
DA:365,0
DA:370,0
LF:163
LH:0
BRDA:58,0,0,0
BRDA:58,0,1,0
BRDA:58,1,0,0
BRDA:58,1,1,0
BRDA:73,2,0,0
BRDA:73,2,1,0
BRDA:74,3,0,0
BRDA:74,3,1,0
BRDA:87,4,0,0
BRDA:87,4,1,0
BRDA:92,5,0,0
BRDA:92,5,1,0
BRDA:101,6,0,0
BRDA:101,6,1,0
BRDA:108,7,0,0
BRDA:108,7,1,0
BRDA:131,8,0,0
BRDA:132,9,0,0
BRDA:132,9,1,0
BRDA:173,10,0,0
BRDA:173,10,1,0
BRDA:173,11,0,0
BRDA:173,11,1,0
BRDA:181,12,0,0
BRDA:181,12,1,0
BRDA:181,13,0,0
BRDA:181,13,1,0
BRDA:183,14,0,0
BRDA:183,14,1,0
BRDA:183,15,0,0
BRDA:183,15,1,0
BRDA:188,16,0,0
BRDA:188,16,1,0
BRDA:188,17,0,0
BRDA:188,17,1,0
BRDA:190,18,0,0
BRDA:190,18,1,0
BRDA:190,19,0,0
BRDA:190,19,1,0
BRDA:195,20,0,0
BRDA:195,20,1,0
BRDA:195,21,0,0
BRDA:195,21,1,0
BRDA:197,22,0,0
BRDA:197,22,1,0
BRDA:197,23,0,0
BRDA:197,23,1,0
BRDA:211,24,0,0
BRDA:211,24,1,0
BRDA:215,25,0,0
BRDA:215,25,1,0
BRDA:222,26,0,0
BRDA:222,26,1,0
BRDA:222,27,0,0
BRDA:222,27,1,0
BRDA:224,28,0,0
BRDA:224,28,1,0
BRDA:233,29,0,0
BRDA:233,29,1,0
BRDA:237,30,0,0
BRDA:237,30,1,0
BRDA:245,31,0,0
BRDA:245,31,1,0
BRDA:250,32,0,0
BRDA:250,32,1,0
BRDA:258,33,0,0
BRDA:258,33,1,0
BRDA:270,34,0,0
BRDA:270,34,1,0
BRDA:280,35,0,0
BRDA:280,35,1,0
BRDA:299,36,0,0
BRDA:299,36,1,0
BRDA:303,37,0,0
BRDA:303,37,1,0
BRDA:312,38,0,0
BRDA:312,38,1,0
BRDA:318,39,0,0
BRDA:318,39,1,0
BRDA:327,40,0,0
BRDA:327,40,1,0
BRDA:334,41,0,0
BRDA:334,41,1,0
BRDA:353,42,0,0
BRDA:353,42,1,0
BRDA:38,43,0,0
BRDA:38,43,1,0
BRDA:38,44,0,0
BRDA:38,44,1,0
BRDA:38,45,0,0
BRDA:38,45,1,0
BRDA:38,46,0,0
BRDA:38,46,1,0
BRDA:40,47,0,0
BRDA:40,47,1,0
BRDA:40,48,0,0
BRDA:40,48,1,0
BRDA:42,49,0,0
BRDA:42,49,1,0
BRDA:42,50,0,0
BRDA:42,50,1,0
BRDA:43,51,0,0
BRDA:43,51,1,0
BRDA:43,52,0,0
BRDA:43,52,1,0
BRDA:44,53,0,0
BRDA:44,53,1,0
BRDA:44,54,0,0
BRDA:44,54,1,0
BRDA:45,55,0,0
BRDA:45,55,1,0
BRDA:45,56,0,0
BRDA:45,56,1,0
BRDA:46,57,0,0
BRDA:46,57,1,0
BRDA:46,58,0,0
BRDA:46,58,1,0
BRDA:48,59,0,0
BRDA:48,59,1,0
BRDA:48,60,0,0
BRDA:48,60,1,0
BRDA:49,61,0,0
BRDA:49,61,1,0
BRDA:49,62,0,0
BRDA:49,62,1,0
BRDA:50,63,0,0
BRDA:50,63,1,0
BRDA:50,64,0,0
BRDA:50,64,1,0
BRDA:51,65,0,0
BRDA:51,65,1,0
BRDA:51,66,0,0
BRDA:51,66,1,0
BRF:133
BRH:0
end_of_record
TN:
SF:src/categoria/categoria.controller.ts
FN:6,(anonymous_2)
FN:9,(anonymous_3)
FNF:2
FNH:0
FNDA:0,(anonymous_2)
FNDA:0,(anonymous_3)
DA:1,0
DA:2,0
DA:5,0
DA:6,0
DA:9,0
DA:10,0
LF:6
LH:0
BRDA:6,0,0,0
BRDA:6,0,1,0
BRDA:6,1,0,0
BRDA:6,1,1,0
BRF:4
BRH:0
end_of_record
TN:
SF:src/categoria/categoria.module.ts
FNF:0
FNH:0
DA:1,0
DA:2,0
DA:3,0
DA:4,0
DA:5,0
DA:17,0
LF:6
LH:0
BRF:0
BRH:0
end_of_record
TN:
SF:src/categoria/categoria.schema.ts
FNF:0
FNH:0
DA:1,0
DA:7,0
DA:9,0
DA:12,0
DA:14,0
DA:17,0
DA:19,0
DA:22,0
DA:25,0
LF:9
LH:0
BRF:0
BRH:0
end_of_record
TN:
SF:src/categoria/categoria.service.ts
FN:11,(anonymous_4)
FN:16,(anonymous_5)
FN:21,(anonymous_6)
FN:28,(anonymous_7)
FN:470,(anonymous_8)
FN:474,(anonymous_9)
FNF:6
FNH:0
FNDA:0,(anonymous_4)
FNDA:0,(anonymous_5)
FNDA:0,(anonymous_6)
FNDA:0,(anonymous_7)
FNDA:0,(anonymous_8)
FNDA:0,(anonymous_9)
DA:1,0
DA:2,0
DA:3,0
DA:4,0
DA:7,0
DA:8,0
DA:9,0
DA:13,0
DA:17,0
DA:18,0
DA:22,0
DA:23,0
DA:29,0
DA:30,0
DA:31,0
DA:34,0
DA:36,0
DA:466,0
DA:467,0
DA:471,0
DA:475,0
DA:476,0
DA:479,0
DA:480,0
DA:482,0
DA:483,0
DA:485,0
DA:486,0
DA:488,0
DA:492,0
DA:493,0
DA:499,0
LF:32
LH:0
BRDA:30,0,0,0
BRDA:30,0,1,0
BRDA:475,1,0,0
BRDA:475,1,1,0
BRDA:480,2,0,0
BRDA:480,2,1,0
BRDA:483,3,0,0
BRDA:483,3,1,0
BRDA:488,4,0,0
BRDA:488,4,1,0
BRDA:492,5,0,0
BRDA:492,5,1,0
BRDA:492,6,0,0
BRDA:492,6,1,0
BRDA:13,7,0,0
BRDA:13,7,1,0
BRDA:13,8,0,0
BRDA:13,8,1,0
BRF:18
BRH:0
end_of_record
TN:
SF:src/compras-gov-monitor/compras-gov-monitor.controller.ts
FN:23,(anonymous_4)
FN:43,(anonymous_5)
FN:55,(anonymous_6)
FN:67,(anonymous_7)
FNF:4
FNH:0
FNDA:0,(anonymous_4)
FNDA:0,(anonymous_5)
FNDA:0,(anonymous_6)
FNDA:0,(anonymous_7)
DA:1,0
DA:2,0
DA:3,0
DA:4,0
DA:8,0
DA:9,0
DA:23,0
DA:24,0
DA:25,0
DA:26,0
DA:29,0
DA:30,0
DA:31,0
DA:35,0
DA:43,0
DA:44,0
DA:45,0
DA:55,0
DA:56,0
DA:67,0
DA:68,0
LF:21
LH:0
BRDA:25,0,0,0
BRDA:25,0,1,0
BRDA:14,1,0,0
BRDA:14,1,1,0
BRDA:14,2,0,0
BRDA:14,2,1,0
BRDA:14,3,0,0
BRDA:14,3,1,0
BRDA:14,4,0,0
BRDA:14,4,1,0
BRF:10
BRH:0
end_of_record
TN:
SF:src/compras-gov-monitor/compras-gov-monitor.module.ts
FNF:0
FNH:0
DA:1,0
DA:2,0
DA:3,0
DA:4,0
DA:5,0
DA:6,0
DA:7,0
DA:8,0
DA:9,0
DA:10,0
DA:11,0
DA:30,0
LF:12
LH:0
BRF:0
BRH:0
end_of_record
TN:
SF:src/compras-gov-monitor/compras-gov-monitor.service.ts
FN:38,(anonymous_13)
FN:61,(anonymous_14)
FN:81,(anonymous_15)
FN:89,(anonymous_16)
FN:133,(anonymous_17)
FN:174,(anonymous_18)
FN:186,(anonymous_19)
FN:188,(anonymous_20)
FN:201,(anonymous_21)
FN:227,(anonymous_22)
FN:245,(anonymous_23)
FN:248,(anonymous_24)
FN:302,(anonymous_25)
FNF:13
FNH:0
FNDA:0,(anonymous_13)
FNDA:0,(anonymous_14)
FNDA:0,(anonymous_15)
FNDA:0,(anonymous_16)
FNDA:0,(anonymous_17)
FNDA:0,(anonymous_18)
FNDA:0,(anonymous_19)
FNDA:0,(anonymous_20)
FNDA:0,(anonymous_21)
FNDA:0,(anonymous_22)
FNDA:0,(anonymous_23)
FNDA:0,(anonymous_24)
FNDA:0,(anonymous_25)
DA:1,0
DA:2,0
DA:3,0
DA:4,0
DA:5,0
DA:6,0
DA:7,0
DA:8,0
DA:9,0
DA:10,0
DA:13,0
DA:14,0
DA:15,0
DA:18,0
DA:19,0
DA:21,0
DA:22,0
DA:39,0
DA:40,0
DA:41,0
DA:42,0
DA:43,0
DA:44,0
DA:47,0
DA:52,0
DA:53,0
DA:62,0
DA:63,0
DA:64,0
DA:66,0
DA:70,0
DA:72,0
DA:73,0
DA:82,0
DA:89,0
DA:90,0
DA:94,0
DA:95,0
DA:98,0
DA:101,0
DA:102,0
DA:103,0
DA:106,0
DA:108,0
DA:109,0
DA:111,0
DA:112,0
DA:120,0
DA:130,0
DA:131,0
DA:132,0
DA:133,0
DA:135,0
DA:136,0
DA:137,0
DA:140,0
DA:141,0
DA:145,0
DA:146,0
DA:148,0
DA:153,0
DA:158,0
DA:160,0
DA:161,0
DA:166,0
DA:170,0
DA:175,0
DA:176,0
DA:180,0
DA:181,0
DA:182,0
DA:183,0
DA:184,0
DA:185,0
DA:186,0
DA:188,0
DA:190,0
DA:200,0
DA:202,0
DA:207,0
DA:208,0
DA:209,0
DA:210,0
DA:212,0
DA:213,0
DA:214,0
DA:215,0
DA:220,0
DA:222,0
DA:226,0
DA:227,0
DA:229,0
DA:230,0
DA:231,0
DA:232,0
DA:233,0
DA:235,0
DA:239,0
DA:244,0
DA:245,0
DA:247,0
DA:248,0
DA:252,0
DA:256,0
DA:262,0
DA:266,0
DA:275,0
DA:276,0
DA:280,0
DA:281,0
DA:288,0
DA:301,0
DA:302,0
DA:304,0
DA:305,0
DA:306,0
DA:309,0
DA:310,0
DA:315,0
DA:316,0
DA:318,0
DA:321,0
DA:322,0
LF:123
LH:0
BRDA:40,0,0,0
BRDA:40,0,1,0
BRDA:43,1,0,0
BRDA:43,1,1,0
BRDA:44,2,0,0
BRDA:44,2,1,0
BRDA:56,3,0,0
BRDA:56,3,1,0
BRDA:63,4,0,0
BRDA:63,4,1,0
BRDA:76,5,0,0
BRDA:76,5,1,0
BRDA:94,6,0,0
BRDA:94,6,1,0
BRDA:111,7,0,0
BRDA:111,7,1,0
BRDA:130,8,0,0
BRDA:130,8,1,0
BRDA:135,9,0,0
BRDA:135,9,1,0
BRDA:136,10,0,0
BRDA:136,10,1,0
BRDA:136,11,0,0
BRDA:136,11,1,0
BRDA:140,12,0,0
BRDA:140,12,1,0
BRDA:140,13,0,0
BRDA:140,13,1,0
BRDA:164,14,0,0
BRDA:164,14,1,0
BRDA:175,15,0,0
BRDA:175,15,1,0
BRDA:182,16,0,0
BRDA:182,16,1,0
BRDA:184,17,0,0
BRDA:184,17,1,0
BRDA:184,18,0,0
BRDA:184,18,1,0
BRDA:186,19,0,0
BRDA:186,19,1,0
BRDA:192,20,0,0
BRDA:192,20,1,0
BRDA:193,21,0,0
BRDA:193,21,1,0
BRDA:195,22,0,0
BRDA:195,22,1,0
BRDA:202,23,0,0
BRDA:202,23,1,0
BRDA:202,23,2,0
BRDA:207,24,0,0
BRDA:207,24,1,0
BRDA:212,25,0,0
BRDA:212,25,1,0
BRDA:214,26,0,0
BRDA:214,26,1,0
BRDA:215,27,0,0
BRDA:215,27,1,0
BRDA:216,28,0,0
BRDA:216,28,1,0
BRDA:216,28,2,0
BRDA:229,29,0,0
BRDA:229,29,1,0
BRDA:252,30,0,0
BRDA:252,30,1,0
BRDA:253,31,0,0
BRDA:253,31,1,0
BRDA:262,32,0,0
BRDA:262,32,1,0
BRDA:263,33,0,0
BRDA:263,33,1,0
BRDA:275,34,0,0
BRDA:275,34,1,0
BRDA:275,35,0,0
BRDA:275,35,1,0
BRDA:276,36,0,0
BRDA:276,36,1,0
BRDA:281,37,0,0
BRDA:281,37,1,0
BRDA:282,38,0,0
BRDA:282,38,1,0
BRDA:282,38,2,0
BRDA:282,38,3,0
BRDA:282,38,4,0
BRDA:304,39,0,0
BRDA:304,39,1,0
BRDA:305,40,0,0
BRDA:305,40,1,0
BRDA:305,41,0,0
BRDA:305,41,1,0
BRDA:309,42,0,0
BRDA:309,42,1,0
BRDA:309,43,0,0
BRDA:309,43,1,0
BRDA:30,44,0,0
BRDA:30,44,1,0
BRDA:30,45,0,0
BRDA:30,45,1,0
BRDA:30,46,0,0
BRDA:30,46,1,0
BRDA:30,47,0,0
BRDA:30,47,1,0
BRDA:31,48,0,0
BRDA:31,48,1,0
BRDA:31,49,0,0
BRDA:31,49,1,0
BRDA:32,50,0,0
BRDA:32,50,1,0
BRDA:32,51,0,0
BRDA:32,51,1,0
BRF:109
BRH:0
end_of_record
TN:
SF:src/compras-gov-monitor/compras-gov-scraper.service.ts
FN:25,(anonymous_3)
FN:40,(anonymous_4)
FN:61,(anonymous_5)
FN:85,(anonymous_6)
FN:98,(anonymous_7)
FN:106,(anonymous_8)
FN:119,(anonymous_9)
FN:149,(anonymous_10)
FN:150,(anonymous_11)
FN:180,(anonymous_12)
FN:205,(anonymous_13)
FN:210,(anonymous_14)
FN:222,(anonymous_15)
FN:238,(anonymous_16)
FN:260,(anonymous_17)
FN:261,(anonymous_18)
FN:264,(anonymous_19)
FN:265,(anonymous_20)
FN:267,(anonymous_21)
FN:269,(anonymous_22)
FN:276,(anonymous_23)
FN:277,(anonymous_24)
FN:290,(anonymous_25)
FN:402,(anonymous_26)
FN:414,(anonymous_27)
FN:415,(anonymous_28)
FNF:26
FNH:0
FNDA:0,(anonymous_3)
FNDA:0,(anonymous_4)
FNDA:0,(anonymous_5)
FNDA:0,(anonymous_6)
FNDA:0,(anonymous_7)
FNDA:0,(anonymous_8)
FNDA:0,(anonymous_9)
FNDA:0,(anonymous_10)
FNDA:0,(anonymous_11)
FNDA:0,(anonymous_12)
FNDA:0,(anonymous_13)
FNDA:0,(anonymous_14)
FNDA:0,(anonymous_15)
FNDA:0,(anonymous_16)
FNDA:0,(anonymous_17)
FNDA:0,(anonymous_18)
FNDA:0,(anonymous_19)
FNDA:0,(anonymous_20)
FNDA:0,(anonymous_21)
FNDA:0,(anonymous_22)
FNDA:0,(anonymous_23)
FNDA:0,(anonymous_24)
FNDA:0,(anonymous_25)
FNDA:0,(anonymous_26)
FNDA:0,(anonymous_27)
FNDA:0,(anonymous_28)
DA:1,0
DA:2,0
DA:3,0
DA:6,0
DA:19,0
DA:20,0
DA:27,0
DA:28,0
DA:41,0
DA:42,0
DA:44,0
DA:45,0
DA:46,0
DA:49,0
DA:50,0
DA:52,0
DA:53,0
DA:54,0
DA:57,0
DA:61,0
DA:63,0
DA:66,0
DA:70,0
DA:75,0
DA:85,0
DA:96,0
DA:98,0
DA:99,0
DA:102,0
DA:103,0
DA:104,0
DA:106,0
DA:107,0
DA:108,0
DA:109,0
DA:111,0
DA:112,0
DA:113,0
DA:114,0
DA:115,0
DA:117,0
DA:119,0
DA:121,0
DA:124,0
DA:125,0
DA:129,0
DA:133,0
DA:134,0
DA:138,0
DA:144,0
DA:147,0
DA:149,0
DA:150,0
DA:163,0
DA:164,0
DA:167,0
DA:168,0
DA:171,0
DA:175,0
DA:176,0
DA:178,0
DA:180,0
DA:202,0
DA:205,0
DA:208,0
DA:210,0
DA:220,0
DA:222,0
DA:238,0
DA:241,0
DA:245,0
DA:246,0
DA:251,0
DA:252,0
DA:255,0
DA:257,0
DA:259,0
DA:261,0
DA:262,0
DA:264,0
DA:267,0
DA:269,0
DA:272,0
DA:274,0
DA:276,0
DA:277,0
DA:290,0
DA:380,0
DA:382,0
DA:398,0
DA:400,0
DA:402,0
DA:406,0
DA:409,0
DA:414,0
DA:415,0
DA:417,0
DA:421,0
DA:425,0
DA:429,0
DA:430,0
DA:434,0
LF:102
LH:0
BRDA:27,0,0,0
BRDA:27,0,1,0
BRDA:44,1,0,0
BRDA:44,1,1,0
BRDA:44,2,0,0
BRDA:44,2,1,0
BRDA:66,3,0,0
BRDA:66,3,1,0
BRDA:67,4,0,0
BRDA:67,4,1,0
BRDA:102,5,0,0
BRDA:102,5,1,0
BRDA:163,6,0,0
BRDA:163,6,1,0
BRDA:163,7,0,0
BRDA:163,7,1,0
BRDA:167,8,0,0
BRDA:167,8,1,0
BRDA:202,9,0,0
BRDA:202,9,1,0
BRDA:245,10,0,0
BRDA:245,10,1,0
BRDA:257,11,0,0
BRDA:257,11,1,0
BRDA:272,12,0,0
BRDA:272,12,1,0
BRDA:380,13,0,0
BRDA:380,13,1,0
BRDA:383,14,0,0
BRDA:383,14,1,0
BRDA:388,15,0,0
BRDA:388,15,1,0
BRDA:391,16,0,0
BRDA:391,16,1,0
BRDA:398,17,0,0
BRDA:398,17,1,0
BRDA:429,18,0,0
BRDA:429,18,1,0
BRF:38
BRH:0
end_of_record
TN:
SF:src/compras-gov-monitor/comprasnet-public.service.ts
FN:12,(anonymous_2)
FN:62,(anonymous_3)
FN:70,(anonymous_4)
FN:76,(anonymous_5)
FN:85,(anonymous_6)
FNF:5
FNH:0
FNDA:0,(anonymous_2)
FNDA:0,(anonymous_3)
FNDA:0,(anonymous_4)
FNDA:0,(anonymous_5)
FNDA:0,(anonymous_6)
DA:1,0
DA:2,0
DA:3,0
DA:6,0
DA:9,0
DA:10,0
DA:14,0
DA:15,0
DA:18,0
DA:19,0
DA:20,0
DA:21,0
DA:22,0
DA:23,0
DA:25,0
DA:26,0
DA:29,0
DA:30,0
DA:32,0
DA:33,0
DA:35,0
DA:36,0
DA:50,0
DA:51,0
DA:52,0
DA:56,0
DA:58,0
DA:62,0
DA:64,0
DA:68,0
DA:70,0
DA:72,0
DA:73,0
DA:76,0
DA:77,0
DA:81,0
DA:82,0
DA:85,0
DA:86,0
DA:91,0
DA:92,0
DA:99,0
DA:102,0
DA:104,0
DA:108,0
DA:110,0
DA:111,0
LF:47
LH:0
BRDA:20,0,0,0
BRDA:20,0,1,0
BRDA:26,1,0,0
BRDA:26,1,1,0
BRDA:38,2,0,0
BRDA:38,2,1,0
BRDA:77,3,0,0
BRDA:77,3,1,0
BRDA:77,3,2,0
BRDA:87,4,0,0
BRDA:87,4,1,0
BRDA:87,4,2,0
BRDA:106,5,0,0
BRDA:106,5,1,0
BRDA:110,6,0,0
BRDA:110,6,1,0
BRF:16
BRH:0
end_of_record
TN:
SF:src/compras-gov-monitor/radar.service.ts
FN:20,(anonymous_2)
FN:34,(anonymous_3)
FN:90,(anonymous_4)
FNF:3
FNH:0
FNDA:0,(anonymous_2)
FNDA:0,(anonymous_3)
FNDA:0,(anonymous_4)
DA:1,0
DA:2,0
DA:3,0
DA:4,0
DA:5,0
DA:8,0
DA:9,0
DA:10,0
DA:20,0
DA:21,0
DA:23,0
DA:24,0
DA:25,0
DA:28,0
DA:29,0
DA:30,0
DA:31,0
DA:33,0
DA:35,0
DA:40,0
DA:44,0
DA:45,0
DA:50,0
DA:53,0
DA:56,0
DA:57,0
DA:60,0
DA:66,0
DA:67,0
DA:71,0
DA:87,0
DA:90,0
DA:92,0
DA:96,0
DA:98,0
DA:99,0
LF:36
LH:0
BRDA:23,0,0,0
BRDA:23,0,1,0
BRDA:35,1,0,0
BRDA:35,1,1,0
BRDA:35,1,2,0
BRDA:45,2,0,0
BRDA:45,2,1,0
BRDA:46,3,0,0
BRDA:46,3,1,0
BRDA:46,3,2,0
BRDA:14,4,0,0
BRDA:14,4,1,0
BRDA:14,5,0,0
BRDA:14,5,1,0
BRDA:14,6,0,0
BRDA:14,6,1,0
BRDA:14,7,0,0
BRDA:14,7,1,0
BRDA:15,8,0,0
BRDA:15,8,1,0
BRDA:15,9,0,0
BRDA:15,9,1,0
BRF:22
BRH:0
end_of_record
TN:
SF:src/configuracao/configuracao.controller.ts
FN:12,(anonymous_4)
FN:15,(anonymous_5)
FN:20,(anonymous_6)
FN:24,(anonymous_7)
FNF:4
FNH:0
FNDA:0,(anonymous_4)
FNDA:0,(anonymous_5)
FNDA:0,(anonymous_6)
FNDA:0,(anonymous_7)
DA:1,0
DA:8,0
DA:11,0
DA:12,0
DA:15,0
DA:16,0
DA:20,0
DA:21,0
DA:22,0
DA:24,0
DA:26,0
DA:30,0
DA:33,0
DA:34,0
DA:35,0
DA:37,0
DA:40,0
DA:41,0
DA:42,0
DA:46,0
DA:51,0
LF:21
LH:0
BRDA:21,0,0,0
BRDA:21,0,1,0
BRDA:22,1,0,0
BRDA:22,1,1,0
BRDA:23,2,0,0
BRDA:23,2,1,0
BRDA:33,3,0,0
BRDA:33,3,1,0
BRDA:34,4,0,0
BRDA:34,4,1,0
BRDA:40,5,0,0
BRDA:40,5,1,0
BRDA:41,6,0,0
BRDA:41,6,1,0
BRDA:12,7,0,0
BRDA:12,7,1,0
BRDA:12,8,0,0
BRDA:12,8,1,0
BRF:18
BRH:0
end_of_record
TN:
SF:src/configuracao/configuracao.module.ts
FN:13,(anonymous_1)
FNF:1
FNH:0
FNDA:0,(anonymous_1)
DA:1,0
DA:2,0
DA:3,0
DA:4,0
DA:5,0
DA:6,0
DA:13,0
DA:19,0
LF:8
LH:0
BRF:0
BRH:0
end_of_record
TN:
SF:src/configuracao/configuracao.schema.ts
FNF:0
FNH:0
DA:1,0
DA:7,0
DA:9,0
DA:12,0
DA:15,0
DA:27,0
DA:30,0
DA:33,0
LF:8
LH:0
BRF:0
BRH:0
end_of_record
TN:
SF:src/configuracao/configuracao.service.ts
FN:9,(anonymous_4)
FN:15,(anonymous_5)
FN:34,(anonymous_6)
FN:38,(anonymous_7)
FN:53,(anonymous_8)
FN:63,(anonymous_9)
FN:69,(anonymous_10)
FN:12,(anonymous_11)
FNF:8
FNH:0
FNDA:0,(anonymous_4)
FNDA:0,(anonymous_5)
FNDA:0,(anonymous_6)
FNDA:0,(anonymous_7)
FNDA:0,(anonymous_8)
FNDA:0,(anonymous_9)
FNDA:0,(anonymous_10)
FNDA:0,(anonymous_11)
DA:1,0
DA:2,0
DA:3,0
DA:4,0
DA:5,0
DA:8,0
DA:11,0
DA:12,0
DA:16,0
DA:17,0
DA:18,0
DA:23,0
DA:27,0
DA:30,0
DA:35,0
DA:39,0
DA:40,0
DA:47,0
DA:48,0
DA:50,0
DA:54,0
DA:64,0
DA:70,0
LF:23
LH:0
BRDA:17,0,0,0
BRDA:17,0,1,0
BRDA:23,1,0,0
BRDA:23,1,1,0
BRDA:24,2,0,0
BRDA:24,2,1,0
BRDA:27,3,0,0
BRDA:27,3,1,0
BRDA:39,4,0,0
BRDA:39,4,1,0
BRDA:47,5,0,0
BRDA:47,5,1,0
BRDA:11,6,0,0
BRDA:11,6,1,0
BRDA:11,7,0,0
BRDA:11,7,1,0
BRDA:11,8,0,0
BRDA:11,8,1,0
BRDA:11,9,0,0
BRDA:11,9,1,0
BRF:20
BRH:0
end_of_record
TN:
SF:src/cotacao/cotacao.controller.ts
FN:37,(anonymous_4)
FN:41,(anonymous_5)
FN:50,(anonymous_6)
FN:61,(anonymous_7)
FN:67,(anonymous_8)
FN:75,(anonymous_9)
FN:85,(anonymous_10)
FN:95,(anonymous_11)
FNF:8
FNH:0
FNDA:0,(anonymous_4)
FNDA:0,(anonymous_5)
FNDA:0,(anonymous_6)
FNDA:0,(anonymous_7)
FNDA:0,(anonymous_8)
FNDA:0,(anonymous_9)
FNDA:0,(anonymous_10)
FNDA:0,(anonymous_11)
DA:1,0
DA:10,0
DA:11,0
DA:13,0
DA:26,0
DA:30,0
DA:36,0
DA:37,0
DA:41,0
DA:45,0
DA:50,0
DA:51,0
DA:52,0
DA:54,0
DA:55,0
DA:61,0
DA:62,0
DA:67,0
DA:68,0
DA:75,0
DA:80,0
DA:85,0
DA:90,0
DA:95,0
DA:100,0
LF:25
LH:0
BRDA:54,0,0,0
BRDA:54,0,1,0
BRDA:37,1,0,0
BRDA:37,1,1,0
BRDA:37,2,0,0
BRDA:37,2,1,0
BRF:6
BRH:0
end_of_record
TN:
SF:src/cotacao/cotacao.gateway.ts
FN:9,(anonymous_2)
FNF:1
FNH:0
FNDA:0,(anonymous_2)
DA:1,0
DA:2,0
DA:5,0
DA:7,0
DA:10,0
LF:5
LH:0
BRDA:7,0,0,0
BRDA:7,0,1,0
BRDA:7,1,0,0
BRDA:7,1,1,0
BRF:4
BRH:0
end_of_record
TN:
SF:src/cotacao/cotacao.module.ts
FNF:0
FNH:0
DA:1,0
DA:2,0
DA:3,0
DA:4,0
DA:5,0
DA:6,0
DA:7,0
DA:8,0
DA:20,0
LF:9
LH:0
BRF:0
BRH:0
end_of_record
TN:
SF:src/cotacao/cotacao.schema.ts
FNF:0
FNH:0
DA:1,0
DA:2,0
DA:7,0
DA:13,0
DA:55,0
DA:85,0
DA:88,0
LF:7
LH:0
BRDA:13,0,0,0
BRDA:13,0,1,0
BRDA:13,1,0,0
BRDA:13,1,1,0
BRDA:13,1,2,0
BRF:5
BRH:0
end_of_record
TN:
SF:src/cotacao/cotacao.service.ts
FN:11,(anonymous_13)
FN:19,(anonymous_14)
FN:29,(anonymous_15)
FN:52,(anonymous_16)
FN:68,(anonymous_17)
FN:78,(anonymous_18)
FN:91,(anonymous_19)
FN:106,(anonymous_20)
FN:126,(anonymous_21)
FN:131,(anonymous_22)
FN:201,(anonymous_23)
FN:234,(anonymous_24)
FN:238,(anonymous_25)
FN:259,(anonymous_26)
FN:263,(anonymous_27)
FN:268,(anonymous_28)
FN:314,(anonymous_29)
FN:328,(anonymous_30)
FN:336,(anonymous_31)
FN:350,(anonymous_32)
FNF:20
FNH:0
FNDA:0,(anonymous_13)
FNDA:0,(anonymous_14)
FNDA:0,(anonymous_15)
FNDA:0,(anonymous_16)
FNDA:0,(anonymous_17)
FNDA:0,(anonymous_18)
FNDA:0,(anonymous_19)
FNDA:0,(anonymous_20)
FNDA:0,(anonymous_21)
FNDA:0,(anonymous_22)
FNDA:0,(anonymous_23)
FNDA:0,(anonymous_24)
FNDA:0,(anonymous_25)
FNDA:0,(anonymous_26)
FNDA:0,(anonymous_27)
FNDA:0,(anonymous_28)
FNDA:0,(anonymous_29)
FNDA:0,(anonymous_30)
FNDA:0,(anonymous_31)
FNDA:0,(anonymous_32)
DA:1,0
DA:2,0
DA:3,0
DA:4,0
DA:5,0
DA:6,0
DA:7,0
DA:10,0
DA:12,0
DA:13,0
DA:14,0
DA:15,0
DA:16,0
DA:23,0
DA:24,0
DA:25,0
DA:26,0
DA:27,0
DA:28,0
DA:30,0
DA:33,0
DA:34,0
DA:42,0
DA:45,0
DA:46,0
DA:49,0
DA:52,0
DA:61,0
DA:65,0
DA:69,0
DA:74,0
DA:75,0
DA:79,0
DA:84,0
DA:85,0
DA:88,0
DA:94,0
DA:99,0
DA:100,0
DA:101,0
DA:103,0
DA:123,0
DA:124,0
DA:126,0
DA:127,0
DA:130,0
DA:131,0
DA:133,0
DA:134,0
DA:135,0
DA:136,0
DA:137,0
DA:138,0
DA:139,0
DA:140,0
DA:142,0
DA:143,0
DA:145,0
DA:146,0
DA:148,0
DA:165,0
DA:166,0
DA:167,0
DA:168,0
DA:169,0
DA:171,0
DA:172,0
DA:173,0
DA:175,0
DA:176,0
DA:177,0
DA:178,0
DA:180,0
DA:181,0
DA:183,0
DA:184,0
DA:186,0
DA:187,0
DA:191,0
DA:199,0
DA:202,0
DA:203,0
DA:205,0
DA:210,0
DA:213,0
DA:227,0
DA:229,0
DA:230,0
DA:231,0
DA:236,0
DA:238,0
DA:240,0
DA:241,0
DA:245,0
DA:249,0
DA:260,0
DA:261,0
DA:263,0
DA:264,0
DA:267,0
DA:268,0
DA:272,0
DA:280,0
DA:281,0
DA:282,0
DA:283,0
DA:284,0
DA:286,0
DA:287,0
DA:288,0
DA:290,0
DA:291,0
DA:292,0
DA:293,0
DA:295,0
DA:296,0
DA:298,0
DA:299,0
DA:301,0
DA:302,0
DA:306,0
DA:314,0
DA:315,0
DA:316,0
DA:318,0
DA:321,0
DA:323,0
DA:324,0
DA:325,0
DA:333,0
DA:334,0
DA:336,0
DA:337,0
DA:341,0
DA:347,0
DA:349,0
DA:350,0
DA:353,0
DA:359,0
DA:362,0
DA:372,0
LF:141
LH:0
BRDA:21,0,0,0
BRDA:24,1,0,0
BRDA:24,1,1,0
BRDA:25,2,0,0
BRDA:25,2,1,0
BRDA:30,3,0,0
BRDA:30,3,1,0
BRDA:33,4,0,0
BRDA:33,4,1,0
BRDA:37,5,0,0
BRDA:37,5,1,0
BRDA:38,6,0,0
BRDA:38,6,1,0
BRDA:39,7,0,0
BRDA:39,7,1,0
BRDA:45,8,0,0
BRDA:45,8,1,0
BRDA:55,9,0,0
BRDA:55,9,1,0
BRDA:56,10,0,0
BRDA:56,10,1,0
BRDA:57,11,0,0
BRDA:57,11,1,0
BRDA:74,12,0,0
BRDA:74,12,1,0
BRDA:84,13,0,0
BRDA:84,13,1,0
BRDA:124,14,0,0
BRDA:124,14,1,0
BRDA:127,15,0,0
BRDA:127,15,1,0
BRDA:133,16,0,0
BRDA:133,16,1,0
BRDA:144,17,0,0
BRDA:144,17,1,0
BRDA:145,18,0,0
BRDA:145,18,1,0
BRDA:158,19,0,0
BRDA:158,19,1,0
BRDA:166,20,0,0
BRDA:166,20,1,0
BRDA:166,21,0,0
BRDA:166,21,1,0
BRDA:167,22,0,0
BRDA:167,22,1,0
BRDA:171,23,0,0
BRDA:171,23,1,0
BRDA:173,24,0,0
BRDA:173,24,1,0
BRDA:177,25,0,0
BRDA:177,25,1,0
BRDA:178,26,0,0
BRDA:178,26,1,0
BRDA:180,27,0,0
BRDA:180,27,1,0
BRDA:181,28,0,0
BRDA:181,28,1,0
BRDA:183,29,0,0
BRDA:183,29,1,0
BRDA:184,30,0,0
BRDA:184,30,1,0
BRDA:186,31,0,0
BRDA:186,31,1,0
BRDA:191,32,0,0
BRDA:191,32,1,0
BRDA:202,33,0,0
BRDA:202,33,1,0
BRDA:202,34,0,0
BRDA:202,34,1,0
BRDA:203,35,0,0
BRDA:203,35,1,0
BRDA:236,36,0,0
BRDA:236,36,1,0
BRDA:238,37,0,0
BRDA:238,37,1,0
BRDA:240,38,0,0
BRDA:240,38,1,0
BRDA:245,39,0,0
BRDA:245,39,1,0
BRDA:246,40,0,0
BRDA:246,40,1,0
BRDA:246,40,2,0
BRDA:261,41,0,0
BRDA:261,41,1,0
BRDA:264,42,0,0
BRDA:264,42,1,0
BRDA:281,43,0,0
BRDA:281,43,1,0
BRDA:281,44,0,0
BRDA:281,44,1,0
BRDA:282,45,0,0
BRDA:282,45,1,0
BRDA:286,46,0,0
BRDA:286,46,1,0
BRDA:288,47,0,0
BRDA:288,47,1,0
BRDA:292,48,0,0
BRDA:292,48,1,0
BRDA:293,49,0,0
BRDA:293,49,1,0
BRDA:295,50,0,0
BRDA:295,50,1,0
BRDA:296,51,0,0
BRDA:296,51,1,0
BRDA:298,52,0,0
BRDA:298,52,1,0
BRDA:299,53,0,0
BRDA:299,53,1,0
BRDA:301,54,0,0
BRDA:301,54,1,0
BRDA:306,55,0,0
BRDA:306,55,1,0
BRDA:315,56,0,0
BRDA:315,56,1,0
BRDA:315,57,0,0
BRDA:315,57,1,0
BRDA:316,58,0,0
BRDA:316,58,1,0
BRDA:334,59,0,0
BRDA:334,59,1,0
BRDA:337,60,0,0
BRDA:337,60,1,0
BRDA:353,61,0,0
BRDA:353,61,1,0
BRDA:354,62,0,0
BRDA:354,62,1,0
BRDA:354,62,2,0
BRDA:365,63,0,0
BRDA:365,63,1,0
BRDA:12,64,0,0
BRDA:12,64,1,0
BRDA:12,65,0,0
BRDA:12,65,1,0
BRDA:12,66,0,0
BRDA:12,66,1,0
BRDA:12,67,0,0
BRDA:12,67,1,0
BRDA:13,68,0,0
BRDA:13,68,1,0
BRDA:13,69,0,0
BRDA:13,69,1,0
BRDA:14,70,0,0
BRDA:14,70,1,0
BRDA:14,71,0,0
BRDA:14,71,1,0
BRDA:15,72,0,0
BRDA:15,72,1,0
BRDA:15,73,0,0
BRDA:15,73,1,0
BRF:149
BRH:0
end_of_record
TN:
SF:src/dashboard/dashboard.controller.ts
FN:10,(anonymous_2)
FN:17,(anonymous_3)
FN:23,(anonymous_4)
FN:26,(anonymous_5)
FNF:4
FNH:0
FNDA:0,(anonymous_2)
FNDA:0,(anonymous_3)
FNDA:0,(anonymous_4)
FNDA:0,(anonymous_5)
DA:1,0
DA:2,0
DA:3,0
DA:4,0
DA:5,0
DA:9,0
DA:11,0
DA:12,0
DA:17,0
DA:18,0
DA:23,0
DA:24,0
DA:26,0
LF:13
LH:0
BRDA:23,0,0,0
BRDA:23,0,1,0
BRDA:23,1,0,0
BRDA:23,1,1,0
BRDA:11,2,0,0
BRDA:11,2,1,0
BRDA:11,3,0,0
BRDA:11,3,1,0
BRDA:11,4,0,0
BRDA:11,4,1,0
BRDA:11,5,0,0
BRDA:11,5,1,0
BRF:12
BRH:0
end_of_record
TN:
SF:src/dashboard/dashboard.module.ts
FN:12,(anonymous_1)
FNF:1
FNH:0
FNDA:0,(anonymous_1)
DA:1,0
DA:2,0
DA:3,0
DA:4,0
DA:5,0
DA:6,0
DA:7,0
DA:12,0
DA:20,0
LF:9
LH:0
BRF:0
BRH:0
end_of_record
TN:
SF:src/dashboard/dashboard.service.ts
FN:14,(anonymous_4)
FN:23,(anonymous_5)
FN:46,(anonymous_6)
FN:75,(anonymous_7)
FN:78,(anonymous_8)
FN:19,(anonymous_9)
FNF:6
FNH:0
FNDA:0,(anonymous_4)
FNDA:0,(anonymous_5)
FNDA:0,(anonymous_6)
FNDA:0,(anonymous_7)
FNDA:0,(anonymous_8)
FNDA:0,(anonymous_9)
DA:1,0
DA:2,0
DA:3,0
DA:4,0
DA:8,0
DA:9,0
DA:10,0
DA:13,0
DA:16,0
DA:18,0
DA:19,0
DA:20,0
DA:24,0
DA:25,0
DA:27,0
DA:31,0
DA:43,0
DA:44,0
DA:46,0
DA:47,0
DA:48,0
DA:49,0
DA:52,0
DA:53,0
DA:63,0
DA:64,0
DA:65,0
DA:70,0
DA:71,0
DA:72,0
DA:75,0
DA:78,0
DA:83,0
DA:123,0
DA:125,0
LF:35
LH:0
BRDA:47,0,0,0
BRDA:47,0,1,0
BRDA:49,1,0,0
BRDA:49,1,1,0
BRDA:71,2,0,0
BRDA:71,2,1,0
BRDA:75,3,0,0
BRDA:75,3,1,0
BRDA:78,4,0,0
BRDA:78,4,1,0
BRDA:123,5,0,0
BRDA:123,5,1,0
BRDA:16,6,0,0
BRDA:16,6,1,0
BRDA:16,7,0,0
BRDA:16,7,1,0
BRDA:16,8,0,0
BRDA:16,8,1,0
BRDA:16,9,0,0
BRDA:16,9,1,0
BRDA:18,10,0,0
BRDA:18,10,1,0
BRDA:18,11,0,0
BRDA:18,11,1,0
BRDA:19,12,0,0
BRDA:19,12,1,0
BRDA:19,13,0,0
BRDA:19,13,1,0
BRF:28
BRH:0
end_of_record
TN:
SF:src/events/events.module.ts
FNF:0
FNH:0
DA:1,0
DA:2,0
DA:9,0
LF:3
LH:0
BRF:0
BRH:0
end_of_record
TN:
SF:src/events/events.service.ts
FN:10,(anonymous_1)
FN:14,(anonymous_2)
FN:18,(anonymous_3)
FN:22,(anonymous_4)
FN:26,(anonymous_5)
FN:32,(anonymous_6)
FN:36,(anonymous_7)
FNF:7
FNH:0
FNDA:0,(anonymous_1)
FNDA:0,(anonymous_2)
FNDA:0,(anonymous_3)
FNDA:0,(anonymous_4)
FNDA:0,(anonymous_5)
FNDA:0,(anonymous_6)
FNDA:0,(anonymous_7)
DA:1,0
DA:2,0
DA:5,0
DA:6,0
DA:7,0
DA:8,0
DA:11,0
DA:15,0
DA:19,0
DA:23,0
DA:27,0
DA:33,0
DA:37,0
LF:13
LH:0
BRF:0
BRH:0
end_of_record
TN:
SF:src/financeiro/financeiro.controller.ts
FN:14,(anonymous_4)
FN:17,(anonymous_5)
FN:22,(anonymous_6)
FN:27,(anonymous_7)
FN:32,(anonymous_8)
FN:37,(anonymous_9)
FN:42,(anonymous_10)
FN:47,(anonymous_11)
FN:52,(anonymous_12)
FN:57,(anonymous_13)
FNF:10
FNH:0
FNDA:0,(anonymous_4)
FNDA:0,(anonymous_5)
FNDA:0,(anonymous_6)
FNDA:0,(anonymous_7)
FNDA:0,(anonymous_8)
FNDA:0,(anonymous_9)
FNDA:0,(anonymous_10)
FNDA:0,(anonymous_11)
FNDA:0,(anonymous_12)
FNDA:0,(anonymous_13)
DA:1,0
DA:10,0
DA:13,0
DA:14,0
DA:17,0
DA:18,0
DA:22,0
DA:23,0
DA:27,0
DA:28,0
DA:32,0
DA:33,0
DA:37,0
DA:38,0
DA:42,0
DA:43,0
DA:47,0
DA:48,0
DA:52,0
DA:53,0
DA:57,0
DA:58,0
LF:22
LH:0
BRDA:14,0,0,0
BRDA:14,0,1,0
BRDA:14,1,0,0
BRDA:14,1,1,0
BRF:4
BRH:0
end_of_record
TN:
SF:src/financeiro/financeiro.gateway.ts
FN:9,(anonymous_2)
FNF:1
FNH:0
FNDA:0,(anonymous_2)
DA:1,0
DA:2,0
DA:5,0
DA:7,0
DA:10,0
LF:5
LH:0
BRDA:7,0,0,0
BRDA:7,0,1,0
BRDA:7,1,0,0
BRDA:7,1,1,0
BRF:4
BRH:0
end_of_record
TN:
SF:src/financeiro/financeiro.module.ts
FNF:0
FNH:0
DA:1,0
DA:2,0
DA:3,0
DA:4,0
DA:5,0
DA:9,0
DA:13,0
DA:15,0
DA:16,0
DA:31,0
LF:10
LH:0
BRF:0
BRH:0
end_of_record
TN:
SF:src/financeiro/financeiro.schema.ts
FNF:0
FNH:0
DA:1,0
DA:3,0
DA:8,0
DA:10,0
DA:13,0
DA:16,0
DA:19,0
DA:22,0
DA:25,0
DA:28,0
DA:31,0
LF:11
LH:0
BRDA:19,0,0,0
BRDA:19,0,1,0
BRDA:19,1,0,0
BRDA:19,1,1,0
BRDA:22,2,0,0
BRDA:22,2,1,0
BRDA:22,3,0,0
BRDA:22,3,1,0
BRDA:28,4,0,0
BRDA:28,4,1,0
BRDA:28,5,0,0
BRDA:28,5,1,0
BRDA:28,5,2,0
BRF:13
BRH:0
end_of_record
TN:
SF:src/financeiro/financeiro.service.ts
FN:18,(anonymous_4)
FN:28,(anonymous_5)
FN:35,(anonymous_6)
FN:43,(anonymous_7)
FN:51,(anonymous_8)
FN:90,(anonymous_9)
FN:93,(anonymous_10)
FN:123,(anonymous_11)
FN:130,(anonymous_12)
FN:135,(anonymous_13)
FN:137,(anonymous_14)
FN:140,(anonymous_15)
FN:155,(anonymous_16)
FN:163,(anonymous_17)
FN:181,(anonymous_18)
FN:230,(anonymous_19)
FN:237,(anonymous_20)
FN:242,(anonymous_21)
FN:244,(anonymous_22)
FN:247,(anonymous_23)
FN:262,(anonymous_24)
FN:282,(anonymous_25)
FN:293,(anonymous_26)
FN:299,(anonymous_27)
FN:320,(anonymous_28)
FNF:25
FNH:0
FNDA:0,(anonymous_4)
FNDA:0,(anonymous_5)
FNDA:0,(anonymous_6)
FNDA:0,(anonymous_7)
FNDA:0,(anonymous_8)
FNDA:0,(anonymous_9)
FNDA:0,(anonymous_10)
FNDA:0,(anonymous_11)
FNDA:0,(anonymous_12)
FNDA:0,(anonymous_13)
FNDA:0,(anonymous_14)
FNDA:0,(anonymous_15)
FNDA:0,(anonymous_16)
FNDA:0,(anonymous_17)
FNDA:0,(anonymous_18)
FNDA:0,(anonymous_19)
FNDA:0,(anonymous_20)
FNDA:0,(anonymous_21)
FNDA:0,(anonymous_22)
FNDA:0,(anonymous_23)
FNDA:0,(anonymous_24)
FNDA:0,(anonymous_25)
FNDA:0,(anonymous_26)
FNDA:0,(anonymous_27)
FNDA:0,(anonymous_28)
DA:1,0
DA:2,0
DA:3,0
DA:4,0
DA:8,0
DA:12,0
DA:13,0
DA:14,0
DA:17,0
DA:20,0
DA:22,0
DA:23,0
DA:24,0
DA:25,0
DA:29,0
DA:30,0
DA:31,0
DA:32,0
DA:36,0
DA:44,0
DA:46,0
DA:47,0
DA:48,0
DA:49,0
DA:51,0
DA:52,0
DA:53,0
DA:54,0
DA:56,0
DA:57,0
DA:62,0
DA:65,0
DA:67,0
DA:68,0
DA:69,0
DA:71,0
DA:72,0
DA:73,0
DA:74,0
DA:75,0
DA:76,0
DA:89,0
DA:90,0
DA:92,0
DA:93,0
DA:94,0
DA:95,0
DA:98,0
DA:102,0
DA:106,0
DA:110,0
DA:112,0
DA:124,0
DA:130,0
DA:131,0
DA:135,0
DA:136,0
DA:137,0
DA:139,0
DA:140,0
DA:141,0
DA:142,0
DA:145,0
DA:156,0
DA:157,0
DA:159,0
DA:162,0
DA:163,0
DA:164,0
DA:165,0
DA:169,0
DA:170,0
DA:176,0
DA:179,0
DA:180,0
DA:181,0
DA:182,0
DA:183,0
DA:191,0
DA:201,0
DA:211,0
DA:212,0
DA:223,0
DA:224,0
DA:226,0
DA:227,0
DA:231,0
DA:237,0
DA:238,0
DA:242,0
DA:243,0
DA:244,0
DA:246,0
DA:247,0
DA:248,0
DA:249,0
DA:252,0
DA:263,0
DA:264,0
DA:267,0
DA:270,0
DA:275,0
DA:276,0
DA:278,0
DA:279,0
DA:283,0
DA:284,0
DA:286,0
DA:289,0
DA:290,0
DA:294,0
DA:295,0
DA:296,0
DA:300,0
DA:301,0
DA:303,0
DA:311,0
DA:312,0
DA:313,0
DA:317,0
DA:321,0
DA:331,0
DA:332,0
DA:334,0
DA:335,0
DA:336,0
DA:337,0
DA:338,0
DA:339,0
DA:340,0
DA:341,0
DA:342,0
DA:343,0
DA:344,0
DA:345,0
DA:346,0
DA:347,0
DA:348,0
DA:350,0
DA:351,0
DA:354,0
DA:355,0
DA:357,0
LF:143
LH:0
BRDA:52,0,0,0
BRDA:52,0,1,0
BRDA:53,1,0,0
BRDA:53,1,1,0
BRDA:56,2,0,0
BRDA:56,2,1,0
BRDA:72,3,0,0
BRDA:72,3,1,0
BRDA:73,4,0,0
BRDA:73,4,1,0
BRDA:74,5,0,0
BRDA:74,5,1,0
BRDA:75,6,0,0
BRDA:75,6,1,0
BRDA:76,7,0,0
BRDA:76,7,1,0
BRDA:94,8,0,0
BRDA:94,8,1,0
BRDA:94,9,0,0
BRDA:94,9,1,0
BRDA:95,10,0,0
BRDA:95,10,1,0
BRDA:141,11,0,0
BRDA:141,11,1,0
BRDA:141,12,0,0
BRDA:141,12,1,0
BRDA:142,13,0,0
BRDA:142,13,1,0
BRDA:157,14,0,0
BRDA:157,14,1,0
BRDA:164,15,0,0
BRDA:164,15,1,0
BRDA:164,16,0,0
BRDA:164,16,1,0
BRDA:165,17,0,0
BRDA:165,17,1,0
BRDA:169,18,0,0
BRDA:169,18,1,0
BRDA:180,19,0,0
BRDA:180,19,1,0
BRDA:180,20,0,0
BRDA:180,20,1,0
BRDA:182,21,0,0
BRDA:182,21,1,0
BRDA:182,22,0,0
BRDA:182,22,1,0
BRDA:185,23,0,0
BRDA:185,23,1,0
BRDA:211,24,0,0
BRDA:211,24,1,0
BRDA:248,25,0,0
BRDA:248,25,1,0
BRDA:248,26,0,0
BRDA:248,26,1,0
BRDA:249,27,0,0
BRDA:249,27,1,0
BRDA:264,28,0,0
BRDA:264,28,1,0
BRDA:283,29,0,0
BRDA:283,29,1,0
BRDA:283,30,0,0
BRDA:283,30,1,0
BRDA:313,31,0,0
BRDA:313,31,1,0
BRDA:317,32,0,0
BRDA:317,32,1,0
BRDA:321,33,0,0
BRDA:321,33,1,0
BRDA:334,34,0,0
BRDA:334,34,1,0
BRDA:337,35,0,0
BRDA:337,35,1,0
BRDA:340,36,0,0
BRDA:340,36,1,0
BRDA:343,37,0,0
BRDA:343,37,1,0
BRDA:346,38,0,0
BRDA:346,38,1,0
BRDA:20,39,0,0
BRDA:20,39,1,0
BRDA:20,40,0,0
BRDA:20,40,1,0
BRDA:20,41,0,0
BRDA:20,41,1,0
BRDA:20,42,0,0
BRDA:20,42,1,0
BRDA:22,43,0,0
BRDA:22,43,1,0
BRDA:22,44,0,0
BRDA:22,44,1,0
BRDA:23,45,0,0
BRDA:23,45,1,0
BRDA:23,46,0,0
BRDA:23,46,1,0
BRDA:24,47,0,0
BRDA:24,47,1,0
BRDA:24,48,0,0
BRDA:24,48,1,0
BRF:98
BRH:0
end_of_record
TN:
SF:src/fornecedor/cnpj-enrichment.controller.ts
FN:8,(anonymous_4)
FN:14,(anonymous_5)
FNF:2
FNH:0
FNDA:0,(anonymous_4)
FNDA:0,(anonymous_5)
DA:1,0
DA:2,0
DA:3,0
DA:7,0
DA:8,0
DA:14,0
DA:15,0
DA:16,0
DA:19,0
LF:9
LH:0
BRDA:16,0,0,0
BRDA:16,0,1,0
BRDA:21,1,0,0
BRDA:21,1,1,0
BRDA:21,1,2,0
BRDA:22,2,0,0
BRDA:22,2,1,0
BRDA:23,3,0,0
BRDA:23,3,1,0
BRDA:23,3,2,0
BRDA:24,4,0,0
BRDA:24,4,1,0
BRDA:25,5,0,0
BRDA:25,5,1,0
BRDA:26,6,0,0
BRDA:26,6,1,0
BRDA:27,7,0,0
BRDA:27,7,1,0
BRDA:29,8,0,0
BRDA:29,8,1,0
BRDA:30,9,0,0
BRDA:30,9,1,0
BRDA:31,10,0,0
BRDA:31,10,1,0
BRDA:8,11,0,0
BRDA:8,11,1,0
BRDA:8,12,0,0
BRDA:8,12,1,0
BRF:28
BRH:0
end_of_record
TN:
SF:src/fornecedor/cnpj-enrichment.service.ts
FN:8,(anonymous_2)
FNF:1
FNH:0
FNDA:0,(anonymous_2)
DA:1,0
DA:2,0
DA:5,0
DA:6,0
DA:9,0
DA:10,0
DA:11,0
DA:13,0
DA:14,0
DA:23,0
DA:25,0
DA:28,0
LF:12
LH:0
BRDA:11,0,0,0
BRDA:11,0,1,0
BRF:2
BRH:0
end_of_record
TN:
SF:src/fornecedor/fornecedor.controller.ts
FN:24,(anonymous_4)
FN:28,(anonymous_5)
FN:34,(anonymous_6)
FN:42,(anonymous_7)
FN:48,(anonymous_8)
FN:59,(anonymous_9)
FN:72,(anonymous_10)
FN:78,(anonymous_11)
FNF:8
FNH:0
FNDA:0,(anonymous_4)
FNDA:0,(anonymous_5)
FNDA:0,(anonymous_6)
FNDA:0,(anonymous_7)
FNDA:0,(anonymous_8)
FNDA:0,(anonymous_9)
FNDA:0,(anonymous_10)
FNDA:0,(anonymous_11)
DA:1,0
DA:11,0
DA:12,0
DA:14,0
DA:23,0
DA:24,0
DA:28,0
DA:29,0
DA:34,0
DA:35,0
DA:42,0
DA:43,0
DA:48,0
DA:51,0
DA:59,0
DA:67,0
DA:72,0
DA:73,0
DA:78,0
DA:79,0
LF:20
LH:0
BRDA:24,0,0,0
BRDA:24,0,1,0
BRDA:24,1,0,0
BRDA:24,1,1,0
BRF:4
BRH:0
end_of_record
TN:
SF:src/fornecedor/fornecedor.gateway.ts
FN:9,(anonymous_2)
FN:13,(anonymous_3)
FNF:2
FNH:0
FNDA:0,(anonymous_2)
FNDA:0,(anonymous_3)
DA:1,0
DA:2,0
DA:5,0
DA:7,0
DA:10,0
DA:14,0
LF:6
LH:0
BRDA:7,0,0,0
BRDA:7,0,1,0
BRDA:7,1,0,0
BRDA:7,1,1,0
BRF:4
BRH:0
end_of_record
TN:
SF:src/fornecedor/fornecedor.module.ts
FNF:0
FNH:0
DA:1,0
DA:2,0
DA:3,0
DA:4,0
DA:5,0
DA:6,0
DA:7,0
DA:8,0
DA:9,0
DA:15,0
DA:19,0
DA:20,0
DA:21,0
DA:22,0
DA:52,0
LF:15
LH:0
BRF:0
BRH:0
end_of_record
TN:
SF:src/fornecedor/fornecedor.schema.ts
FNF:0
FNH:0
DA:1,0
DA:7,0
DA:9,0
DA:12,0
DA:15,0
DA:18,0
DA:21,0
DA:24,0
DA:27,0
DA:30,0
DA:33,0
DA:36,0
DA:39,0
DA:42,0
DA:45,0
DA:48,0
DA:51,0
DA:68,0
DA:81,0
DA:86,0
DA:88,0
DA:91,0
DA:94,0
DA:97,0
LF:24
LH:0
BRF:0
BRH:0
end_of_record
TN:
SF:src/fornecedor/fornecedor.service.ts
FN:19,(anonymous_13)
FN:27,(anonymous_14)
FN:34,(anonymous_15)
FN:47,(anonymous_16)
FN:78,(anonymous_17)
FN:84,(anonymous_18)
FN:115,(anonymous_19)
FN:145,(anonymous_20)
FN:176,(anonymous_21)
FN:199,(anonymous_22)
FN:225,(anonymous_23)
FN:267,(anonymous_24)
FN:291,(anonymous_25)
FN:296,(anonymous_26)
FN:298,(anonymous_27)
FN:315,(anonymous_28)
FN:335,(anonymous_29)
FN:378,(anonymous_30)
FN:381,(anonymous_31)
FNF:19
FNH:0
FNDA:0,(anonymous_13)
FNDA:0,(anonymous_14)
FNDA:0,(anonymous_15)
FNDA:0,(anonymous_16)
FNDA:0,(anonymous_17)
FNDA:0,(anonymous_18)
FNDA:0,(anonymous_19)
FNDA:0,(anonymous_20)
FNDA:0,(anonymous_21)
FNDA:0,(anonymous_22)
FNDA:0,(anonymous_23)
FNDA:0,(anonymous_24)
FNDA:0,(anonymous_25)
FNDA:0,(anonymous_26)
FNDA:0,(anonymous_27)
FNDA:0,(anonymous_28)
FNDA:0,(anonymous_29)
FNDA:0,(anonymous_30)
FNDA:0,(anonymous_31)
DA:1,0
DA:6,0
DA:7,0
DA:8,0
DA:9,0
DA:15,0
DA:18,0
DA:20,0
DA:22,0
DA:23,0
DA:24,0
DA:28,0
DA:29,0
DA:31,0
DA:35,0
DA:36,0
DA:38,0
DA:39,0
DA:40,0
DA:42,0
DA:43,0
DA:44,0
DA:53,0
DA:54,0
DA:55,0
DA:56,0
DA:62,0
DA:63,0
DA:64,0
DA:66,0
DA:72,0
DA:73,0
DA:75,0
DA:79,0
DA:80,0
DA:81,0
DA:85,0
DA:86,0
DA:88,0
DA:89,0
DA:90,0
DA:91,0
DA:92,0
DA:93,0
DA:94,0
DA:95,0
DA:96,0
DA:97,0
DA:98,0
DA:101,0
DA:102,0
DA:103,0
DA:105,0
DA:106,0
DA:107,0
DA:110,0
DA:111,0
DA:112,0
DA:116,0
DA:117,0
DA:120,0
DA:124,0
DA:125,0
DA:131,0
DA:134,0
DA:142,0
DA:158,0
DA:171,0
DA:172,0
DA:181,0
DA:194,0
DA:195,0
DA:200,0
DA:203,0
DA:205,0
DA:207,0
DA:208,0
DA:209,0
DA:211,0
DA:212,0
DA:215,0
DA:216,0
DA:222,0
DA:224,0
DA:225,0
DA:228,0
DA:229,0
DA:233,0
DA:249,0
DA:267,0
DA:268,0
DA:269,0
DA:270,0
DA:271,0
DA:272,0
DA:275,0
DA:282,0
DA:283,0
DA:284,0
DA:285,0
DA:286,0
DA:288,0
DA:291,0
DA:292,0
DA:296,0
DA:298,0
DA:299,0
DA:300,0
DA:307,0
DA:319,0
DA:320,0
DA:321,0
DA:322,0
DA:323,0
DA:324,0
DA:325,0
DA:327,0
DA:339,0
DA:340,0
DA:343,0
DA:349,0
DA:350,0
DA:351,0
DA:352,0
DA:353,0
DA:355,0
DA:356,0
DA:357,0
DA:358,0
DA:360,0
DA:361,0
DA:364,0
DA:365,0
DA:366,0
DA:367,0
DA:372,0
DA:376,0
DA:377,0
DA:378,0
DA:380,0
DA:382,0
DA:386,0
DA:387,0
DA:390,0
DA:391,0
DA:392,0
DA:393,0
DA:394,0
DA:397,0
DA:398,0
DA:399,0
DA:402,0
DA:403,0
DA:404,0
DA:405,0
DA:409,0
DA:410,0
DA:411,0
DA:412,0
DA:416,0
LF:160
LH:0
BRDA:29,0,0,0
BRDA:29,0,1,0
BRDA:35,1,0,0
BRDA:35,1,1,0
BRDA:39,2,0,0
BRDA:39,2,1,0
BRDA:54,3,0,0
BRDA:54,3,1,0
BRDA:55,4,0,0
BRDA:55,4,1,0
BRDA:62,5,0,0
BRDA:62,5,1,0
BRDA:63,6,0,0
BRDA:63,6,1,0
BRDA:73,7,0,0
BRDA:73,7,1,0
BRDA:80,8,0,0
BRDA:80,8,1,0
BRDA:86,9,0,0
BRDA:86,9,1,0
BRDA:88,10,0,0
BRDA:88,10,1,0
BRDA:89,11,0,0
BRDA:89,11,1,0
BRDA:91,12,0,0
BRDA:91,12,1,0
BRDA:92,13,0,0
BRDA:92,13,1,0
BRDA:93,14,0,0
BRDA:93,14,1,0
BRDA:94,15,0,0
BRDA:94,15,1,0
BRDA:95,16,0,0
BRDA:95,16,1,0
BRDA:96,17,0,0
BRDA:96,17,1,0
BRDA:97,18,0,0
BRDA:97,18,1,0
BRDA:98,19,0,0
BRDA:98,19,1,0
BRDA:101,20,0,0
BRDA:101,20,1,0
BRDA:102,21,0,0
BRDA:102,21,1,0
BRDA:103,22,0,0
BRDA:103,22,1,0
BRDA:105,23,0,0
BRDA:105,23,1,0
BRDA:106,24,0,0
BRDA:106,24,1,0
BRDA:107,25,0,0
BRDA:107,25,1,0
BRDA:117,26,0,0
BRDA:117,26,1,0
BRDA:124,27,0,0
BRDA:124,27,1,0
BRDA:171,28,0,0
BRDA:171,28,1,0
BRDA:194,29,0,0
BRDA:194,29,1,0
BRDA:199,30,0,0
BRDA:205,31,0,0
BRDA:205,31,1,0
BRDA:211,32,0,0
BRDA:211,32,1,0
BRDA:211,33,0,0
BRDA:211,33,1,0
BRDA:215,34,0,0
BRDA:215,34,1,0
BRDA:228,35,0,0
BRDA:228,35,1,0
BRDA:229,36,0,0
BRDA:229,36,1,0
BRDA:270,37,0,0
BRDA:270,37,1,0
BRDA:271,38,0,0
BRDA:271,38,1,0
BRDA:271,39,0,0
BRDA:271,39,1,0
BRDA:282,40,0,0
BRDA:282,40,1,0
BRDA:283,41,0,0
BRDA:283,41,1,0
BRDA:285,42,0,0
BRDA:285,42,1,0
BRDA:302,43,0,0
BRDA:302,43,1,0
BRDA:303,44,0,0
BRDA:303,44,1,0
BRDA:320,45,0,0
BRDA:320,45,1,0
BRDA:321,46,0,0
BRDA:321,46,1,0
BRDA:323,47,0,0
BRDA:323,47,1,0
BRDA:339,48,0,0
BRDA:339,48,1,0
BRDA:339,49,0,0
BRDA:339,49,1,0
BRDA:339,49,2,0
BRDA:353,50,0,0
BRDA:353,50,1,0
BRDA:355,51,0,0
BRDA:355,51,1,0
BRDA:357,52,0,0
BRDA:357,52,1,0
BRDA:364,53,0,0
BRDA:364,53,1,0
BRDA:376,54,0,0
BRDA:376,54,1,0
BRDA:382,55,0,0
BRDA:382,55,1,0
BRDA:391,56,0,0
BRDA:391,56,1,0
BRDA:391,57,0,0
BRDA:391,57,1,0
BRDA:393,58,0,0
BRDA:393,58,1,0
BRDA:393,59,0,0
BRDA:393,59,1,0
BRDA:397,60,0,0
BRDA:397,60,1,0
BRDA:397,61,0,0
BRDA:397,61,1,0
BRDA:402,62,0,0
BRDA:402,62,1,0
BRDA:403,63,0,0
BRDA:403,63,1,0
BRDA:404,64,0,0
BRDA:404,64,1,0
BRDA:410,65,0,0
BRDA:410,65,1,0
BRDA:410,66,0,0
BRDA:410,66,1,0
BRDA:20,67,0,0
BRDA:20,67,1,0
BRDA:20,68,0,0
BRDA:20,68,1,0
BRDA:20,69,0,0
BRDA:20,69,1,0
BRDA:20,70,0,0
BRDA:20,70,1,0
BRDA:22,71,0,0
BRDA:22,71,1,0
BRDA:22,72,0,0
BRDA:22,72,1,0
BRDA:23,73,0,0
BRDA:23,73,1,0
BRDA:23,74,0,0
BRDA:23,74,1,0
BRF:150
BRH:0
end_of_record
TN:
SF:src/fornecedor/product-matching.service.ts
FN:13,(anonymous_4)
FN:24,(anonymous_5)
FN:44,(anonymous_6)
FNF:3
FNH:0
FNDA:0,(anonymous_4)
FNDA:0,(anonymous_5)
FNDA:0,(anonymous_6)
DA:1,0
DA:2,0
DA:3,0
DA:4,0
DA:10,0
DA:11,0
DA:15,0
DA:32,0
DA:33,0
DA:39,0
DA:41,0
DA:43,0
DA:44,0
DA:45,0
DA:50,0
DA:51,0
DA:56,0
DA:57,0
DA:58,0
DA:59,0
DA:62,0
DA:67,0
DA:70,0
LF:23
LH:0
BRDA:39,0,0,0
BRDA:39,0,1,0
BRDA:39,1,0,0
BRDA:39,1,1,0
BRDA:41,2,0,0
BRDA:41,2,1,0
BRDA:43,3,0,0
BRDA:43,3,1,0
BRDA:50,4,0,0
BRDA:50,4,1,0
BRDA:58,5,0,0
BRDA:58,5,1,0
BRDA:15,6,0,0
BRDA:15,6,1,0
BRDA:15,7,0,0
BRDA:15,7,1,0
BRF:16
BRH:0
end_of_record
TN:
SF:src/fornecedor/produto-cnae-map.schema.ts
FNF:0
FNH:0
DA:1,0
DA:7,0
DA:9,0
DA:12,0
DA:15,0
DA:18,0
LF:6
LH:0
BRF:0
BRH:0
end_of_record
TN:
SF:src/fornecedor/supplier-discovery.service.ts
FN:23,(anonymous_14)
FN:34,(anonymous_15)
FN:50,(anonymous_16)
FN:53,(anonymous_17)
FN:62,(anonymous_18)
FN:91,(anonymous_19)
FN:100,(anonymous_20)
FN:107,(anonymous_21)
FN:111,(anonymous_22)
FN:112,(anonymous_23)
FN:115,(anonymous_24)
FN:134,(anonymous_25)
FN:136,(anonymous_26)
FN:140,(anonymous_27)
FNF:14
FNH:0
FNDA:0,(anonymous_14)
FNDA:0,(anonymous_15)
FNDA:0,(anonymous_16)
FNDA:0,(anonymous_17)
FNDA:0,(anonymous_18)
FNDA:0,(anonymous_19)
FNDA:0,(anonymous_20)
FNDA:0,(anonymous_21)
FNDA:0,(anonymous_22)
FNDA:0,(anonymous_23)
FNDA:0,(anonymous_24)
FNDA:0,(anonymous_25)
FNDA:0,(anonymous_26)
FNDA:0,(anonymous_27)
DA:1,0
DA:2,0
DA:3,0
DA:4,0
DA:10,0
DA:14,0
DA:15,0
DA:16,0
DA:17,0
DA:20,0
DA:21,0
DA:25,0
DA:27,0
DA:29,0
DA:30,0
DA:31,0
DA:35,0
DA:36,0
DA:49,0
DA:50,0
DA:54,0
DA:55,0
DA:63,0
DA:64,0
DA:90,0
DA:91,0
DA:92,0
DA:93,0
DA:96,0
DA:100,0
DA:102,0
DA:103,0
DA:104,0
DA:108,0
DA:109,0
DA:111,0
DA:112,0
DA:126,0
DA:127,0
DA:132,0
DA:134,0
DA:136,0
DA:139,0
DA:140,0
DA:143,0
DA:145,0
DA:149,0
DA:150,0
DA:152,0
DA:153,0
DA:154,0
DA:155,0
DA:160,0
DA:162,0
DA:164,0
DA:166,0
DA:168,0
DA:170,0
DA:173,0
DA:174,0
DA:175,0
DA:182,0
DA:184,0
DA:185,0
DA:186,0
DA:187,0
DA:191,0
DA:192,0
DA:194,0
DA:197,0
DA:200,0
DA:201,0
DA:205,0
DA:209,0
DA:210,0
DA:213,0
DA:217,0
DA:218,0
DA:222,0
DA:227,0
DA:228,0
DA:229,0
DA:230,0
DA:232,0
DA:251,0
DA:256,0
DA:257,0
DA:264,0
DA:265,0
DA:268,0
DA:272,0
DA:276,0
DA:280,0
DA:281,0
DA:284,0
DA:285,0
DA:286,0
DA:287,0
DA:288,0
DA:289,0
DA:292,0
DA:293,0
DA:297,0
DA:300,0
DA:301,0
DA:306,0
DA:307,0
DA:308,0
DA:309,0
DA:310,0
DA:326,0
DA:327,0
DA:328,0
DA:331,0
DA:335,0
DA:336,0
DA:338,0
DA:339,0
DA:340,0
DA:344,0
DA:345,0
DA:346,0
DA:347,0
DA:348,0
DA:349,0
DA:352,0
DA:353,0
DA:356,0
DA:358,0
DA:361,0
DA:367,0
DA:368,0
DA:371,0
DA:372,0
DA:373,0
DA:374,0
DA:377,0
DA:378,0
DA:381,0
DA:384,0
DA:403,0
DA:409,0
DA:414,0
DA:417,0
DA:419,0
DA:427,0
DA:430,0
DA:433,0
DA:434,0
DA:443,0
DA:444,0
DA:450,0
DA:456,0
LF:153
LH:0
BRDA:35,0,0,0
BRDA:35,0,1,0
BRDA:54,1,0,0
BRDA:54,1,1,0
BRDA:93,2,0,0
BRDA:93,2,1,0
BRDA:93,3,0,0
BRDA:93,3,1,0
BRDA:103,4,0,0
BRDA:103,4,1,0
BRDA:108,5,0,0
BRDA:108,5,1,0
BRDA:134,6,0,0
BRDA:134,6,1,0
BRDA:136,7,0,0
BRDA:136,7,1,0
BRDA:139,8,0,0
BRDA:139,8,1,0
BRDA:139,9,0,0
BRDA:139,9,1,0
BRDA:143,10,0,0
BRDA:143,10,1,0
BRDA:145,11,0,0
BRDA:145,11,1,0
BRDA:145,12,0,0
BRDA:145,12,1,0
BRDA:152,13,0,0
BRDA:152,13,1,0
BRDA:152,14,0,0
BRDA:152,14,1,0
BRDA:173,15,0,0
BRDA:173,15,1,0
BRDA:187,16,0,0
BRDA:187,16,1,0
BRDA:194,17,0,0
BRDA:194,17,1,0
BRDA:197,18,0,0
BRDA:197,18,1,0
BRDA:197,18,2,0
BRDA:199,19,0,0
BRDA:199,19,1,0
BRDA:200,20,0,0
BRDA:200,20,1,0
BRDA:209,21,0,0
BRDA:209,21,1,0
BRDA:217,22,0,0
BRDA:217,22,1,0
BRDA:222,23,0,0
BRDA:222,23,1,0
BRDA:222,23,2,0
BRDA:222,23,3,0
BRDA:227,24,0,0
BRDA:227,24,1,0
BRDA:228,25,0,0
BRDA:228,25,1,0
BRDA:228,26,0,0
BRDA:228,26,1,0
BRDA:230,27,0,0
BRDA:230,27,1,0
BRDA:235,28,0,0
BRDA:235,28,1,0
BRDA:235,28,2,0
BRDA:238,29,0,0
BRDA:238,29,1,0
BRDA:238,29,2,0
BRDA:241,30,0,0
BRDA:241,30,1,0
BRDA:242,31,0,0
BRDA:242,31,1,0
BRDA:243,32,0,0
BRDA:243,32,1,0
BRDA:243,33,0,0
BRDA:243,33,1,0
BRDA:244,34,0,0
BRDA:244,34,1,0
BRDA:244,34,2,0
BRDA:245,35,0,0
BRDA:245,35,1,0
BRDA:245,35,2,0
BRDA:246,36,0,0
BRDA:246,36,1,0
BRDA:246,36,2,0
BRDA:247,37,0,0
BRDA:247,37,1,0
BRDA:249,38,0,0
BRDA:249,38,1,0
BRDA:264,39,0,0
BRDA:264,39,1,0
BRDA:280,40,0,0
BRDA:280,40,1,0
BRDA:285,41,0,0
BRDA:285,41,1,0
BRDA:288,42,0,0
BRDA:288,42,1,0
BRDA:292,43,0,0
BRDA:292,43,1,0
BRDA:300,44,0,0
BRDA:300,44,1,0
BRDA:326,45,0,0
BRDA:326,45,1,0
BRDA:327,46,0,0
BRDA:327,46,1,0
BRDA:336,47,0,0
BRDA:336,47,1,0
BRDA:336,48,0,0
BRDA:336,48,1,0
BRDA:339,49,0,0
BRDA:339,49,1,0
BRDA:345,50,0,0
BRDA:345,50,1,0
BRDA:347,51,0,0
BRDA:347,51,1,0
BRDA:352,52,0,0
BRDA:352,52,1,0
BRDA:356,53,0,0
BRDA:356,53,1,0
BRDA:361,54,0,0
BRDA:361,54,1,0
BRDA:361,54,2,0
BRDA:367,55,0,0
BRDA:367,55,1,0
BRDA:371,56,0,0
BRDA:371,56,1,0
BRDA:372,57,0,0
BRDA:372,57,1,0
BRDA:372,58,0,0
BRDA:372,58,1,0
BRDA:374,59,0,0
BRDA:374,59,1,0
BRDA:377,60,0,0
BRDA:377,60,1,0
BRDA:387,61,0,0
BRDA:387,61,1,0
BRDA:390,62,0,0
BRDA:390,62,1,0
BRDA:391,63,0,0
BRDA:391,63,1,0
BRDA:393,64,0,0
BRDA:393,64,1,0
BRDA:394,65,0,0
BRDA:394,65,1,0
BRDA:396,66,0,0
BRDA:396,66,1,0
BRDA:397,67,0,0
BRDA:397,67,1,0
BRDA:397,67,2,0
BRDA:398,68,0,0
BRDA:398,68,1,0
BRDA:399,69,0,0
BRDA:399,69,1,0
BRDA:409,70,0,0
BRDA:409,70,1,0
BRDA:410,71,0,0
BRDA:410,71,1,0
BRDA:410,71,2,0
BRDA:419,72,0,0
BRDA:419,72,1,0
BRDA:420,73,0,0
BRDA:420,73,1,0
BRDA:420,73,2,0
BRDA:420,73,3,0
BRDA:25,74,0,0
BRDA:25,74,1,0
BRDA:25,75,0,0
BRDA:25,75,1,0
BRDA:25,76,0,0
BRDA:25,76,1,0
BRDA:25,77,0,0
BRDA:25,77,1,0
BRDA:27,78,0,0
BRDA:27,78,1,0
BRDA:27,79,0,0
BRDA:27,79,1,0
BRDA:29,80,0,0
BRDA:29,80,1,0
BRDA:29,81,0,0
BRDA:29,81,1,0
BRDA:30,82,0,0
BRDA:30,82,1,0
BRDA:30,83,0,0
BRDA:30,83,1,0
BRF:181
BRH:0
end_of_record
TN:
SF:src/observability/database-logger.service.ts
FN:7,(anonymous_2)
FN:12,(anonymous_3)
FN:19,(anonymous_4)
FN:30,(anonymous_5)
FN:37,(anonymous_6)
FN:41,(anonymous_7)
FN:45,(anonymous_8)
FN:49,(anonymous_9)
FNF:8
FNH:0
FNDA:0,(anonymous_2)
FNDA:0,(anonymous_3)
FNDA:0,(anonymous_4)
FNDA:0,(anonymous_5)
FNDA:0,(anonymous_6)
FNDA:0,(anonymous_7)
FNDA:0,(anonymous_8)
FNDA:0,(anonymous_9)
DA:1,0
DA:2,0
DA:3,0
DA:6,0
DA:8,0
DA:9,0
DA:13,0
DA:14,0
DA:15,0
DA:20,0
DA:21,0
DA:22,0
DA:31,0
DA:32,0
DA:33,0
DA:38,0
DA:42,0
DA:46,0
DA:50,0
DA:51,0
DA:64,0
LF:21
LH:0
BRDA:14,0,0,0
BRDA:14,0,1,0
BRDA:15,1,0,0
BRDA:15,1,1,0
BRDA:21,2,0,0
BRDA:21,2,1,0
BRDA:23,3,0,0
BRDA:23,3,1,0
BRDA:32,4,0,0
BRDA:32,4,1,0
BRDA:33,5,0,0
BRDA:33,5,1,0
BRDA:46,6,0,0
BRDA:46,6,1,0
BRDA:50,7,0,0
BRDA:50,7,1,0
BRDA:8,8,0,0
BRDA:8,8,1,0
BRDA:8,9,0,0
BRDA:8,9,1,0
BRDA:8,10,0,0
BRDA:8,10,1,0
BRDA:8,11,0,0
BRDA:8,11,1,0
BRF:24
BRH:0
end_of_record
TN:
SF:src/observability/observability.module.ts
FNF:0
FNH:0
DA:1,0
DA:2,0
DA:3,0
DA:4,0
DA:5,0
DA:6,0
DA:7,0
DA:8,0
DA:9,0
DA:10,0
DA:11,0
DA:32,0
LF:12
LH:0
BRF:0
BRH:0
end_of_record
TN:
SF:src/observability/sync-failure-logger.service.ts
FN:13,(anonymous_4)
FN:18,(anonymous_5)
FN:43,(anonymous_6)
FN:59,(anonymous_7)
FN:82,(anonymous_8)
FNF:5
FNH:0
FNDA:0,(anonymous_4)
FNDA:0,(anonymous_5)
FNDA:0,(anonymous_6)
FNDA:0,(anonymous_7)
FNDA:0,(anonymous_8)
DA:1,0
DA:2,0
DA:3,0
DA:4,0
DA:10,0
DA:11,0
DA:15,0
DA:25,0
DA:27,0
DA:31,0
DA:48,0
DA:49,0
DA:50,0
DA:52,0
DA:62,0
DA:83,0
LF:16
LH:0
BRDA:37,0,0,0
BRDA:37,0,1,0
BRDA:49,1,0,0
BRDA:49,1,1,0
BRDA:50,2,0,0
BRDA:50,2,1,0
BRDA:55,3,0,0
BRDA:55,3,1,0
BRDA:15,4,0,0
BRDA:15,4,1,0
BRDA:15,5,0,0
BRDA:15,5,1,0
BRF:12
BRH:0
end_of_record
TN:
SF:src/observability/sync-failure.controller.ts
FN:6,(anonymous_4)
FN:9,(anonymous_5)
FN:22,(anonymous_6)
FN:27,(anonymous_7)
FNF:4
FNH:0
FNDA:0,(anonymous_4)
FNDA:0,(anonymous_5)
FNDA:0,(anonymous_6)
FNDA:0,(anonymous_7)
DA:1,0
DA:2,0
DA:5,0
DA:6,0
DA:9,0
DA:14,0
DA:22,0
DA:23,0
DA:27,0
DA:28,0
DA:29,0
LF:11
LH:0
BRDA:17,0,0,0
BRDA:17,0,1,0
BRDA:6,1,0,0
BRDA:6,1,1,0
BRDA:6,2,0,0
BRDA:6,2,1,0
BRF:6
BRH:0
end_of_record
TN:
SF:src/observability/filters/global-exception.filter.ts
FN:13,(anonymous_2)
FN:15,(anonymous_3)
FNF:2
FNH:0
FNDA:0,(anonymous_2)
FNDA:0,(anonymous_3)
DA:1,0
DA:9,0
DA:12,0
DA:13,0
DA:16,0
DA:17,0
DA:18,0
DA:20,0
DA:21,0
DA:22,0
DA:24,0
DA:25,0
DA:26,0
DA:27,0
DA:31,0
DA:32,0
DA:33,0
DA:37,0
DA:38,0
DA:51,0
LF:20
LH:0
BRDA:24,0,0,0
BRDA:24,0,1,0
BRDA:28,1,0,0
BRDA:28,1,1,0
BRDA:30,2,0,0
BRDA:30,2,1,0
BRDA:31,3,0,0
BRDA:31,3,1,0
BRDA:37,4,0,0
BRDA:37,4,1,0
BRDA:13,5,0,0
BRDA:13,5,1,0
BRDA:13,6,0,0
BRDA:13,6,1,0
BRF:14
BRH:0
end_of_record
TN:
SF:src/observability/schemas/sync-failure.schema.ts
FNF:0
FNH:0
DA:1,0
DA:7,0
DA:9,0
DA:12,0
DA:15,0
DA:18,0
DA:21,0
DA:24,0
DA:27,0
DA:30,0
DA:32,0
DA:33,0
LF:12
LH:0
BRF:0
BRH:0
end_of_record
TN:
SF:src/observability/system-log/system-log.controller.ts
FN:8,(anonymous_4)
FN:12,(anonymous_5)
FNF:2
FNH:0
FNDA:0,(anonymous_4)
FNDA:0,(anonymous_5)
DA:1,0
DA:2,0
DA:3,0
DA:7,0
DA:8,0
DA:12,0
DA:17,0
DA:22,0
LF:8
LH:0
BRDA:18,0,0,0
BRDA:18,0,1,0
BRDA:8,1,0,0
BRDA:8,1,1,0
BRDA:8,2,0,0
BRDA:8,2,1,0
BRF:6
BRH:0
end_of_record
TN:
SF:src/observability/system-log/system-log.schema.ts
FNF:0
FNH:0
DA:1,0
DA:2,0
DA:5,0
DA:7,0
DA:10,0
DA:13,0
DA:16,0
DA:19,0
DA:22,0
LF:9
LH:0
BRF:0
BRH:0
end_of_record
TN:
SF:src/observability/system-log/system-log.service.ts
FN:10,(anonymous_4)
FN:15,(anonymous_5)
FN:34,(anonymous_6)
FN:47,(anonymous_7)
FN:60,(anonymous_8)
FNF:5
FNH:0
FNDA:0,(anonymous_4)
FNDA:0,(anonymous_5)
FNDA:0,(anonymous_6)
FNDA:0,(anonymous_7)
FNDA:0,(anonymous_8)
DA:1,0
DA:2,0
DA:3,0
DA:4,0
DA:7,0
DA:8,0
DA:12,0
DA:21,0
DA:22,0
DA:30,0
DA:35,0
DA:36,0
DA:43,0
DA:48,0
DA:49,0
DA:56,0
DA:61,0
DA:62,0
DA:63,0
DA:65,0
LF:20
LH:0
BRDA:60,0,0,0
BRDA:62,1,0,0
BRDA:62,1,1,0
BRDA:63,2,0,0
BRDA:63,2,1,0
BRDA:12,3,0,0
BRDA:12,3,1,0
BRDA:12,4,0,0
BRDA:12,4,1,0
BRF:9
BRH:0
end_of_record
TN:
SF:src/oportunidade/oportunidade.controller.ts
FN:25,(anonymous_4)
FN:35,(anonymous_5)
FN:41,(anonymous_6)
FN:47,(anonymous_7)
FN:53,(anonymous_8)
FN:61,(anonymous_9)
FN:67,(anonymous_10)
FN:75,(anonymous_11)
FNF:8
FNH:0
FNDA:0,(anonymous_4)
FNDA:0,(anonymous_5)
FNDA:0,(anonymous_6)
FNDA:0,(anonymous_7)
FNDA:0,(anonymous_8)
FNDA:0,(anonymous_9)
FNDA:0,(anonymous_10)
FNDA:0,(anonymous_11)
DA:1,0
DA:11,0
DA:12,0
DA:14,0
DA:18,0
DA:24,0
DA:25,0
DA:35,0
DA:36,0
DA:41,0
DA:42,0
DA:47,0
DA:48,0
DA:53,0
DA:54,0
DA:61,0
DA:62,0
DA:67,0
DA:68,0
DA:75,0
DA:76,0
LF:21
LH:0
BRDA:25,0,0,0
BRDA:25,0,1,0
BRDA:25,1,0,0
BRDA:25,1,1,0
BRF:4
BRH:0
end_of_record
TN:
SF:src/oportunidade/oportunidade.gateway.ts
FN:21,(anonymous_4)
FN:23,(anonymous_5)
FN:24,(anonymous_6)
FN:37,(anonymous_7)
FN:42,(anonymous_8)
FN:46,(anonymous_9)
FN:50,(anonymous_10)
FN:54,(anonymous_11)
FN:58,(anonymous_12)
FN:63,(anonymous_13)
FN:72,(anonymous_14)
FNF:11
FNH:0
FNDA:0,(anonymous_4)
FNDA:0,(anonymous_5)
FNDA:0,(anonymous_6)
FNDA:0,(anonymous_7)
FNDA:0,(anonymous_8)
FNDA:0,(anonymous_9)
FNDA:0,(anonymous_10)
FNDA:0,(anonymous_11)
FNDA:0,(anonymous_12)
FNDA:0,(anonymous_13)
FNDA:0,(anonymous_14)
DA:1,0
DA:10,0
DA:12,0
DA:15,0
DA:19,0
DA:21,0
DA:24,0
DA:25,0
DA:26,0
DA:27,0
DA:28,0
DA:29,0
DA:34,0
DA:37,0
DA:38,0
DA:43,0
DA:47,0
DA:51,0
DA:55,0
DA:59,0
DA:63,0
DA:68,0
DA:72,0
DA:76,0
LF:24
LH:0
BRDA:27,0,0,0
BRDA:27,0,1,0
BRDA:59,1,0,0
BRDA:59,1,1,0
BRDA:19,2,0,0
BRDA:19,2,1,0
BRDA:19,3,0,0
BRDA:19,3,1,0
BRDA:65,4,0,0
BRDA:65,4,1,0
BRDA:65,5,0,0
BRDA:65,5,1,0
BRDA:74,6,0,0
BRDA:74,6,1,0
BRDA:74,7,0,0
BRDA:74,7,1,0
BRDA:21,8,0,0
BRDA:21,8,1,0
BRDA:21,9,0,0
BRDA:21,9,1,0
BRF:20
BRH:0
end_of_record
TN:
SF:src/oportunidade/oportunidade.module.ts
FN:27,(anonymous_1)
FN:28,(anonymous_2)
FNF:2
FNH:0
FNDA:0,(anonymous_1)
FNDA:0,(anonymous_2)
DA:1,0
DA:2,0
DA:3,0
DA:4,0
DA:5,0
DA:6,0
DA:7,0
DA:11,0
DA:12,0
DA:13,0
DA:14,0
DA:15,0
DA:16,0
DA:17,0
DA:27,0
DA:28,0
DA:37,0
LF:17
LH:0
BRF:0
BRH:0
end_of_record
TN:
SF:src/oportunidade/oportunidade.schema.ts
FNF:0
FNH:0
DA:1,0
DA:7,0
DA:9,0
DA:12,0
DA:15,0
DA:18,0
DA:21,0
DA:24,0
DA:27,0
DA:30,0
DA:33,0
DA:36,0
DA:39,0
DA:42,0
DA:45,0
DA:48,0
DA:51,0
DA:54,0
DA:57,0
DA:60,0
DA:63,0
DA:66,0
DA:69,0
DA:72,0
DA:75,0
LF:25
LH:0
BRDA:48,0,0,0
BRDA:48,0,1,0
BRDA:48,1,0,0
BRDA:48,1,1,0
BRDA:51,2,0,0
BRDA:51,2,1,0
BRDA:51,3,0,0
BRDA:51,3,1,0
BRDA:66,4,0,0
BRDA:66,4,1,0
BRDA:66,5,0,0
BRDA:66,5,1,0
BRF:12
BRH:0
end_of_record
TN:
SF:src/oportunidade/oportunidade.service.ts
FN:35,(anonymous_4)
FN:51,(anonymous_5)
FN:102,(anonymous_6)
FN:108,(anonymous_7)
FN:136,(anonymous_8)
FN:149,(anonymous_9)
FN:158,(anonymous_10)
FN:176,(anonymous_11)
FN:222,(anonymous_12)
FN:266,(anonymous_13)
FN:329,(anonymous_14)
FN:353,(anonymous_15)
FN:383,(anonymous_16)
FN:483,(anonymous_17)
FN:514,(anonymous_18)
FNF:15
FNH:0
FNDA:0,(anonymous_4)
FNDA:0,(anonymous_5)
FNDA:0,(anonymous_6)
FNDA:0,(anonymous_7)
FNDA:0,(anonymous_8)
FNDA:0,(anonymous_9)
FNDA:0,(anonymous_10)
FNDA:0,(anonymous_11)
FNDA:0,(anonymous_12)
FNDA:0,(anonymous_13)
FNDA:0,(anonymous_14)
FNDA:0,(anonymous_15)
FNDA:0,(anonymous_16)
FNDA:0,(anonymous_17)
FNDA:0,(anonymous_18)
DA:1,0
DA:6,0
DA:7,0
DA:8,0
DA:9,0
DA:10,0
DA:11,0
DA:16,0
DA:17,0
DA:18,0
DA:22,0
DA:26,0
DA:27,0
DA:28,0
DA:29,0
DA:30,0
DA:31,0
DA:34,0
DA:37,0
DA:38,0
DA:39,0
DA:40,0
DA:42,0
DA:43,0
DA:44,0
DA:45,0
DA:46,0
DA:47,0
DA:48,0
DA:57,0
DA:58,0
DA:59,0
DA:60,0
DA:61,0
DA:63,0
DA:64,0
DA:65,0
DA:66,0
DA:71,0
DA:72,0
DA:73,0
DA:84,0
DA:85,0
DA:86,0
DA:88,0
DA:96,0
DA:97,0
DA:99,0
DA:103,0
DA:104,0
DA:105,0
DA:109,0
DA:110,0
DA:113,0
DA:121,0
DA:123,0
DA:124,0
DA:125,0
DA:128,0
DA:130,0
DA:133,0
DA:137,0
DA:141,0
DA:144,0
DA:146,0
DA:150,0
DA:151,0
DA:153,0
DA:154,0
DA:158,0
DA:159,0
DA:162,0
DA:169,0
DA:177,0
DA:178,0
DA:182,0
DA:186,0
DA:187,0
DA:190,0
DA:194,0
DA:198,0
DA:199,0
DA:200,0
DA:202,0
DA:204,0
DA:205,0
DA:208,0
DA:215,0
DA:216,0
DA:217,0
DA:218,0
DA:219,0
DA:222,0
DA:223,0
DA:224,0
DA:225,0
DA:228,0
DA:230,0
DA:231,0
DA:232,0
DA:234,0
DA:257,0
DA:258,0
DA:259,0
DA:262,0
DA:266,0
DA:267,0
DA:268,0
DA:274,0
DA:276,0
DA:280,0
DA:281,0
DA:282,0
DA:283,0
DA:285,0
DA:290,0
DA:300,0
DA:307,0
DA:309,0
DA:312,0
DA:313,0
DA:318,0
DA:321,0
DA:322,0
DA:330,0
DA:331,0
DA:333,0
DA:334,0
DA:340,0
DA:342,0
DA:345,0
DA:346,0
DA:348,0
DA:349,0
DA:354,0
DA:363,0
DA:366,0
DA:370,0
DA:371,0
DA:378,0
DA:381,0
DA:382,0
DA:383,0
DA:384,0
DA:385,0
DA:387,0
DA:393,0
DA:396,0
DA:397,0
DA:399,0
DA:400,0
DA:401,0
DA:402,0
DA:405,0
DA:407,0
DA:409,0
DA:410,0
DA:412,0
DA:421,0
DA:422,0
DA:424,0
DA:428,0
DA:440,0
DA:442,0
DA:444,0
DA:445,0
DA:458,0
DA:470,0
DA:483,0
DA:484,0
DA:487,0
DA:488,0
DA:491,0
DA:495,0
DA:496,0
DA:497,0
DA:498,0
DA:501,0
DA:506,0
DA:508,0
DA:515,0
DA:516,0
DA:518,0
DA:520,0
DA:521,0
DA:526,0
DA:529,0
DA:532,0
DA:536,0
DA:537,0
DA:540,0
DA:554,0
DA:557,0
DA:558,0
DA:563,0
DA:565,0
DA:567,0
DA:568,0
LF:198
LH:0
BRDA:58,0,0,0
BRDA:58,0,1,0
BRDA:59,1,0,0
BRDA:59,1,1,0
BRDA:60,2,0,0
BRDA:60,2,1,0
BRDA:63,3,0,0
BRDA:63,3,1,0
BRDA:71,4,0,0
BRDA:71,4,1,0
BRDA:71,5,0,0
BRDA:71,5,1,0
BRDA:84,6,0,0
BRDA:84,6,1,0
BRDA:85,7,0,0
BRDA:85,7,1,0
BRDA:97,8,0,0
BRDA:97,8,1,0
BRDA:104,9,0,0
BRDA:104,9,1,0
BRDA:109,10,0,0
BRDA:109,10,1,0
BRDA:121,11,0,0
BRDA:121,11,1,0
BRDA:123,12,0,0
BRDA:123,12,1,0
BRDA:141,13,0,0
BRDA:141,13,1,0
BRDA:151,14,0,0
BRDA:151,14,1,0
BRDA:153,15,0,0
BRDA:153,15,1,0
BRDA:165,16,0,0
BRDA:165,16,1,0
BRDA:186,17,0,0
BRDA:186,17,1,0
BRDA:186,18,0,0
BRDA:186,18,1,0
BRDA:199,19,0,0
BRDA:199,19,1,0
BRDA:199,20,0,0
BRDA:199,20,1,0
BRDA:200,21,0,0
BRDA:200,21,1,0
BRDA:200,22,0,0
BRDA:200,22,1,0
BRDA:200,23,0,0
BRDA:200,23,1,0
BRDA:204,24,0,0
BRDA:204,24,1,0
BRDA:218,25,0,0
BRDA:218,25,1,0
BRDA:228,26,0,0
BRDA:228,26,1,0
BRDA:228,26,2,0
BRDA:230,27,0,0
BRDA:230,27,1,0
BRDA:230,27,2,0
BRDA:236,28,0,0
BRDA:236,28,1,0
BRDA:238,29,0,0
BRDA:238,29,1,0
BRDA:240,30,0,0
BRDA:240,30,1,0
BRDA:242,31,0,0
BRDA:242,31,1,0
BRDA:243,32,0,0
BRDA:243,32,1,0
BRDA:244,33,0,0
BRDA:244,33,1,0
BRDA:245,34,0,0
BRDA:245,34,1,0
BRDA:246,35,0,0
BRDA:246,35,1,0
BRDA:251,36,0,0
BRDA:251,36,1,0
BRDA:252,37,0,0
BRDA:252,37,1,0
BRDA:258,38,0,0
BRDA:258,38,1,0
BRDA:267,39,0,0
BRDA:267,39,1,0
BRDA:268,40,0,0
BRDA:268,40,1,0
BRDA:269,41,0,0
BRDA:269,41,1,0
BRDA:269,41,2,0
BRDA:269,41,3,0
BRDA:280,42,0,0
BRDA:280,42,1,0
BRDA:280,43,0,0
BRDA:280,43,1,0
BRDA:282,44,0,0
BRDA:282,44,1,0
BRDA:283,45,0,0
BRDA:283,45,1,0
BRDA:285,46,0,0
BRDA:285,46,1,0
BRDA:285,46,2,0
BRDA:285,46,3,0
BRDA:312,47,0,0
BRDA:312,47,1,0
BRDA:321,48,0,0
BRDA:321,48,1,0
BRDA:331,49,0,0
BRDA:331,49,1,0
BRDA:370,50,0,0
BRDA:370,50,1,0
BRDA:382,51,0,0
BRDA:382,51,1,0
BRDA:382,52,0,0
BRDA:382,52,1,0
BRDA:384,53,0,0
BRDA:384,53,1,0
BRDA:384,54,0,0
BRDA:384,54,1,0
BRDA:385,55,0,0
BRDA:385,55,1,0
BRDA:393,56,0,0
BRDA:393,56,1,0
BRDA:393,57,0,0
BRDA:393,57,1,0
BRDA:442,58,0,0
BRDA:442,58,1,0
BRDA:444,59,0,0
BRDA:444,59,1,0
BRDA:496,60,0,0
BRDA:496,60,1,0
BRDA:520,61,0,0
BRDA:520,61,1,0
BRDA:536,62,0,0
BRDA:536,62,1,0
BRDA:37,63,0,0
BRDA:37,63,1,0
BRDA:37,64,0,0
BRDA:37,64,1,0
BRDA:37,65,0,0
BRDA:37,65,1,0
BRDA:37,66,0,0
BRDA:37,66,1,0
BRDA:38,67,0,0
BRDA:38,67,1,0
BRDA:38,68,0,0
BRDA:38,68,1,0
BRDA:39,69,0,0
BRDA:39,69,1,0
BRDA:39,70,0,0
BRDA:39,70,1,0
BRDA:40,71,0,0
BRDA:40,71,1,0
BRDA:40,72,0,0
BRDA:40,72,1,0
BRDA:42,73,0,0
BRDA:42,73,1,0
BRDA:42,74,0,0
BRDA:42,74,1,0
BRDA:43,75,0,0
BRDA:43,75,1,0
BRDA:43,76,0,0
BRDA:43,76,1,0
BRDA:44,77,0,0
BRDA:44,77,1,0
BRDA:44,78,0,0
BRDA:44,78,1,0
BRDA:45,79,0,0
BRDA:45,79,1,0
BRDA:45,80,0,0
BRDA:45,80,1,0
BRDA:46,81,0,0
BRDA:46,81,1,0
BRDA:46,82,0,0
BRDA:46,82,1,0
BRDA:47,83,0,0
BRDA:47,83,1,0
BRDA:47,84,0,0
BRDA:47,84,1,0
BRF:176
BRH:0
end_of_record
TN:
SF:src/oportunidade/dtos/simular-estrategia.dto.ts
FN:10,(anonymous_2)
FN:26,(anonymous_3)
FNF:2
FNH:0
FNDA:0,(anonymous_2)
FNDA:0,(anonymous_3)
DA:1,0
DA:10,0
DA:11,0
DA:12,0
DA:15,0
DA:17,0
DA:21,0
DA:24,0
DA:26,0
DA:30,0
LF:10
LH:0
BRDA:10,0,0,0
BRDA:10,0,1,0
BRF:2
BRH:0
end_of_record
TN:
SF:src/oportunidade/schemas/simulacao.schema.ts
FNF:0
FNH:0
DA:1,0
DA:2,0
DA:7,0
DA:8,0
DA:9,0
DA:10,0
DA:11,0
DA:12,0
DA:13,0
DA:17,0
DA:23,0
DA:26,0
DA:29,0
DA:32,0
DA:35,0
DA:38,0
DA:41,0
DA:44,0
DA:47,0
DA:50,0
LF:20
LH:0
BRDA:23,0,0,0
BRDA:23,0,1,0
BRDA:23,1,0,0
BRDA:23,1,1,0
BRDA:23,1,2,0
BRF:5
BRH:0
end_of_record
TN:
SF:src/orgao/orgao.controller.ts
FN:6,(anonymous_4)
FN:9,(anonymous_5)
FNF:2
FNH:0
FNDA:0,(anonymous_4)
FNDA:0,(anonymous_5)
DA:1,0
DA:2,0
DA:5,0
DA:6,0
DA:9,0
DA:10,0
LF:6
LH:0
BRDA:6,0,0,0
BRDA:6,0,1,0
BRDA:6,1,0,0
BRDA:6,1,1,0
BRF:4
BRH:0
end_of_record
TN:
SF:src/orgao/orgao.module.ts
FNF:0
FNH:0
DA:1,0
DA:2,0
DA:3,0
DA:4,0
DA:5,0
DA:15,0
LF:6
LH:0
BRF:0
BRH:0
end_of_record
TN:
SF:src/orgao/orgao.schema.ts
FNF:0
FNH:0
DA:1,0
DA:7,0
DA:9,0
DA:12,0
DA:15,0
DA:18,0
LF:6
LH:0
BRF:0
BRH:0
end_of_record
TN:
SF:src/orgao/orgao.service.ts
FN:8,(anonymous_4)
FN:10,(anonymous_5)
FNF:2
FNH:0
FNDA:0,(anonymous_4)
FNDA:0,(anonymous_5)
DA:1,0
DA:2,0
DA:3,0
DA:4,0
DA:7,0
DA:8,0
DA:16,0
DA:17,0
DA:18,0
DA:20,0
DA:26,0
DA:27,0
DA:29,0
LF:13
LH:0
BRDA:16,0,0,0
BRDA:16,0,1,0
BRDA:17,1,0,0
BRDA:17,1,1,0
BRDA:27,2,0,0
BRDA:27,2,1,0
BRDA:8,3,0,0
BRDA:8,3,1,0
BRDA:8,4,0,0
BRDA:8,4,1,0
BRF:10
BRH:0
end_of_record
TN:
SF:src/perfil-busca/perfil-busca.controller.ts
FN:52,(anonymous_4)
FN:56,(anonymous_5)
FN:62,(anonymous_6)
FN:68,(anonymous_7)
FN:74,(anonymous_8)
FN:80,(anonymous_9)
FN:86,(anonymous_10)
FNF:7
FNH:0
FNDA:0,(anonymous_4)
FNDA:0,(anonymous_5)
FNDA:0,(anonymous_6)
FNDA:0,(anonymous_7)
FNDA:0,(anonymous_8)
FNDA:0,(anonymous_9)
FNDA:0,(anonymous_10)
DA:1,0
DA:11,0
DA:12,0
DA:14,0
DA:16,0
DA:19,0
DA:22,0
DA:25,0
DA:28,0
DA:31,0
DA:34,0
DA:37,0
DA:40,0
DA:43,0
DA:46,0
DA:51,0
DA:52,0
DA:56,0
DA:57,0
DA:62,0
DA:63,0
DA:68,0
DA:69,0
DA:74,0
DA:75,0
DA:80,0
DA:81,0
DA:86,0
DA:87,0
LF:29
LH:0
BRDA:52,0,0,0
BRDA:52,0,1,0
BRDA:52,1,0,0
BRDA:52,1,1,0
BRF:4
BRH:0
end_of_record
TN:
SF:src/perfil-busca/perfil-busca.module.ts
FNF:0
FNH:0
DA:1,0
DA:2,0
DA:3,0
DA:4,0
DA:5,0
DA:17,0
LF:6
LH:0
BRF:0
BRH:0
end_of_record
TN:
SF:src/perfil-busca/perfil-busca.schema.ts
FNF:0
FNH:0
DA:1,0
DA:7,0
DA:9,0
DA:12,0
DA:15,0
DA:18,0
DA:21,0
DA:24,0
DA:27,0
DA:30,0
DA:33,0
DA:36,0
DA:39,0
DA:42,0
LF:14
LH:0
BRF:0
BRH:0
end_of_record
TN:
SF:src/perfil-busca/perfil-busca.service.ts
FN:12,(anonymous_4)
FN:16,(anonymous_5)
FN:23,(anonymous_6)
FN:27,(anonymous_7)
FN:33,(anonymous_8)
FN:44,(anonymous_9)
FN:52,(anonymous_10)
FNF:7
FNH:0
FNDA:0,(anonymous_4)
FNDA:0,(anonymous_5)
FNDA:0,(anonymous_6)
FNDA:0,(anonymous_7)
FNDA:0,(anonymous_8)
FNDA:0,(anonymous_9)
FNDA:0,(anonymous_10)
DA:1,0
DA:6,0
DA:7,0
DA:8,0
DA:11,0
DA:13,0
DA:17,0
DA:18,0
DA:20,0
DA:24,0
DA:28,0
DA:29,0
DA:30,0
DA:34,0
DA:35,0
DA:37,0
DA:40,0
DA:41,0
DA:45,0
DA:46,0
DA:48,0
DA:49,0
DA:53,0
LF:23
LH:0
BRDA:17,0,0,0
BRDA:17,0,1,0
BRDA:17,1,0,0
BRDA:17,1,1,0
BRDA:29,2,0,0
BRDA:29,2,1,0
BRDA:34,3,0,0
BRDA:34,3,1,0
BRDA:34,4,0,0
BRDA:34,4,1,0
BRDA:40,5,0,0
BRDA:40,5,1,0
BRDA:46,6,0,0
BRDA:46,6,1,0
BRDA:13,7,0,0
BRDA:13,7,1,0
BRDA:13,8,0,0
BRDA:13,8,1,0
BRF:18
BRH:0
end_of_record
TN:
SF:src/pncp/pncp.module.ts
FNF:0
FNH:0
DA:1,0
DA:2,0
DA:3,0
DA:4,0
DA:5,0
DA:6,0
DA:7,0
DA:11,0
DA:12,0
DA:16,0
DA:35,0
LF:11
LH:0
BRF:0
BRH:0
end_of_record
TN:
SF:src/pncp/controllers/pncp/pncp.controller.ts
FN:10,(anonymous_4)
FN:30,(anonymous_5)
FN:66,(anonymous_6)
FN:93,(anonymous_7)
FNF:4
FNH:0
FNDA:0,(anonymous_4)
FNDA:0,(anonymous_5)
FNDA:0,(anonymous_6)
FNDA:0,(anonymous_7)
DA:1,0
DA:2,0
DA:3,0
DA:4,0
DA:5,0
DA:9,0
DA:11,0
DA:12,0
DA:30,0
DA:34,0
DA:66,0
DA:71,0
DA:72,0
DA:73,0
DA:74,0
DA:75,0
DA:76,0
DA:78,0
DA:79,0
DA:80,0
DA:81,0
DA:82,0
DA:83,0
DA:86,0
DA:93,0
LF:25
LH:0
BRDA:69,0,0,0
BRDA:70,1,0,0
BRDA:70,1,1,0
BRDA:70,2,0,0
BRDA:70,2,1,0
BRDA:11,3,0,0
BRDA:11,3,1,0
BRDA:11,4,0,0
BRDA:11,4,1,0
BRDA:11,5,0,0
BRDA:11,5,1,0
BRDA:11,6,0,0
BRDA:11,6,1,0
BRF:13
BRH:0
end_of_record
TN:
SF:src/pncp/dtos/pncp.dto.ts
FN:128,mapPncpParaOportunidade
FNF:1
FNH:0
FNDA:0,mapPncpParaOportunidade
DA:1,0
DA:3,0
DA:5,0
DA:8,0
DA:11,0
DA:13,0
DA:16,0
DA:19,0
DA:22,0
DA:25,0
DA:27,0
DA:30,0
DA:33,0
DA:36,0
DA:39,0
DA:42,0
DA:45,0
DA:48,0
DA:51,0
DA:54,0
DA:57,0
DA:60,0
DA:63,0
DA:66,0
DA:69,0
DA:71,0
DA:74,0
DA:77,0
DA:80,0
DA:83,0
DA:86,0
DA:89,0
DA:92,0
DA:95,0
DA:98,0
DA:101,0
DA:104,0
DA:107,0
DA:110,0
DA:113,0
DA:116,0
DA:119,0
DA:122,0
DA:125,0
DA:128,0
DA:131,0
DA:132,0
LF:47
LH:0
BRDA:110,0,0,0
BRDA:110,0,1,0
BRDA:110,1,0,0
BRDA:110,1,1,0
BRDA:113,2,0,0
BRDA:113,2,1,0
BRDA:113,3,0,0
BRDA:113,3,1,0
BRDA:131,4,0,0
BRDA:131,4,1,0
BRDA:134,5,0,0
BRDA:134,5,1,0
BRDA:135,6,0,0
BRDA:135,6,1,0
BRDA:136,7,0,0
BRDA:136,7,1,0
BRDA:137,8,0,0
BRDA:137,8,1,0
BRDA:138,9,0,0
BRDA:138,9,1,0
BRDA:139,10,0,0
BRDA:139,10,1,0
BRDA:140,11,0,0
BRDA:140,11,1,0
BRDA:141,12,0,0
BRDA:141,12,1,0
BRDA:142,13,0,0
BRDA:142,13,1,0
BRDA:143,14,0,0
BRDA:143,14,1,0
BRDA:144,15,0,0
BRDA:144,15,1,0
BRDA:145,16,0,0
BRDA:145,16,1,0
BRDA:146,17,0,0
BRDA:146,17,1,0
BRDA:149,18,0,0
BRDA:149,18,1,0
BRDA:152,19,0,0
BRDA:152,19,1,0
BRDA:153,20,0,0
BRDA:153,20,1,0
BRDA:155,21,0,0
BRDA:155,21,1,0
BRF:44
BRH:0
end_of_record
TN:
SF:src/pncp/schemas/resultado-item.schema.ts
FNF:0
FNH:0
DA:1,0
DA:7,0
DA:9,0
DA:12,0
DA:15,0
DA:18,0
DA:21,0
DA:24,0
DA:27,0
DA:30,0
DA:33,0
DA:36,0
DA:39,0
DA:42,0
DA:43,0
LF:15
LH:0
BRDA:36,0,0,0
BRDA:36,0,1,0
BRDA:36,1,0,0
BRDA:36,1,1,0
BRF:4
BRH:0
end_of_record
TN:
SF:src/pncp/services/compras-dados-abertos/compras-dados-abertos.service.ts
FN:17,(anonymous_4)
FN:24,(anonymous_5)
FN:56,(anonymous_6)
FN:89,(anonymous_7)
FN:98,(anonymous_8)
FN:105,(anonymous_9)
FN:110,(anonymous_10)
FN:112,(anonymous_11)
FN:138,(anonymous_12)
FNF:9
FNH:0
FNDA:0,(anonymous_4)
FNDA:0,(anonymous_5)
FNDA:0,(anonymous_6)
FNDA:0,(anonymous_7)
FNDA:0,(anonymous_8)
FNDA:0,(anonymous_9)
FNDA:0,(anonymous_10)
FNDA:0,(anonymous_11)
FNDA:0,(anonymous_12)
DA:1,0
DA:2,0
DA:3,0
DA:4,0
DA:8,0
DA:14,0
DA:15,0
DA:19,0
DA:21,0
DA:25,0
DA:29,0
DA:30,0
DA:35,0
DA:41,0
DA:42,0
DA:49,0
DA:50,0
DA:53,0
DA:54,0
DA:56,0
DA:57,0
DA:58,0
DA:60,0
DA:61,0
DA:63,0
DA:64,0
DA:65,0
DA:67,0
DA:68,0
DA:74,0
DA:77,0
DA:78,0
DA:81,0
DA:83,0
DA:84,0
DA:89,0
DA:90,0
DA:92,0
DA:97,0
DA:98,0
DA:101,0
DA:103,0
DA:104,0
DA:105,0
DA:106,0
DA:109,0
DA:110,0
DA:112,0
DA:114,0
DA:118,0
DA:128,0
DA:131,0
DA:139,0
LF:53
LH:0
BRDA:30,0,0,0
BRDA:30,0,1,0
BRDA:31,1,0,0
BRDA:31,1,1,0
BRDA:31,1,2,0
BRDA:49,2,0,0
BRDA:49,2,1,0
BRDA:61,3,0,0
BRDA:61,3,1,0
BRDA:61,4,0,0
BRDA:61,4,1,0
BRDA:63,5,0,0
BRDA:63,5,1,0
BRDA:64,6,0,0
BRDA:64,6,1,0
BRDA:67,7,0,0
BRDA:67,7,1,0
BRDA:68,8,0,0
BRDA:68,8,1,0
BRDA:77,9,0,0
BRDA:77,9,1,0
BRDA:83,10,0,0
BRDA:83,10,1,0
BRDA:92,11,0,0
BRDA:92,11,1,0
BRDA:98,12,0,0
BRDA:98,12,1,0
BRDA:101,13,0,0
BRDA:101,13,1,0
BRDA:19,14,0,0
BRDA:19,14,1,0
BRDA:19,15,0,0
BRDA:19,15,1,0
BRDA:19,16,0,0
BRDA:19,16,1,0
BRDA:19,17,0,0
BRDA:19,17,1,0
BRF:37
BRH:0
end_of_record
TN:
SF:src/pncp/services/pncp-client/pncp-client.service.ts
FN:27,(anonymous_2)
FN:33,(anonymous_3)
FN:36,(anonymous_4)
FN:38,(anonymous_5)
FN:93,(anonymous_6)
FN:131,(anonymous_7)
FN:174,(anonymous_8)
FN:196,(anonymous_9)
FN:254,(anonymous_10)
FN:277,(anonymous_11)
FNF:10
FNH:0
FNDA:0,(anonymous_2)
FNDA:0,(anonymous_3)
FNDA:0,(anonymous_4)
FNDA:0,(anonymous_5)
FNDA:0,(anonymous_6)
FNDA:0,(anonymous_7)
FNDA:0,(anonymous_8)
FNDA:0,(anonymous_9)
FNDA:0,(anonymous_10)
FNDA:0,(anonymous_11)
DA:1,0
DA:2,0
DA:4,0
DA:18,0
DA:19,0
DA:21,0
DA:23,0
DA:24,0
DA:25,0
DA:28,0
DA:32,0
DA:33,0
DA:36,0
DA:39,0
DA:42,0
DA:43,0
DA:44,0
DA:45,0
DA:86,0
DA:87,0
DA:89,0
DA:96,0
DA:97,0
DA:98,0
DA:100,0
DA:101,0
DA:105,0
DA:113,0
DA:114,0
DA:116,0
DA:117,0
DA:119,0
DA:122,0
DA:125,0
DA:128,0
DA:132,0
DA:133,0
DA:134,0
DA:135,0
DA:136,0
DA:141,0
DA:145,0
DA:149,0
DA:150,0
DA:152,0
DA:153,0
DA:155,0
DA:156,0
DA:157,0
DA:158,0
DA:161,0
DA:163,0
DA:175,0
DA:176,0
DA:177,0
DA:178,0
DA:180,0
DA:181,0
DA:182,0
DA:184,0
DA:185,0
DA:187,0
DA:188,0
DA:190,0
DA:193,0
DA:200,0
DA:203,0
DA:204,0
DA:206,0
DA:210,0
DA:214,0
DA:215,0
DA:217,0
DA:219,0
DA:220,0
DA:221,0
DA:222,0
DA:223,0
DA:225,0
DA:226,0
DA:227,0
DA:229,0
DA:230,0
DA:232,0
DA:233,0
DA:235,0
DA:238,0
DA:259,0
DA:262,0
DA:264,0
DA:265,0
DA:266,0
DA:278,0
DA:279,0
DA:280,0
DA:283,0
DA:284,0
DA:293,0
DA:294,0
DA:295,0
DA:296,0
DA:304,0
DA:305,0
DA:310,0
LF:104
LH:0
BRDA:21,0,0,0
BRDA:21,0,1,0
BRDA:87,1,0,0
BRDA:87,1,1,0
BRDA:113,2,0,0
BRDA:113,2,1,0
BRDA:114,3,0,0
BRDA:114,3,1,0
BRDA:117,4,0,0
BRDA:117,4,1,0
BRDA:134,5,0,0
BRDA:134,5,1,0
BRDA:157,6,0,0
BRDA:157,6,1,0
BRDA:184,7,0,0
BRDA:184,7,1,0
BRDA:187,8,0,0
BRDA:187,8,1,0
BRDA:204,9,0,0
BRDA:204,9,1,0
BRDA:229,10,0,0
BRDA:229,10,1,0
BRDA:232,11,0,0
BRDA:232,11,1,0
BRDA:283,12,0,0
BRDA:283,12,1,0
BRDA:293,13,0,0
BRDA:293,13,1,0
BRDA:293,14,0,0
BRDA:293,14,1,0
BRDA:304,15,0,0
BRDA:304,15,1,0
BRDA:304,16,0,0
BRDA:304,16,1,0
BRDA:304,16,2,0
BRDA:36,17,0,0
BRDA:36,17,1,0
BRDA:36,18,0,0
BRDA:36,18,1,0
BRF:39
BRH:0
end_of_record
TN:
SF:src/pncp/services/resultado-item-collector/resultado-item-collector.service.ts
FN:22,(anonymous_4)
FN:33,(anonymous_5)
FN:43,(anonymous_6)
FN:158,(anonymous_7)
FN:171,(anonymous_8)
FN:185,(anonymous_9)
FNF:6
FNH:0
FNDA:0,(anonymous_4)
FNDA:0,(anonymous_5)
FNDA:0,(anonymous_6)
FNDA:0,(anonymous_7)
FNDA:0,(anonymous_8)
FNDA:0,(anonymous_9)
DA:1,0
DA:2,0
DA:3,0
DA:4,0
DA:5,0
DA:6,0
DA:10,0
DA:14,0
DA:15,0
DA:19,0
DA:20,0
DA:23,0
DA:24,0
DA:26,0
DA:28,0
DA:33,0
DA:34,0
DA:39,0
DA:40,0
DA:41,0
DA:43,0
DA:44,0
DA:45,0
DA:46,0
DA:49,0
DA:51,0
DA:52,0
DA:53,0
DA:54,0
DA:56,0
DA:57,0
DA:58,0
DA:59,0
DA:61,0
DA:62,0
DA:64,0
DA:65,0
DA:67,0
DA:71,0
DA:74,0
DA:76,0
DA:77,0
DA:79,0
DA:80,0
DA:81,0
DA:83,0
DA:84,0
DA:87,0
DA:88,0
DA:92,0
DA:94,0
DA:95,0
DA:96,0
DA:158,0
DA:170,0
DA:171,0
DA:182,0
DA:189,0
LF:58
LH:0
BRDA:56,0,0,0
BRDA:56,0,1,0
BRDA:61,1,0,0
BRDA:61,1,1,0
BRDA:61,2,0,0
BRDA:61,2,1,0
BRDA:61,2,2,0
BRDA:62,3,0,0
BRDA:62,3,1,0
BRDA:67,4,0,0
BRDA:67,4,1,0
BRDA:68,5,0,0
BRDA:68,5,1,0
BRDA:74,6,0,0
BRDA:74,6,1,0
BRDA:77,7,0,0
BRDA:77,7,1,0
BRDA:81,8,0,0
BRDA:81,8,1,0
BRDA:92,9,0,0
BRDA:92,9,1,0
BRDA:187,10,0,0
BRDA:23,11,0,0
BRDA:23,11,1,0
BRDA:23,12,0,0
BRDA:23,12,1,0
BRDA:23,13,0,0
BRDA:23,13,1,0
BRDA:23,14,0,0
BRDA:23,14,1,0
BRDA:24,15,0,0
BRDA:24,15,1,0
BRDA:24,16,0,0
BRDA:24,16,1,0
BRDA:26,17,0,0
BRDA:26,17,1,0
BRDA:26,18,0,0
BRDA:26,18,1,0
BRF:38
BRH:0
end_of_record
TN:
SF:src/produto/produto.controller.ts
FN:6,(anonymous_4)
FN:9,(anonymous_5)
FN:14,(anonymous_6)
FNF:3
FNH:0
FNDA:0,(anonymous_4)
FNDA:0,(anonymous_5)
FNDA:0,(anonymous_6)
DA:1,0
DA:2,0
DA:5,0
DA:6,0
DA:9,0
DA:10,0
DA:14,0
DA:15,0
LF:8
LH:0
BRDA:6,0,0,0
BRDA:6,0,1,0
BRDA:6,1,0,0
BRDA:6,1,1,0
BRF:4
BRH:0
end_of_record
TN:
SF:src/produto/produto.gateway.ts
FN:9,(anonymous_2)
FN:13,(anonymous_3)
FNF:2
FNH:0
FNDA:0,(anonymous_2)
FNDA:0,(anonymous_3)
DA:1,0
DA:2,0
DA:5,0
DA:7,0
DA:10,0
DA:14,0
LF:6
LH:0
BRDA:7,0,0,0
BRDA:7,0,1,0
BRDA:7,1,0,0
BRDA:7,1,1,0
BRF:4
BRH:0
end_of_record
TN:
SF:src/produto/produto.module.ts
FNF:0
FNH:0
DA:1,0
DA:2,0
DA:3,0
DA:4,0
DA:5,0
DA:6,0
DA:16,0
LF:7
LH:0
BRF:0
BRH:0
end_of_record
TN:
SF:src/produto/produto.schema.ts
FNF:0
FNH:0
DA:1,0
DA:7,0
DA:9,0
DA:12,0
DA:15,0
DA:18,0
DA:21,0
DA:24,0
DA:27,0
DA:30,0
DA:33,0
DA:36,0
DA:39,0
DA:42,0
DA:45,0
DA:48,0
DA:51,0
DA:54,0
DA:57,0
LF:19
LH:0
BRF:0
BRH:0
end_of_record
TN:
SF:src/produto/produto.service.ts
FN:9,(anonymous_4)
FN:14,(anonymous_5)
FN:43,(anonymous_6)
FN:51,(anonymous_7)
FNF:4
FNH:0
FNDA:0,(anonymous_4)
FNDA:0,(anonymous_5)
FNDA:0,(anonymous_6)
FNDA:0,(anonymous_7)
DA:1,0
DA:2,0
DA:3,0
DA:4,0
DA:5,0
DA:8,0
DA:10,0
DA:11,0
DA:20,0
DA:21,0
DA:22,0
DA:24,0
DA:25,0
DA:26,0
DA:29,0
DA:43,0
DA:45,0
DA:46,0
DA:48,0
DA:52,0
DA:55,0
DA:56,0
DA:58,0
LF:23
LH:0
BRDA:20,0,0,0
BRDA:20,0,1,0
BRDA:21,1,0,0
BRDA:21,1,1,0
BRDA:25,2,0,0
BRDA:25,2,1,0
BRDA:46,3,0,0
BRDA:46,3,1,0
BRDA:55,4,0,0
BRDA:55,4,1,0
BRDA:10,5,0,0
BRDA:10,5,1,0
BRDA:10,6,0,0
BRDA:10,6,1,0
BRDA:10,7,0,0
BRDA:10,7,1,0
BRDA:10,8,0,0
BRDA:10,8,1,0
BRF:18
BRH:0
end_of_record
TN:
SF:src/proposta/proposta.controller.ts
FN:14,(anonymous_4)
FN:17,(anonymous_5)
FN:22,(anonymous_6)
FN:30,(anonymous_7)
FN:35,(anonymous_8)
FNF:5
FNH:0
FNDA:0,(anonymous_4)
FNDA:0,(anonymous_5)
FNDA:0,(anonymous_6)
FNDA:0,(anonymous_7)
FNDA:0,(anonymous_8)
DA:1,0
DA:10,0
DA:13,0
DA:14,0
DA:17,0
DA:18,0
DA:22,0
DA:26,0
DA:30,0
DA:31,0
DA:35,0
DA:36,0
LF:12
LH:0
BRDA:14,0,0,0
BRDA:14,0,1,0
BRDA:14,1,0,0
BRDA:14,1,1,0
BRF:4
BRH:0
end_of_record
TN:
SF:src/proposta/proposta.module.ts
FNF:0
FNH:0
DA:1,0
DA:2,0
DA:3,0
DA:4,0
DA:5,0
DA:6,0
DA:7,0
DA:24,0
LF:8
LH:0
BRF:0
BRH:0
end_of_record
TN:
SF:src/proposta/proposta.schema.ts
FNF:0
FNH:0
DA:1,0
DA:2,0
DA:7,0
DA:13,0
DA:20,0
DA:23,0
DA:26,0
DA:29,0
DA:32,0
DA:35,0
DA:41,0
DA:44,0
DA:47,0
DA:50,0
DA:53,0
DA:56,0
LF:16
LH:0
BRDA:13,0,0,0
BRDA:13,0,1,0
BRDA:13,1,0,0
BRDA:13,1,1,0
BRDA:13,1,2,0
BRDA:20,2,0,0
BRDA:20,2,1,0
BRDA:20,3,0,0
BRDA:20,3,1,0
BRDA:20,3,2,0
BRDA:32,4,0,0
BRDA:32,4,1,0
BRDA:32,5,0,0
BRDA:32,5,1,0
BRDA:44,6,0,0
BRDA:44,6,1,0
BRDA:44,7,0,0
BRDA:44,7,1,0
BRF:18
BRH:0
end_of_record
TN:
SF:src/proposta/proposta.service.ts
FN:17,(anonymous_4)
FN:24,(anonymous_5)
FN:60,(anonymous_6)
FN:83,(anonymous_7)
FN:115,(anonymous_8)
FNF:5
FNH:0
FNDA:0,(anonymous_4)
FNDA:0,(anonymous_5)
FNDA:0,(anonymous_6)
FNDA:0,(anonymous_7)
FNDA:0,(anonymous_8)
DA:1,0
DA:6,0
DA:7,0
DA:8,0
DA:9,0
DA:10,0
DA:16,0
DA:18,0
DA:19,0
DA:21,0
DA:25,0
DA:27,0
DA:32,0
DA:37,0
DA:49,0
DA:51,0
DA:57,0
DA:61,0
DA:67,0
DA:68,0
DA:71,0
DA:79,0
DA:80,0
DA:84,0
DA:85,0
DA:86,0
DA:88,0
DA:89,0
DA:90,0
DA:91,0
DA:94,0
DA:95,0
DA:96,0
DA:98,0
DA:109,0
DA:110,0
DA:112,0
DA:116,0
DA:120,0
DA:121,0
LF:40
LH:0
BRDA:27,0,0,0
BRDA:27,0,1,0
BRDA:28,1,0,0
BRDA:28,1,1,0
BRDA:28,1,2,0
BRDA:67,2,0,0
BRDA:67,2,1,0
BRDA:79,3,0,0
BRDA:79,3,1,0
BRDA:85,4,0,0
BRDA:85,4,1,0
BRDA:88,5,0,0
BRDA:88,5,1,0
BRDA:88,6,0,0
BRDA:88,6,1,0
BRDA:90,7,0,0
BRDA:90,7,1,0
BRDA:91,8,0,0
BRDA:91,8,1,0
BRDA:94,9,0,0
BRDA:94,9,1,0
BRDA:95,10,0,0
BRDA:95,10,1,0
BRDA:110,11,0,0
BRDA:110,11,1,0
BRDA:120,12,0,0
BRDA:120,12,1,0
BRDA:18,13,0,0
BRDA:18,13,1,0
BRDA:18,14,0,0
BRDA:18,14,1,0
BRDA:18,15,0,0
BRDA:18,15,1,0
BRDA:18,16,0,0
BRDA:18,16,1,0
BRDA:19,17,0,0
BRDA:19,17,1,0
BRDA:19,18,0,0
BRDA:19,18,1,0
BRF:39
BRH:0
end_of_record
TN:
SF:src/receita-federal/receita-federal.module.ts
FNF:0
FNH:0
DA:1,1
DA:2,1
DA:3,1
DA:4,1
DA:18,1
LF:5
LH:5
BRF:0
BRH:0
end_of_record
TN:
SF:src/receita-federal/receita-federal.schema.ts
FNF:0
FNH:0
DA:1,2
DA:7,2
DA:9,2
DA:12,2
DA:15,2
DA:18,2
DA:21,2
DA:24,2
DA:27,2
DA:30,2
DA:33,2
DA:36,2
DA:39,2
DA:42,2
DA:45,2
DA:48,2
DA:51,2
DA:54,2
DA:57,2
DA:61,2
DA:62,2
LF:21
LH:21
BRF:0
BRH:0
end_of_record
TN:
SF:src/receita-federal/receita-federal.service.ts
FN:18,(anonymous_13)
FN:23,(anonymous_14)
FNF:2
FNH:2
FNDA:3,(anonymous_13)
FNDA:1,(anonymous_14)
DA:1,2
DA:2,2
DA:3,2
DA:4,2
DA:8,2
DA:9,2
DA:10,2
DA:11,2
DA:12,2
DA:15,2
DA:16,3
DA:20,3
DA:24,1
DA:25,1
DA:26,1
DA:29,1
DA:33,1
DA:39,1
DA:41,1
DA:42,1
DA:44,10
DA:54,1
DA:55,1
DA:58,1
DA:59,1
DA:64,1
DA:65,1
DA:67,10
DA:73,1
LF:29
LH:29
BRDA:20,0,0,2
BRDA:20,0,1,0
BRDA:20,1,0,2
BRDA:20,1,1,2
BRF:4
BRH:3
end_of_record
TN:
SF:src/receita-federal/utils/retry-with-backoff.ts
FN:8,retryWithBackoff
FN:48,(anonymous_1)
FNF:2
FNH:2
FNDA:5,retryWithBackoff
FNDA:4,(anonymous_1)
DA:8,3
DA:17,5
DA:21,5
DA:22,9
DA:23,9
DA:25,6
DA:27,6
DA:29,6
DA:38,6
DA:39,2
DA:42,4
DA:47,4
DA:48,4
LF:13
LH:13
BRDA:10,0,0,0
BRDA:13,1,0,0
BRDA:14,2,0,1
BRDA:15,3,0,5
BRDA:29,4,0,6
BRDA:29,4,1,5
BRDA:29,4,2,5
BRDA:29,4,3,4
BRDA:29,4,4,4
BRDA:29,4,5,4
BRDA:29,4,6,0
BRDA:29,4,7,0
BRDA:38,5,0,2
BRDA:38,5,1,4
BRDA:38,6,0,6
BRDA:38,6,1,5
BRF:16
BRH:12
end_of_record
TN:
SF:src/sefaz-ce/sefaz-ce-scraper.service.ts
FN:12,(anonymous_2)
FN:33,(anonymous_3)
FN:60,(anonymous_4)
FNF:3
FNH:0
FNDA:0,(anonymous_2)
FNDA:0,(anonymous_3)
FNDA:0,(anonymous_4)
DA:1,0
DA:2,0
DA:5,0
DA:6,0
DA:13,0
DA:14,0
DA:15,0
DA:16,0
DA:17,0
DA:18,0
DA:19,0
DA:22,0
DA:23,0
DA:24,0
DA:26,0
DA:34,0
DA:39,0
DA:41,0
DA:43,0
DA:56,0
DA:59,0
DA:60,0
DA:61,0
DA:62,0
DA:64,0
DA:69,0
DA:76,0
DA:77,0
DA:78,0
DA:81,0
DA:82,0
DA:86,0
DA:91,0
DA:115,0
DA:116,0
DA:117,0
DA:119,0
DA:120,0
DA:124,0
DA:128,0
DA:130,0
DA:131,0
LF:42
LH:0
BRDA:13,0,0,0
BRDA:13,0,1,0
BRDA:16,1,0,0
BRDA:16,1,1,0
BRDA:22,2,0,0
BRDA:22,2,1,0
BRDA:22,3,0,0
BRDA:22,3,1,0
BRDA:39,4,0,0
BRDA:39,4,1,0
BRDA:61,5,0,0
BRDA:61,5,1,0
BRDA:119,6,0,0
BRDA:119,6,1,0
BRDA:119,7,0,0
BRDA:119,7,1,0
BRDA:130,8,0,0
BRDA:130,8,1,0
BRF:18
BRH:0
end_of_record
TN:
SF:src/sefaz-ce/sefaz-ce.module.ts
FNF:0
FNH:0
DA:1,0
DA:2,0
DA:8,0
LF:3
LH:0
BRF:0
BRH:0
end_of_record
